<?xml version="1.0" encoding="utf-8"?>
<test-run id="2" testcasecount="10" result="Passed" total="10" passed="10" failed="0" inconclusive="0" skipped="0" asserts="0" engine-version="3.5.0.0" clr-version="4.0.30319.42000" start-time="2026-09-20 10:17:40Z" end-time="2026-09-20 10:17:40Z" duration="0.0936017">
  <test-suite type="TestSuite" id="1492" name="Valet Parking 3D" fullname="Valet Parking 3D" runstate="Runnable" testcasecount="407" result="Passed" start-time="2026-09-20 10:17:40Z" end-time="2026-09-20 10:17:40Z" duration="0.093602" total="10" passed="10" failed="0" inconclusive="0" skipped="0" asserts="0">
    <properties />
    <test-suite type="Assembly" id="1980" name="Tidebound.Tests.EditMode.dll" fullname="/private/tmp/TideboundLaneEntryVerification/Library/ScriptAssemblies/Tidebound.Tests.EditMode.dll" runstate="Runnable" testcasecount="407" result="Passed" start-time="2026-09-20 10:17:40Z" end-time="2026-09-20 10:17:40Z" duration="0.082390" total="10" passed="10" failed="0" inconclusive="0" skipped="0" asserts="0">
      <properties>
        <property name="_PID" value="13332" />
        <property name="_APPDOMAIN" value="Unity Child Domain" />
        <property name="platform" value="EditMode" />
      </properties>
      <test-suite type="TestSuite" id="1981" name="Tidebound" fullname="Tidebound" runstate="Runnable" testcasecount="407" result="Passed" start-time="2026-09-20 10:17:40Z" end-time="2026-09-20 10:17:40Z" duration="0.078296" total="10" passed="10" failed="0" inconclusive="0" skipped="0" asserts="0">
        <properties />
        <test-suite type="TestSuite" id="1982" name="Tests" fullname="Tidebound.Tests" runstate="Runnable" testcasecount="407" result="Passed" start-time="2026-09-20 10:17:40Z" end-time="2026-09-20 10:17:40Z" duration="0.074346" total="10" passed="10" failed="0" inconclusive="0" skipped="0" asserts="0">
          <properties />
          <test-suite type="TestFixture" id="1968" name="VictoryResultTests" fullname="Tidebound.Tests.VictoryResultTests" classname="Tidebound.Tests.VictoryResultTests" runstate="Runnable" testcasecount="10" result="Passed" start-time="2026-09-20 10:17:40Z" end-time="2026-09-20 10:17:40Z" duration="0.069044" total="10" passed="10" failed="0" inconclusive="0" skipped="0" asserts="0">
            <properties />
            <test-suite type="ParameterizedMethod" id="1977" name="ChapterTrackUsesInstalledContentAndActualCompletedLevel" fullname="Tidebound.Tests.VictoryResultTests.ChapterTrackUsesInstalledContentAndActualCompletedLevel" classname="Tidebound.Tests.VictoryResultTests" runstate="Runnable" testcasecount="7" result="Passed" start-time="2026-09-20 10:17:40Z" end-time="2026-09-20 10:17:40Z" duration="0.060972" total="7" passed="7" failed="0" inconclusive="0" skipped="0" asserts="0">
              <properties />
              <test-case id="1970" name="ChapterTrackUsesInstalledContentAndActualCompletedLevel(1,10,1,1,10,True)" fullname="Tidebound.Tests.VictoryResultTests.ChapterTrackUsesInstalledContentAndActualCompletedLevel(1,10,1,1,10,True)" methodname="ChapterTrackUsesInstalledContentAndActualCompletedLevel" classname="Tidebound.Tests.VictoryResultTests" runstate="Runnable" seed="640258295" result="Passed" start-time="2026-09-20 10:17:40Z" end-time="2026-09-20 10:17:40Z" duration="0.043930" asserts="0">
                <properties />
              </test-case>
              <test-case id="1971" name="ChapterTrackUsesInstalledContentAndActualCompletedLevel(9,10,1,9,10,True)" fullname="Tidebound.Tests.VictoryResultTests.ChapterTrackUsesInstalledContentAndActualCompletedLevel(9,10,1,9,10,True)" methodname="ChapterTrackUsesInstalledContentAndActualCompletedLevel" classname="Tidebound.Tests.VictoryResultTests" runstate="Runnable" seed="1658770706" result="Passed" start-time="2026-09-20 10:17:40Z" end-time="2026-09-20 10:17:40Z" duration="0.002633" asserts="0">
                <properties />
              </test-case>
              <test-case id="1972" name="ChapterTrackUsesInstalledContentAndActualCompletedLevel(10,10,1,10,10,False)" fullname="Tidebound.Tests.VictoryResultTests.ChapterTrackUsesInstalledContentAndActualCompletedLevel(10,10,1,10,10,False)" methodname="ChapterTrackUsesInstalledContentAndActualCompletedLevel" classname="Tidebound.Tests.VictoryResultTests" runstate="Runnable" seed="1423914819" result="Passed" start-time="2026-09-20 10:17:40Z" end-time="2026-09-20 10:17:40Z" duration="0.002064" asserts="0">
                <properties />
              </test-case>
              <test-case id="1973" name="ChapterTrackUsesInstalledContentAndActualCompletedLevel(10,20,1,10,10,True)" fullname="Tidebound.Tests.VictoryResultTests.ChapterTrackUsesInstalledContentAndActualCompletedLevel(10,20,1,10,10,True)" methodname="ChapterTrackUsesInstalledContentAndActualCompletedLevel" classname="Tidebound.Tests.VictoryResultTests" runstate="Runnable" seed="275324075" result="Passed" start-time="2026-09-20 10:17:40Z" end-time="2026-09-20 10:17:40Z" duration="0.001993" asserts="0">
                <properties />
              </test-case>
              <test-case id="1974" name="ChapterTrackUsesInstalledContentAndActualCompletedLevel(11,12,2,1,2,True)" fullname="Tidebound.Tests.VictoryResultTests.ChapterTrackUsesInstalledContentAndActualCompletedLevel(11,12,2,1,2,True)" methodname="ChapterTrackUsesInstalledContentAndActualCompletedLevel" classname="Tidebound.Tests.VictoryResultTests" runstate="Runnable" seed="973406912" result="Passed" start-time="2026-09-20 10:17:40Z" end-time="2026-09-20 10:17:40Z" duration="0.002308" asserts="0">
                <properties />
              </test-case>
              <test-case id="1975" name="ChapterTrackUsesInstalledContentAndActualCompletedLevel(12,12,2,2,2,False)" fullname="Tidebound.Tests.VictoryResultTests.ChapterTrackUsesInstalledContentAndActualCompletedLevel(12,12,2,2,2,False)" methodname="ChapterTrackUsesInstalledContentAndActualCompletedLevel" classname="Tidebound.Tests.VictoryResultTests" runstate="Runnable" seed="289646515" result="Passed" start-time="2026-09-20 10:17:40Z" end-time="2026-09-20 10:17:40Z" duration="0.002612" asserts="0">
                <properties />
              </test-case>
              <test-case id="1976" name="ChapterTrackUsesInstalledContentAndActualCompletedLevel(10,500,1,10,10,True)" fullname="Tidebound.Tests.VictoryResultTests.ChapterTrackUsesInstalledContentAndActualCompletedLevel(10,500,1,10,10,True)" methodname="ChapterTrackUsesInstalledContentAndActualCompletedLevel" classname="Tidebound.Tests.VictoryResultTests" runstate="Runnable" seed="638852765" result="Passed" start-time="2026-09-20 10:17:40Z" end-time="2026-09-20 10:17:40Z" duration="0.002056" asserts="0">
                <properties />
              </test-case>
            </test-suite>
            <test-case id="1978" name="CollectionCheckpointIsMetadataAndDoesNotGrantOrCreateAnything" fullname="Tidebound.Tests.VictoryResultTests.CollectionCheckpointIsMetadataAndDoesNotGrantOrCreateAnything" methodname="CollectionCheckpointIsMetadataAndDoesNotGrantOrCreateAnything" classname="Tidebound.Tests.VictoryResultTests" runstate="Runnable" seed="1762353341" result="Passed" start-time="2026-09-20 10:17:40Z" end-time="2026-09-20 10:17:40Z" duration="0.000738" asserts="0">
              <properties />
            </test-case>
            <test-case id="1979" name="InvalidPublishedRangeAndUninstalledResultAreRejected" fullname="Tidebound.Tests.VictoryResultTests.InvalidPublishedRangeAndUninstalledResultAreRejected" methodname="InvalidPublishedRangeAndUninstalledResultAreRejected" classname="Tidebound.Tests.VictoryResultTests" runstate="Runnable" seed="298686273" result="Passed" start-time="2026-09-20 10:17:40Z" end-time="2026-09-20 10:17:40Z" duration="0.001728" asserts="0">
              <properties />
            </test-case>
            <test-case id="1969" name="OnlyDurableVictoryReceiptCanCreateRewardDisplay" fullname="Tidebound.Tests.VictoryResultTests.OnlyDurableVictoryReceiptCanCreateRewardDisplay" methodname="OnlyDurableVictoryReceiptCanCreateRewardDisplay" classname="Tidebound.Tests.VictoryResultTests" runstate="Runnable" seed="526368540" result="Passed" start-time="2026-09-20 10:17:40Z" end-time="2026-09-20 10:17:40Z" duration="0.000876" asserts="0">
              <properties />
            </test-case>
          </test-suite>
        </test-suite>
      </test-suite>
    </test-suite>
  </test-suite>
</test-run>