<?xml version="1.0" encoding="utf-8"?>
<test-run id="2" testcasecount="119" result="Passed" total="119" passed="119" failed="0" inconclusive="0" skipped="0" asserts="0" engine-version="3.5.0.0" clr-version="4.0.30319.42000" start-time="2026-09-18 17:27:41Z" end-time="2026-09-18 17:27:41Z" duration="0.3002917">
  <test-suite type="TestSuite" id="1148" name="Valet Parking 3D" fullname="Valet Parking 3D" runstate="Runnable" testcasecount="119" result="Passed" start-time="2026-09-18 17:27:41Z" end-time="2026-09-18 17:27:41Z" duration="0.300292" total="119" passed="119" failed="0" inconclusive="0" skipped="0" asserts="0">
    <properties />
    <test-suite type="Assembly" id="1289" name="Tidebound.Tests.EditMode.dll" fullname="/Users/flyn_n/Documents/Tidebound Fleet（潮汐舰队）/10_开发工作区/TideboundFleet_Unity/Library/ScriptAssemblies/Tidebound.Tests.EditMode.dll" runstate="Runnable" testcasecount="119" result="Passed" start-time="2026-09-18 17:27:41Z" end-time="2026-09-18 17:27:41Z" duration="0.286832" total="119" passed="119" failed="0" inconclusive="0" skipped="0" asserts="0">
      <properties>
        <property name="_PID" value="59774" />
        <property name="_APPDOMAIN" value="Unity Child Domain" />
        <property name="platform" value="EditMode" />
      </properties>
      <test-suite type="TestSuite" id="1290" name="Tidebound" fullname="Tidebound" runstate="Runnable" testcasecount="119" result="Passed" start-time="2026-09-18 17:27:41Z" end-time="2026-09-18 17:27:41Z" duration="0.286581" total="119" passed="119" failed="0" inconclusive="0" skipped="0" asserts="0">
        <properties />
        <test-suite type="TestSuite" id="1291" name="Tests" fullname="Tidebound.Tests" runstate="Runnable" testcasecount="119" result="Passed" start-time="2026-09-18 17:27:41Z" end-time="2026-09-18 17:27:41Z" duration="0.286404" total="119" passed="119" failed="0" inconclusive="0" skipped="0" asserts="0">
          <properties />
          <test-suite type="TestFixture" id="1149" name="AssemblyBoundaryTests" fullname="Tidebound.Tests.AssemblyBoundaryTests" classname="Tidebound.Tests.AssemblyBoundaryTests" runstate="Runnable" testcasecount="2" result="Passed" start-time="2026-09-18 17:27:41Z" end-time="2026-09-18 17:27:41Z" duration="0.051857" total="2" passed="2" failed="0" inconclusive="0" skipped="0" asserts="0">
            <properties />
            <test-case id="1150" name="LogicAssembliesCannotReferenceUnityOrLegacyGameplay" fullname="Tidebound.Tests.AssemblyBoundaryTests.LogicAssembliesCannotReferenceUnityOrLegacyGameplay" methodname="LogicAssembliesCannotReferenceUnityOrLegacyGameplay" classname="Tidebound.Tests.AssemblyBoundaryTests" runstate="Runnable" seed="1311111004" result="Passed" start-time="2026-09-18 17:27:41Z" end-time="2026-09-18 17:27:41Z" duration="0.004252" asserts="0">
              <properties />
            </test-case>
            <test-case id="1151" name="TideboundRuntimeDependenciesExcludeLegacyAndEditorAssemblies" fullname="Tidebound.Tests.AssemblyBoundaryTests.TideboundRuntimeDependenciesExcludeLegacyAndEditorAssemblies" methodname="TideboundRuntimeDependenciesExcludeLegacyAndEditorAssemblies" classname="Tidebound.Tests.AssemblyBoundaryTests" runstate="Runnable" seed="629991430" result="Passed" start-time="2026-09-18 17:27:41Z" end-time="2026-09-18 17:27:41Z" duration="0.040150" asserts="0">
              <properties />
            </test-case>
          </test-suite>
          <test-suite type="TestFixture" id="1152" name="BoardQueryTests" fullname="Tidebound.Tests.BoardQueryTests" classname="Tidebound.Tests.BoardQueryTests" runstate="Runnable" testcasecount="14" result="Passed" start-time="2026-09-18 17:27:41Z" end-time="2026-09-18 17:27:41Z" duration="0.027742" total="14" passed="14" failed="0" inconclusive="0" skipped="0" asserts="0">
            <properties />
            <test-case id="1155" name="BlockAfterGapStopsAtTheLastLegalTailPosition" fullname="Tidebound.Tests.BoardQueryTests.BlockAfterGapStopsAtTheLastLegalTailPosition" methodname="BlockAfterGapStopsAtTheLastLegalTailPosition" classname="Tidebound.Tests.BoardQueryTests" runstate="Runnable" seed="1950558164" result="Passed" start-time="2026-09-18 17:27:41Z" end-time="2026-09-18 17:27:41Z" duration="0.009862" asserts="0">
              <properties />
            </test-case>
            <test-case id="1156" name="BlockedTransactionMovesOccupancyAtomicallyAndPreservesTheSourceBoard" fullname="Tidebound.Tests.BoardQueryTests.BlockedTransactionMovesOccupancyAtomicallyAndPreservesTheSourceBoard" methodname="BlockedTransactionMovesOccupancyAtomicallyAndPreservesTheSourceBoard" classname="Tidebound.Tests.BoardQueryTests" runstate="Runnable" seed="1011820113" result="Passed" start-time="2026-09-18 17:27:41Z" end-time="2026-09-18 17:27:41Z" duration="0.002462" asserts="0">
              <properties />
            </test-case>
            <test-case id="1153" name="BoardIndexesCompleteFootprintsAndExposesCopiedShipSnapshots" fullname="Tidebound.Tests.BoardQueryTests.BoardIndexesCompleteFootprintsAndExposesCopiedShipSnapshots" methodname="BoardIndexesCompleteFootprintsAndExposesCopiedShipSnapshots" classname="Tidebound.Tests.BoardQueryTests" runstate="Runnable" seed="1711246820" result="Passed" start-time="2026-09-18 17:27:41Z" end-time="2026-09-18 17:27:41Z" duration="0.001074" asserts="0">
              <properties />
            </test-case>
            <test-case id="1166" name="BoardQueriesStayConsistentWhenRuntimeObjectsAreEditedDirectly" fullname="Tidebound.Tests.BoardQueryTests.BoardQueriesStayConsistentWhenRuntimeObjectsAreEditedDirectly" methodname="BoardQueriesStayConsistentWhenRuntimeObjectsAreEditedDirectly" classname="Tidebound.Tests.BoardQueryTests" runstate="Runnable" seed="1281025717" result="Passed" start-time="2026-09-18 17:27:41Z" end-time="2026-09-18 17:27:41Z" duration="0.000328" asserts="0">
              <properties />
            </test-case>
            <test-suite type="ParameterizedMethod" id="1163" name="ClearPathInEveryDirectionTargetsACompletelyExitedTail" fullname="Tidebound.Tests.BoardQueryTests.ClearPathInEveryDirectionTargetsACompletelyExitedTail" classname="Tidebound.Tests.BoardQueryTests" runstate="Runnable" testcasecount="4" result="Passed" start-time="2026-09-18 17:27:41Z" end-time="2026-09-18 17:27:41Z" duration="0.001234" total="4" passed="4" failed="0" inconclusive="0" skipped="0" asserts="0">
              <properties />
              <test-case id="1159" name="ClearPathInEveryDirectionTargetsACompletelyExitedTail(Up,2,1,2,6)" fullname="Tidebound.Tests.BoardQueryTests.ClearPathInEveryDirectionTargetsACompletelyExitedTail(Up,2,1,2,6)" methodname="ClearPathInEveryDirectionTargetsACompletelyExitedTail" classname="Tidebound.Tests.BoardQueryTests" runstate="Runnable" seed="1990540415" result="Passed" start-time="2026-09-18 17:27:41Z" end-time="2026-09-18 17:27:41Z" duration="0.000406" asserts="0">
                <properties />
              </test-case>
              <test-case id="1160" name="ClearPathInEveryDirectionTargetsACompletelyExitedTail(Down,2,4,2,-1)" fullname="Tidebound.Tests.BoardQueryTests.ClearPathInEveryDirectionTargetsACompletelyExitedTail(Down,2,4,2,-1)" methodname="ClearPathInEveryDirectionTargetsACompletelyExitedTail" classname="Tidebound.Tests.BoardQueryTests" runstate="Runnable" seed="1511778006" result="Passed" start-time="2026-09-18 17:27:41Z" end-time="2026-09-18 17:27:41Z" duration="0.000070" asserts="0">
                <properties />
              </test-case>
              <test-case id="1161" name="ClearPathInEveryDirectionTargetsACompletelyExitedTail(Left,4,2,-1,2)" fullname="Tidebound.Tests.BoardQueryTests.ClearPathInEveryDirectionTargetsACompletelyExitedTail(Left,4,2,-1,2)" methodname="ClearPathInEveryDirectionTargetsACompletelyExitedTail" classname="Tidebound.Tests.BoardQueryTests" runstate="Runnable" seed="1796680546" result="Passed" start-time="2026-09-18 17:27:41Z" end-time="2026-09-18 17:27:41Z" duration="0.000064" asserts="0">
                <properties />
              </test-case>
              <test-case id="1162" name="ClearPathInEveryDirectionTargetsACompletelyExitedTail(Right,1,2,6,2)" fullname="Tidebound.Tests.BoardQueryTests.ClearPathInEveryDirectionTargetsACompletelyExitedTail(Right,1,2,6,2)" methodname="ClearPathInEveryDirectionTargetsACompletelyExitedTail" classname="Tidebound.Tests.BoardQueryTests" runstate="Runnable" seed="1839687994" result="Passed" start-time="2026-09-18 17:27:41Z" end-time="2026-09-18 17:27:41Z" duration="0.000071" asserts="0">
                <properties />
              </test-case>
            </test-suite>
            <test-case id="1158" name="ExitTransactionRemovesOnlyTheDepartingShip" fullname="Tidebound.Tests.BoardQueryTests.ExitTransactionRemovesOnlyTheDepartingShip" methodname="ExitTransactionRemovesOnlyTheDepartingShip" classname="Tidebound.Tests.BoardQueryTests" runstate="Runnable" seed="1482233550" result="Passed" start-time="2026-09-18 17:27:41Z" end-time="2026-09-18 17:27:41Z" duration="0.000271" asserts="0">
              <properties />
            </test-case>
            <test-case id="1154" name="ImmediateBlockReturnsZeroTravelAndKeepsTheOriginTail" fullname="Tidebound.Tests.BoardQueryTests.ImmediateBlockReturnsZeroTravelAndKeepsTheOriginTail" methodname="ImmediateBlockReturnsZeroTravelAndKeepsTheOriginTail" classname="Tidebound.Tests.BoardQueryTests" runstate="Runnable" seed="1943439069" result="Passed" start-time="2026-09-18 17:27:41Z" end-time="2026-09-18 17:27:41Z" duration="0.000314" asserts="0">
              <properties />
            </test-case>
            <test-case id="1164" name="TestLevelQueriesMatchTheAuthoredOpeningBlockers" fullname="Tidebound.Tests.BoardQueryTests.TestLevelQueriesMatchTheAuthoredOpeningBlockers" methodname="TestLevelQueriesMatchTheAuthoredOpeningBlockers" classname="Tidebound.Tests.BoardQueryTests" runstate="Runnable" seed="844296693" result="Passed" start-time="2026-09-18 17:27:41Z" end-time="2026-09-18 17:27:41Z" duration="0.008781" asserts="0">
              <properties />
            </test-case>
            <test-case id="1165" name="TestLevelReferenceSequenceClearsTheImmutableBoardWithoutEditingTheSession" fullname="Tidebound.Tests.BoardQueryTests.TestLevelReferenceSequenceClearsTheImmutableBoardWithoutEditingTheSession" methodname="TestLevelReferenceSequenceClearsTheImmutableBoardWithoutEditingTheSession" classname="Tidebound.Tests.BoardQueryTests" runstate="Runnable" seed="1913384888" result="Passed" start-time="2026-09-18 17:27:41Z" end-time="2026-09-18 17:27:41Z" duration="0.000827" asserts="0">
              <properties />
            </test-case>
            <test-case id="1167" name="UnknownOrEmptyShipIdsFailWithoutChangingTheBoard" fullname="Tidebound.Tests.BoardQueryTests.UnknownOrEmptyShipIdsFailWithoutChangingTheBoard" methodname="UnknownOrEmptyShipIdsFailWithoutChangingTheBoard" classname="Tidebound.Tests.BoardQueryTests" runstate="Runnable" seed="605193969" result="Passed" start-time="2026-09-18 17:27:41Z" end-time="2026-09-18 17:27:41Z" duration="0.000355" asserts="0">
              <properties />
            </test-case>
            <test-case id="1157" name="ZeroDistanceTransactionKeepsEveryOccupiedCell" fullname="Tidebound.Tests.BoardQueryTests.ZeroDistanceTransactionKeepsEveryOccupiedCell" methodname="ZeroDistanceTransactionKeepsEveryOccupiedCell" classname="Tidebound.Tests.BoardQueryTests" runstate="Runnable" seed="825411773" result="Passed" start-time="2026-09-18 17:27:41Z" end-time="2026-09-18 17:27:41Z" duration="0.000354" asserts="0">
              <properties />
            </test-case>
          </test-suite>
          <test-suite type="TestFixture" id="1168" name="BoardValidationTests" fullname="Tidebound.Tests.BoardValidationTests" classname="Tidebound.Tests.BoardValidationTests" runstate="Runnable" testcasecount="26" result="Passed" start-time="2026-09-18 17:27:41Z" end-time="2026-09-18 17:27:41Z" duration="0.018913" total="26" passed="26" failed="0" inconclusive="0" skipped="0" asserts="0">
            <properties />
            <test-case id="1194" name="CatalogMustContainExactlyOneFixedDamageBaseShip" fullname="Tidebound.Tests.BoardValidationTests.CatalogMustContainExactlyOneFixedDamageBaseShip" methodname="CatalogMustContainExactlyOneFixedDamageBaseShip" classname="Tidebound.Tests.BoardValidationTests" runstate="Runnable" seed="1657144448" result="Passed" start-time="2026-09-18 17:27:41Z" end-time="2026-09-18 17:27:41Z" duration="0.001848" asserts="0">
              <properties />
            </test-case>
            <test-case id="1195" name="InstanceLengthsTwoAndThreeShareOneLogicAndFixedDamage" fullname="Tidebound.Tests.BoardValidationTests.InstanceLengthsTwoAndThreeShareOneLogicAndFixedDamage" methodname="InstanceLengthsTwoAndThreeShareOneLogicAndFixedDamage" classname="Tidebound.Tests.BoardValidationTests" runstate="Runnable" seed="1500497162" result="Passed" start-time="2026-09-18 17:27:41Z" end-time="2026-09-18 17:27:41Z" duration="0.000493" asserts="0">
              <properties />
            </test-case>
            <test-suite type="ParameterizedMethod" id="1193" name="InvalidLayoutsReturnSpecificDiagnosticsAndCannotStartSession" fullname="Tidebound.Tests.BoardValidationTests.InvalidLayoutsReturnSpecificDiagnosticsAndCannotStartSession" classname="Tidebound.Tests.BoardValidationTests" runstate="Runnable" testcasecount="19" result="Passed" start-time="2026-09-18 17:27:41Z" end-time="2026-09-18 17:27:41Z" duration="0.008640" total="19" passed="19" failed="0" inconclusive="0" skipped="0" asserts="0">
              <properties />
              <test-case id="1174" name="InvalidLayoutsReturnSpecificDiagnosticsAndCannotStartSession(&quot;null&quot;,&quot;LEVEL_NULL&quot;)" fullname="Tidebound.Tests.BoardValidationTests.InvalidLayoutsReturnSpecificDiagnosticsAndCannotStartSession(&quot;null&quot;,&quot;LEVEL_NULL&quot;)" methodname="InvalidLayoutsReturnSpecificDiagnosticsAndCannotStartSession" classname="Tidebound.Tests.BoardValidationTests" runstate="Runnable" seed="104930990" result="Passed" start-time="2026-09-18 17:27:41Z" end-time="2026-09-18 17:27:41Z" duration="0.001611" asserts="0">
                <properties />
              </test-case>
              <test-case id="1175" name="InvalidLayoutsReturnSpecificDiagnosticsAndCannotStartSession(&quot;schema&quot;,&quot;SCHEMA_UNSUPPORTED&quot;)" fullname="Tidebound.Tests.BoardValidationTests.InvalidLayoutsReturnSpecificDiagnosticsAndCannotStartSession(&quot;schema&quot;,&quot;SCHEMA_UNSUPPORTED&quot;)" methodname="InvalidLayoutsReturnSpecificDiagnosticsAndCannotStartSession" classname="Tidebound.Tests.BoardValidationTests" runstate="Runnable" seed="1383223449" result="Passed" start-time="2026-09-18 17:27:41Z" end-time="2026-09-18 17:27:41Z" duration="0.000350" asserts="0">
                <properties />
              </test-case>
              <test-case id="1176" name="InvalidLayoutsReturnSpecificDiagnosticsAndCannotStartSession(&quot;levelId&quot;,&quot;ID_INVALID&quot;)" fullname="Tidebound.Tests.BoardValidationTests.InvalidLayoutsReturnSpecificDiagnosticsAndCannotStartSession(&quot;levelId&quot;,&quot;ID_INVALID&quot;)" methodname="InvalidLayoutsReturnSpecificDiagnosticsAndCannotStartSession" classname="Tidebound.Tests.BoardValidationTests" runstate="Runnable" seed="2062416654" result="Passed" start-time="2026-09-18 17:27:41Z" end-time="2026-09-18 17:27:41Z" duration="0.000316" asserts="0">
                <properties />
              </test-case>
              <test-case id="1177" name="InvalidLayoutsReturnSpecificDiagnosticsAndCannotStartSession(&quot;widthZero&quot;,&quot;BOARD_SIZE_INVALID&quot;)" fullname="Tidebound.Tests.BoardValidationTests.InvalidLayoutsReturnSpecificDiagnosticsAndCannotStartSession(&quot;widthZero&quot;,&quot;BOARD_SIZE_INVALID&quot;)" methodname="InvalidLayoutsReturnSpecificDiagnosticsAndCannotStartSession" classname="Tidebound.Tests.BoardValidationTests" runstate="Runnable" seed="1640337710" result="Passed" start-time="2026-09-18 17:27:41Z" end-time="2026-09-18 17:27:41Z" duration="0.000307" asserts="0">
                <properties />
              </test-case>
              <test-case id="1178" name="InvalidLayoutsReturnSpecificDiagnosticsAndCannotStartSession(&quot;widthLarge&quot;,&quot;BOARD_SIZE_INVALID&quot;)" fullname="Tidebound.Tests.BoardValidationTests.InvalidLayoutsReturnSpecificDiagnosticsAndCannotStartSession(&quot;widthLarge&quot;,&quot;BOARD_SIZE_INVALID&quot;)" methodname="InvalidLayoutsReturnSpecificDiagnosticsAndCannotStartSession" classname="Tidebound.Tests.BoardValidationTests" runstate="Runnable" seed="1037059752" result="Passed" start-time="2026-09-18 17:27:41Z" end-time="2026-09-18 17:27:41Z" duration="0.000286" asserts="0">
                <properties />
              </test-case>
              <test-case id="1179" name="InvalidLayoutsReturnSpecificDiagnosticsAndCannotStartSession(&quot;heightLarge&quot;,&quot;BOARD_SIZE_INVALID&quot;)" fullname="Tidebound.Tests.BoardValidationTests.InvalidLayoutsReturnSpecificDiagnosticsAndCannotStartSession(&quot;heightLarge&quot;,&quot;BOARD_SIZE_INVALID&quot;)" methodname="InvalidLayoutsReturnSpecificDiagnosticsAndCannotStartSession" classname="Tidebound.Tests.BoardValidationTests" runstate="Runnable" seed="1993458477" result="Passed" start-time="2026-09-18 17:27:41Z" end-time="2026-09-18 17:27:41Z" duration="0.000358" asserts="0">
                <properties />
              </test-case>
              <test-case id="1180" name="InvalidLayoutsReturnSpecificDiagnosticsAndCannotStartSession(&quot;boss&quot;,&quot;BOSS_UNKNOWN&quot;)" fullname="Tidebound.Tests.BoardValidationTests.InvalidLayoutsReturnSpecificDiagnosticsAndCannotStartSession(&quot;boss&quot;,&quot;BOSS_UNKNOWN&quot;)" methodname="InvalidLayoutsReturnSpecificDiagnosticsAndCannotStartSession" classname="Tidebound.Tests.BoardValidationTests" runstate="Runnable" seed="570870194" result="Passed" start-time="2026-09-18 17:27:41Z" end-time="2026-09-18 17:27:41Z" duration="0.000347" asserts="0">
                <properties />
              </test-case>
              <test-case id="1181" name="InvalidLayoutsReturnSpecificDiagnosticsAndCannotStartSession(&quot;empty&quot;,&quot;SHIPS_EMPTY&quot;)" fullname="Tidebound.Tests.BoardValidationTests.InvalidLayoutsReturnSpecificDiagnosticsAndCannotStartSession(&quot;empty&quot;,&quot;SHIPS_EMPTY&quot;)" methodname="InvalidLayoutsReturnSpecificDiagnosticsAndCannotStartSession" classname="Tidebound.Tests.BoardValidationTests" runstate="Runnable" seed="1121896021" result="Passed" start-time="2026-09-18 17:27:41Z" end-time="2026-09-18 17:27:41Z" duration="0.000274" asserts="0">
                <properties />
              </test-case>
              <test-case id="1182" name="InvalidLayoutsReturnSpecificDiagnosticsAndCannotStartSession(&quot;nullShips&quot;,&quot;SHIPS_EMPTY&quot;)" fullname="Tidebound.Tests.BoardValidationTests.InvalidLayoutsReturnSpecificDiagnosticsAndCannotStartSession(&quot;nullShips&quot;,&quot;SHIPS_EMPTY&quot;)" methodname="InvalidLayoutsReturnSpecificDiagnosticsAndCannotStartSession" classname="Tidebound.Tests.BoardValidationTests" runstate="Runnable" seed="2084106170" result="Passed" start-time="2026-09-18 17:27:41Z" end-time="2026-09-18 17:27:41Z" duration="0.000280" asserts="0">
                <properties />
              </test-case>
              <test-case id="1183" name="InvalidLayoutsReturnSpecificDiagnosticsAndCannotStartSession(&quot;nullShip&quot;,&quot;SHIP_NULL&quot;)" fullname="Tidebound.Tests.BoardValidationTests.InvalidLayoutsReturnSpecificDiagnosticsAndCannotStartSession(&quot;nullShip&quot;,&quot;SHIP_NULL&quot;)" methodname="InvalidLayoutsReturnSpecificDiagnosticsAndCannotStartSession" classname="Tidebound.Tests.BoardValidationTests" runstate="Runnable" seed="1388473000" result="Passed" start-time="2026-09-18 17:27:41Z" end-time="2026-09-18 17:27:41Z" duration="0.000294" asserts="0">
                <properties />
              </test-case>
              <test-case id="1184" name="InvalidLayoutsReturnSpecificDiagnosticsAndCannotStartSession(&quot;shipId&quot;,&quot;ID_INVALID&quot;)" fullname="Tidebound.Tests.BoardValidationTests.InvalidLayoutsReturnSpecificDiagnosticsAndCannotStartSession(&quot;shipId&quot;,&quot;ID_INVALID&quot;)" methodname="InvalidLayoutsReturnSpecificDiagnosticsAndCannotStartSession" classname="Tidebound.Tests.BoardValidationTests" runstate="Runnable" seed="1005459295" result="Passed" start-time="2026-09-18 17:27:41Z" end-time="2026-09-18 17:27:41Z" duration="0.000287" asserts="0">
                <properties />
              </test-case>
              <test-case id="1185" name="InvalidLayoutsReturnSpecificDiagnosticsAndCannotStartSession(&quot;duplicateId&quot;,&quot;SHIP_DUPLICATE&quot;)" fullname="Tidebound.Tests.BoardValidationTests.InvalidLayoutsReturnSpecificDiagnosticsAndCannotStartSession(&quot;duplicateId&quot;,&quot;SHIP_DUPLICATE&quot;)" methodname="InvalidLayoutsReturnSpecificDiagnosticsAndCannotStartSession" classname="Tidebound.Tests.BoardValidationTests" runstate="Runnable" seed="909734364" result="Passed" start-time="2026-09-18 17:27:41Z" end-time="2026-09-18 17:27:41Z" duration="0.000315" asserts="0">
                <properties />
              </test-case>
              <test-case id="1186" name="InvalidLayoutsReturnSpecificDiagnosticsAndCannotStartSession(&quot;type&quot;,&quot;TYPE_UNKNOWN&quot;)" fullname="Tidebound.Tests.BoardValidationTests.InvalidLayoutsReturnSpecificDiagnosticsAndCannotStartSession(&quot;type&quot;,&quot;TYPE_UNKNOWN&quot;)" methodname="InvalidLayoutsReturnSpecificDiagnosticsAndCannotStartSession" classname="Tidebound.Tests.BoardValidationTests" runstate="Runnable" seed="199046561" result="Passed" start-time="2026-09-18 17:27:41Z" end-time="2026-09-18 17:27:41Z" duration="0.000284" asserts="0">
                <properties />
              </test-case>
              <test-case id="1187" name="InvalidLayoutsReturnSpecificDiagnosticsAndCannotStartSession(&quot;length&quot;,&quot;LENGTH_INVALID&quot;)" fullname="Tidebound.Tests.BoardValidationTests.InvalidLayoutsReturnSpecificDiagnosticsAndCannotStartSession(&quot;length&quot;,&quot;LENGTH_INVALID&quot;)" methodname="InvalidLayoutsReturnSpecificDiagnosticsAndCannotStartSession" classname="Tidebound.Tests.BoardValidationTests" runstate="Runnable" seed="1929895217" result="Passed" start-time="2026-09-18 17:27:41Z" end-time="2026-09-18 17:27:41Z" duration="0.000275" asserts="0">
                <properties />
              </test-case>
              <test-case id="1188" name="InvalidLayoutsReturnSpecificDiagnosticsAndCannotStartSession(&quot;direction&quot;,&quot;DIRECTION_INVALID&quot;)" fullname="Tidebound.Tests.BoardValidationTests.InvalidLayoutsReturnSpecificDiagnosticsAndCannotStartSession(&quot;direction&quot;,&quot;DIRECTION_INVALID&quot;)" methodname="InvalidLayoutsReturnSpecificDiagnosticsAndCannotStartSession" classname="Tidebound.Tests.BoardValidationTests" runstate="Runnable" seed="574310761" result="Passed" start-time="2026-09-18 17:27:41Z" end-time="2026-09-18 17:27:41Z" duration="0.000279" asserts="0">
                <properties />
              </test-case>
              <test-case id="1189" name="InvalidLayoutsReturnSpecificDiagnosticsAndCannotStartSession(&quot;tailOutside&quot;,&quot;OUT_OF_BOUNDS&quot;)" fullname="Tidebound.Tests.BoardValidationTests.InvalidLayoutsReturnSpecificDiagnosticsAndCannotStartSession(&quot;tailOutside&quot;,&quot;OUT_OF_BOUNDS&quot;)" methodname="InvalidLayoutsReturnSpecificDiagnosticsAndCannotStartSession" classname="Tidebound.Tests.BoardValidationTests" runstate="Runnable" seed="1431154372" result="Passed" start-time="2026-09-18 17:27:41Z" end-time="2026-09-18 17:27:41Z" duration="0.000289" asserts="0">
                <properties />
              </test-case>
              <test-case id="1190" name="InvalidLayoutsReturnSpecificDiagnosticsAndCannotStartSession(&quot;headOutside&quot;,&quot;OUT_OF_BOUNDS&quot;)" fullname="Tidebound.Tests.BoardValidationTests.InvalidLayoutsReturnSpecificDiagnosticsAndCannotStartSession(&quot;headOutside&quot;,&quot;OUT_OF_BOUNDS&quot;)" methodname="InvalidLayoutsReturnSpecificDiagnosticsAndCannotStartSession" classname="Tidebound.Tests.BoardValidationTests" runstate="Runnable" seed="1950585173" result="Passed" start-time="2026-09-18 17:27:41Z" end-time="2026-09-18 17:27:41Z" duration="0.000278" asserts="0">
                <properties />
              </test-case>
              <test-case id="1191" name="InvalidLayoutsReturnSpecificDiagnosticsAndCannotStartSession(&quot;overflowCoordinate&quot;,&quot;OUT_OF_BOUNDS&quot;)" fullname="Tidebound.Tests.BoardValidationTests.InvalidLayoutsReturnSpecificDiagnosticsAndCannotStartSession(&quot;overflowCoordinate&quot;,&quot;OUT_OF_BOUNDS&quot;)" methodname="InvalidLayoutsReturnSpecificDiagnosticsAndCannotStartSession" classname="Tidebound.Tests.BoardValidationTests" runstate="Runnable" seed="514309460" result="Passed" start-time="2026-09-18 17:27:41Z" end-time="2026-09-18 17:27:41Z" duration="0.000282" asserts="0">
                <properties />
              </test-case>
              <test-case id="1192" name="InvalidLayoutsReturnSpecificDiagnosticsAndCannotStartSession(&quot;overlap&quot;,&quot;OVERLAP&quot;)" fullname="Tidebound.Tests.BoardValidationTests.InvalidLayoutsReturnSpecificDiagnosticsAndCannotStartSession(&quot;overlap&quot;,&quot;OVERLAP&quot;)" methodname="InvalidLayoutsReturnSpecificDiagnosticsAndCannotStartSession" classname="Tidebound.Tests.BoardValidationTests" runstate="Runnable" seed="1748829326" result="Passed" start-time="2026-09-18 17:27:41Z" end-time="2026-09-18 17:27:41Z" duration="0.000343" asserts="0">
                <properties />
              </test-case>
            </test-suite>
            <test-case id="1196" name="RuntimeValidatorUsesTechnicalSafetyLimitInsteadOfProductDensityRules" fullname="Tidebound.Tests.BoardValidationTests.RuntimeValidatorUsesTechnicalSafetyLimitInsteadOfProductDensityRules" methodname="RuntimeValidatorUsesTechnicalSafetyLimitInsteadOfProductDensityRules" classname="Tidebound.Tests.BoardValidationTests" runstate="Runnable" seed="1576885146" result="Passed" start-time="2026-09-18 17:27:41Z" end-time="2026-09-18 17:27:41Z" duration="0.005325" asserts="0">
              <properties />
            </test-case>
            <test-suite type="ParameterizedMethod" id="1173" name="TailAnchorCoversEveryCellInEachDirection" fullname="Tidebound.Tests.BoardValidationTests.TailAnchorCoversEveryCellInEachDirection" classname="Tidebound.Tests.BoardValidationTests" runstate="Runnable" testcasecount="4" result="Passed" start-time="2026-09-18 17:27:41Z" end-time="2026-09-18 17:27:41Z" duration="0.001639" total="4" passed="4" failed="0" inconclusive="0" skipped="0" asserts="0">
              <properties />
              <test-case id="1169" name="TailAnchorCoversEveryCellInEachDirection(Up,2,1,2,2,2,3)" fullname="Tidebound.Tests.BoardValidationTests.TailAnchorCoversEveryCellInEachDirection(Up,2,1,2,2,2,3)" methodname="TailAnchorCoversEveryCellInEachDirection" classname="Tidebound.Tests.BoardValidationTests" runstate="Runnable" seed="280495061" result="Passed" start-time="2026-09-18 17:27:41Z" end-time="2026-09-18 17:27:41Z" duration="0.000862" asserts="0">
                <properties />
              </test-case>
              <test-case id="1170" name="TailAnchorCoversEveryCellInEachDirection(Down,2,3,2,2,2,1)" fullname="Tidebound.Tests.BoardValidationTests.TailAnchorCoversEveryCellInEachDirection(Down,2,3,2,2,2,1)" methodname="TailAnchorCoversEveryCellInEachDirection" classname="Tidebound.Tests.BoardValidationTests" runstate="Runnable" seed="2117889345" result="Passed" start-time="2026-09-18 17:27:41Z" end-time="2026-09-18 17:27:41Z" duration="0.000064" asserts="0">
                <properties />
              </test-case>
              <test-case id="1171" name="TailAnchorCoversEveryCellInEachDirection(Left,3,2,2,2,1,2)" fullname="Tidebound.Tests.BoardValidationTests.TailAnchorCoversEveryCellInEachDirection(Left,3,2,2,2,1,2)" methodname="TailAnchorCoversEveryCellInEachDirection" classname="Tidebound.Tests.BoardValidationTests" runstate="Runnable" seed="1987352588" result="Passed" start-time="2026-09-18 17:27:41Z" end-time="2026-09-18 17:27:41Z" duration="0.000050" asserts="0">
                <properties />
              </test-case>
              <test-case id="1172" name="TailAnchorCoversEveryCellInEachDirection(Right,1,2,2,2,3,2)" fullname="Tidebound.Tests.BoardValidationTests.TailAnchorCoversEveryCellInEachDirection(Right,1,2,2,2,3,2)" methodname="TailAnchorCoversEveryCellInEachDirection" classname="Tidebound.Tests.BoardValidationTests" runstate="Runnable" seed="657130833" result="Passed" start-time="2026-09-18 17:27:41Z" end-time="2026-09-18 17:27:41Z" duration="0.000047" asserts="0">
                <properties />
              </test-case>
            </test-suite>
          </test-suite>
          <test-suite type="TestFixture" id="1197" name="DenseBoardInputAndLayoutTests" fullname="Tidebound.Tests.DenseBoardInputAndLayoutTests" classname="Tidebound.Tests.DenseBoardInputAndLayoutTests" runstate="Runnable" testcasecount="6" result="Passed" start-time="2026-09-18 17:27:41Z" end-time="2026-09-18 17:27:41Z" duration="0.005054" total="6" passed="6" failed="0" inconclusive="0" skipped="0" asserts="0">
            <properties />
            <test-case id="1203" name="GridSelectionUsesOccupiedCellsAndNeverSnapsEmptyWater" fullname="Tidebound.Tests.DenseBoardInputAndLayoutTests.GridSelectionUsesOccupiedCellsAndNeverSnapsEmptyWater" methodname="GridSelectionUsesOccupiedCellsAndNeverSnapsEmptyWater" classname="Tidebound.Tests.DenseBoardInputAndLayoutTests" runstate="Runnable" seed="818958915" result="Passed" start-time="2026-09-18 17:27:41Z" end-time="2026-09-18 17:27:41Z" duration="0.000592" asserts="0">
              <properties />
            </test-case>
            <test-suite type="ParameterizedMethod" id="1202" name="SafeAreaClassesCalculateEveryCandidateGridWithoutAFormalSizeConstant" fullname="Tidebound.Tests.DenseBoardInputAndLayoutTests.SafeAreaClassesCalculateEveryCandidateGridWithoutAFormalSizeConstant" classname="Tidebound.Tests.DenseBoardInputAndLayoutTests" runstate="Runnable" testcasecount="4" result="Passed" start-time="2026-09-18 17:27:41Z" end-time="2026-09-18 17:27:41Z" duration="0.002334" total="4" passed="4" failed="0" inconclusive="0" skipped="0" asserts="0">
              <properties />
              <test-case id="1198" name="SafeAreaClassesCalculateEveryCandidateGridWithoutAFormalSizeConstant(360.0f,640.0f,0.12f,0.74f,0.14f,18,18,18.0f,19.0f)" fullname="Tidebound.Tests.DenseBoardInputAndLayoutTests.SafeAreaClassesCalculateEveryCandidateGridWithoutAFormalSizeConstant(360.0f,640.0f,0.12f,0.74f,0.14f,18,18,18.0f,19.0f)" methodname="SafeAreaClassesCalculateEveryCandidateGridWithoutAFormalSizeConstant" classname="Tidebound.Tests.DenseBoardInputAndLayoutTests" runstate="Runnable" seed="1055918154" result="Passed" start-time="2026-09-18 17:27:41Z" end-time="2026-09-18 17:27:41Z" duration="0.001805" asserts="0">
                <properties />
              </test-case>
              <test-case id="1199" name="SafeAreaClassesCalculateEveryCandidateGridWithoutAFormalSizeConstant(390.0f,844.0f,0.17f,0.68f,0.15f,18,22,19.0f,21.0f)" fullname="Tidebound.Tests.DenseBoardInputAndLayoutTests.SafeAreaClassesCalculateEveryCandidateGridWithoutAFormalSizeConstant(390.0f,844.0f,0.17f,0.68f,0.15f,18,22,19.0f,21.0f)" methodname="SafeAreaClassesCalculateEveryCandidateGridWithoutAFormalSizeConstant" classname="Tidebound.Tests.DenseBoardInputAndLayoutTests" runstate="Runnable" seed="923939751" result="Passed" start-time="2026-09-18 17:27:41Z" end-time="2026-09-18 17:27:41Z" duration="0.000055" asserts="0">
                <properties />
              </test-case>
              <test-case id="1200" name="SafeAreaClassesCalculateEveryCandidateGridWithoutAFormalSizeConstant(430.0f,932.0f,0.17f,0.68f,0.15f,20,20,19.5f,22.0f)" fullname="Tidebound.Tests.DenseBoardInputAndLayoutTests.SafeAreaClassesCalculateEveryCandidateGridWithoutAFormalSizeConstant(430.0f,932.0f,0.17f,0.68f,0.15f,20,20,19.5f,22.0f)" methodname="SafeAreaClassesCalculateEveryCandidateGridWithoutAFormalSizeConstant" classname="Tidebound.Tests.DenseBoardInputAndLayoutTests" runstate="Runnable" seed="2036418686" result="Passed" start-time="2026-09-18 17:27:41Z" end-time="2026-09-18 17:27:41Z" duration="0.000051" asserts="0">
                <properties />
              </test-case>
              <test-case id="1201" name="SafeAreaClassesCalculateEveryCandidateGridWithoutAFormalSizeConstant(430.0f,932.0f,0.17f,0.68f,0.15f,22,22,18.0f,19.0f)" fullname="Tidebound.Tests.DenseBoardInputAndLayoutTests.SafeAreaClassesCalculateEveryCandidateGridWithoutAFormalSizeConstant(430.0f,932.0f,0.17f,0.68f,0.15f,22,22,18.0f,19.0f)" methodname="SafeAreaClassesCalculateEveryCandidateGridWithoutAFormalSizeConstant" classname="Tidebound.Tests.DenseBoardInputAndLayoutTests" runstate="Runnable" seed="1670571028" result="Passed" start-time="2026-09-18 17:27:41Z" end-time="2026-09-18 17:27:41Z" duration="0.000054" asserts="0">
                <properties />
              </test-case>
            </test-suite>
            <test-case id="1204" name="WorldMapperRoundsToTheLogicalCellCenteredAtEachTailPosition" fullname="Tidebound.Tests.DenseBoardInputAndLayoutTests.WorldMapperRoundsToTheLogicalCellCenteredAtEachTailPosition" methodname="WorldMapperRoundsToTheLogicalCellCenteredAtEachTailPosition" classname="Tidebound.Tests.DenseBoardInputAndLayoutTests" runstate="Runnable" seed="1697680828" result="Passed" start-time="2026-09-18 17:27:41Z" end-time="2026-09-18 17:27:41Z" duration="0.001651" asserts="0">
              <properties />
            </test-case>
          </test-suite>
          <test-suite type="TestFixture" id="1205" name="DenseLevelSolutionTests" fullname="Tidebound.Tests.DenseLevelSolutionTests" classname="Tidebound.Tests.DenseLevelSolutionTests" runstate="Runnable" testcasecount="2" result="Passed" start-time="2026-09-18 17:27:41Z" end-time="2026-09-18 17:27:41Z" duration="0.010315" total="2" passed="2" failed="0" inconclusive="0" skipped="0" asserts="0">
            <properties />
            <test-case id="1206" name="DenseFixtureStartsWithEnoughDirectExitChoices" fullname="Tidebound.Tests.DenseLevelSolutionTests.DenseFixtureStartsWithEnoughDirectExitChoices" methodname="DenseFixtureStartsWithEnoughDirectExitChoices" classname="Tidebound.Tests.DenseLevelSolutionTests" runstate="Runnable" seed="112622989" result="Passed" start-time="2026-09-18 17:27:41Z" end-time="2026-09-18 17:27:41Z" duration="0.003257" asserts="0">
              <properties />
            </test-case>
            <test-case id="1207" name="RecordedEightyShipSequenceClearsDenseFixtureWithoutBlockedMoves" fullname="Tidebound.Tests.DenseLevelSolutionTests.RecordedEightyShipSequenceClearsDenseFixtureWithoutBlockedMoves" methodname="RecordedEightyShipSequenceClearsDenseFixtureWithoutBlockedMoves" classname="Tidebound.Tests.DenseLevelSolutionTests" runstate="Runnable" seed="1337149132" result="Passed" start-time="2026-09-18 17:27:41Z" end-time="2026-09-18 17:27:41Z" duration="0.006540" asserts="0">
              <properties />
            </test-case>
          </test-suite>
          <test-suite type="TestFixture" id="1208" name="EventBusTests" fullname="Tidebound.Tests.EventBusTests" classname="Tidebound.Tests.EventBusTests" runstate="Runnable" testcasecount="6" result="Passed" start-time="2026-09-18 17:27:41Z" end-time="2026-09-18 17:27:41Z" duration="0.007519" total="6" passed="6" failed="0" inconclusive="0" skipped="0" asserts="0">
            <properties />
            <test-case id="1209" name="AllSevenContractsDeliverTheirImmutablePayload" fullname="Tidebound.Tests.EventBusTests.AllSevenContractsDeliverTheirImmutablePayload" methodname="AllSevenContractsDeliverTheirImmutablePayload" classname="Tidebound.Tests.EventBusTests" runstate="Runnable" seed="186890176" result="Passed" start-time="2026-09-18 17:27:41Z" end-time="2026-09-18 17:27:41Z" duration="0.003815" asserts="0">
              <properties />
            </test-case>
            <test-case id="1213" name="DisposedSessionRejectsFurtherPublicationAndSubscription" fullname="Tidebound.Tests.EventBusTests.DisposedSessionRejectsFurtherPublicationAndSubscription" methodname="DisposedSessionRejectsFurtherPublicationAndSubscription" classname="Tidebound.Tests.EventBusTests" runstate="Runnable" seed="1814460288" result="Passed" start-time="2026-09-18 17:27:41Z" end-time="2026-09-18 17:27:41Z" duration="0.000867" asserts="0">
              <properties />
            </test-case>
            <test-case id="1211" name="RemovingOneDuplicateSubscriptionDoesNotRemoveTheOther" fullname="Tidebound.Tests.EventBusTests.RemovingOneDuplicateSubscriptionDoesNotRemoveTheOther" methodname="RemovingOneDuplicateSubscriptionDoesNotRemoveTheOther" classname="Tidebound.Tests.EventBusTests" runstate="Runnable" seed="1798118808" result="Passed" start-time="2026-09-18 17:27:41Z" end-time="2026-09-18 17:27:41Z" duration="0.000183" asserts="0">
              <properties />
            </test-case>
            <test-case id="1214" name="SubscriberErrorsAreVisibleAndStopTheCurrentDispatch" fullname="Tidebound.Tests.EventBusTests.SubscriberErrorsAreVisibleAndStopTheCurrentDispatch" methodname="SubscriberErrorsAreVisibleAndStopTheCurrentDispatch" classname="Tidebound.Tests.EventBusTests" runstate="Runnable" seed="1950339455" result="Passed" start-time="2026-09-18 17:27:41Z" end-time="2026-09-18 17:27:41Z" duration="0.000234" asserts="0">
              <properties />
            </test-case>
            <test-case id="1212" name="SubscriptionChangesApplyToTheNextPublicationAndPreserveOrder" fullname="Tidebound.Tests.EventBusTests.SubscriptionChangesApplyToTheNextPublicationAndPreserveOrder" methodname="SubscriptionChangesApplyToTheNextPublicationAndPreserveOrder" classname="Tidebound.Tests.EventBusTests" runstate="Runnable" seed="1820756313" result="Passed" start-time="2026-09-18 17:27:41Z" end-time="2026-09-18 17:27:41Z" duration="0.000653" asserts="0">
              <properties />
            </test-case>
            <test-case id="1210" name="TypesAndSessionsAreIsolatedAndSubscriptionsAreDisposable" fullname="Tidebound.Tests.EventBusTests.TypesAndSessionsAreIsolatedAndSubscriptionsAreDisposable" methodname="TypesAndSessionsAreIsolatedAndSubscriptionsAreDisposable" classname="Tidebound.Tests.EventBusTests" runstate="Runnable" seed="1691496101" result="Passed" start-time="2026-09-18 17:27:41Z" end-time="2026-09-18 17:27:41Z" duration="0.000837" asserts="0">
              <properties />
            </test-case>
          </test-suite>
          <test-suite type="TestFixture" id="1215" name="LaneTransitControllerTests" fullname="Tidebound.Tests.LaneTransitControllerTests" classname="Tidebound.Tests.LaneTransitControllerTests" runstate="Runnable" testcasecount="5" result="Passed" start-time="2026-09-18 17:27:41Z" end-time="2026-09-18 17:27:41Z" duration="0.008571" total="5" passed="5" failed="0" inconclusive="0" skipped="0" asserts="0">
            <properties />
            <test-case id="1218" name="ConstructorRejectsMissingDuplicateAndInvalidViews" fullname="Tidebound.Tests.LaneTransitControllerTests.ConstructorRejectsMissingDuplicateAndInvalidViews" methodname="ConstructorRejectsMissingDuplicateAndInvalidViews" classname="Tidebound.Tests.LaneTransitControllerTests" runstate="Runnable" seed="1653883032" result="Passed" start-time="2026-09-18 17:27:41Z" end-time="2026-09-18 17:27:41Z" duration="0.001462" asserts="0">
              <properties />
            </test-case>
            <test-case id="1216" name="ControllerMapsTransitProgressAndCompletesTheMatchingView" fullname="Tidebound.Tests.LaneTransitControllerTests.ControllerMapsTransitProgressAndCompletesTheMatchingView" methodname="ControllerMapsTransitProgressAndCompletesTheMatchingView" classname="Tidebound.Tests.LaneTransitControllerTests" runstate="Runnable" seed="2024128795" result="Passed" start-time="2026-09-18 17:27:41Z" end-time="2026-09-18 17:27:41Z" duration="0.004823" asserts="0">
              <properties />
            </test-case>
            <test-case id="1220" name="DisposeStopsPresentationCallsAndRejectsAdvance" fullname="Tidebound.Tests.LaneTransitControllerTests.DisposeStopsPresentationCallsAndRejectsAdvance" methodname="DisposeStopsPresentationCallsAndRejectsAdvance" classname="Tidebound.Tests.LaneTransitControllerTests" runstate="Runnable" seed="408976553" result="Passed" start-time="2026-09-18 17:27:41Z" end-time="2026-09-18 17:27:41Z" duration="0.000393" asserts="0">
              <properties />
            </test-case>
            <test-case id="1217" name="PausedControllerLeavesViewAtSamePoseUntilResume" fullname="Tidebound.Tests.LaneTransitControllerTests.PausedControllerLeavesViewAtSamePoseUntilResume" methodname="PausedControllerLeavesViewAtSamePoseUntilResume" classname="Tidebound.Tests.LaneTransitControllerTests" runstate="Runnable" seed="91655738" result="Passed" start-time="2026-09-18 17:27:41Z" end-time="2026-09-18 17:27:41Z" duration="0.000474" asserts="0">
              <properties />
            </test-case>
            <test-case id="1219" name="WorldPathKeepsEndpointsAndProvidesForwardTangent" fullname="Tidebound.Tests.LaneTransitControllerTests.WorldPathKeepsEndpointsAndProvidesForwardTangent" methodname="WorldPathKeepsEndpointsAndProvidesForwardTangent" classname="Tidebound.Tests.LaneTransitControllerTests" runstate="Runnable" seed="1988082514" result="Passed" start-time="2026-09-18 17:27:41Z" end-time="2026-09-18 17:27:41Z" duration="0.000677" asserts="0">
              <properties />
            </test-case>
          </test-suite>
          <test-suite type="TestFixture" id="1221" name="LevelDesignAnalysisTests" fullname="Tidebound.Tests.LevelDesignAnalysisTests" classname="Tidebound.Tests.LevelDesignAnalysisTests" runstate="Runnable" testcasecount="6" result="Passed" start-time="2026-09-18 17:27:41Z" end-time="2026-09-18 17:27:41Z" duration="0.013171" total="6" passed="6" failed="0" inconclusive="0" skipped="0" asserts="0">
            <properties />
            <test-case id="1227" name="CandidateProfilesAreDataObjectsAndDoNotAffectTutorialRules" fullname="Tidebound.Tests.LevelDesignAnalysisTests.CandidateProfilesAreDataObjectsAndDoNotAffectTutorialRules" methodname="CandidateProfilesAreDataObjectsAndDoNotAffectTutorialRules" classname="Tidebound.Tests.LevelDesignAnalysisTests" runstate="Runnable" seed="903769027" result="Passed" start-time="2026-09-18 17:27:41Z" end-time="2026-09-18 17:27:41Z" duration="0.001914" asserts="0">
              <properties />
            </test-case>
            <test-case id="1223" name="ClosedZeroTravelCycleIsReportedAsHardLockedAndExactSearchRejectsIt" fullname="Tidebound.Tests.LevelDesignAnalysisTests.ClosedZeroTravelCycleIsReportedAsHardLockedAndExactSearchRejectsIt" methodname="ClosedZeroTravelCycleIsReportedAsHardLockedAndExactSearchRejectsIt" classname="Tidebound.Tests.LevelDesignAnalysisTests" runstate="Runnable" seed="697039659" result="Passed" start-time="2026-09-18 17:27:41Z" end-time="2026-09-18 17:27:41Z" duration="0.004144" asserts="0">
              <properties />
            </test-case>
            <test-case id="1222" name="DependencyEdgesComeFromTheRealForwardPathQuery" fullname="Tidebound.Tests.LevelDesignAnalysisTests.DependencyEdgesComeFromTheRealForwardPathQuery" methodname="DependencyEdgesComeFromTheRealForwardPathQuery" classname="Tidebound.Tests.LevelDesignAnalysisTests" runstate="Runnable" seed="1109264641" result="Passed" start-time="2026-09-18 17:27:41Z" end-time="2026-09-18 17:27:41Z" duration="0.000486" asserts="0">
              <properties />
            </test-case>
            <test-case id="1225" name="ExactSearchFindsTheAcyclicSolution" fullname="Tidebound.Tests.LevelDesignAnalysisTests.ExactSearchFindsTheAcyclicSolution" methodname="ExactSearchFindsTheAcyclicSolution" classname="Tidebound.Tests.LevelDesignAnalysisTests" runstate="Runnable" seed="1440981225" result="Passed" start-time="2026-09-18 17:27:41Z" end-time="2026-09-18 17:27:41Z" duration="0.000237" asserts="0">
              <properties />
            </test-case>
            <test-case id="1226" name="ProductionValidationRejectsSpatialDirectionBandsWithoutChangingRuntimeLegality" fullname="Tidebound.Tests.LevelDesignAnalysisTests.ProductionValidationRejectsSpatialDirectionBandsWithoutChangingRuntimeLegality" methodname="ProductionValidationRejectsSpatialDirectionBandsWithoutChangingRuntimeLegality" classname="Tidebound.Tests.LevelDesignAnalysisTests" runstate="Runnable" seed="774947394" result="Passed" start-time="2026-09-18 17:27:41Z" end-time="2026-09-18 17:27:41Z" duration="0.004268" asserts="0">
              <properties />
            </test-case>
            <test-case id="1224" name="RecorderProofReplaysRealTransactionsAndFingerprintInvalidatesAfterLayoutChange" fullname="Tidebound.Tests.LevelDesignAnalysisTests.RecorderProofReplaysRealTransactionsAndFingerprintInvalidatesAfterLayoutChange" methodname="RecorderProofReplaysRealTransactionsAndFingerprintInvalidatesAfterLayoutChange" classname="Tidebound.Tests.LevelDesignAnalysisTests" runstate="Runnable" seed="1467843513" result="Passed" start-time="2026-09-18 17:27:41Z" end-time="2026-09-18 17:27:41Z" duration="0.001096" asserts="0">
              <properties />
            </test-case>
          </test-suite>
          <test-suite type="TestFixture" id="1228" name="LevelJsonReaderTests" fullname="Tidebound.Tests.LevelJsonReaderTests" classname="Tidebound.Tests.LevelJsonReaderTests" runstate="Runnable" testcasecount="21" result="Passed" start-time="2026-09-18 17:27:41Z" end-time="2026-09-18 17:27:41Z" duration="0.019493" total="21" passed="21" failed="0" inconclusive="0" skipped="0" asserts="0">
            <properties />
            <test-case id="1251" name="CanonicalWriterRoundTripsSchemaTwoWithoutRuntimeFields" fullname="Tidebound.Tests.LevelJsonReaderTests.CanonicalWriterRoundTripsSchemaTwoWithoutRuntimeFields" methodname="CanonicalWriterRoundTripsSchemaTwoWithoutRuntimeFields" classname="Tidebound.Tests.LevelJsonReaderTests" runstate="Runnable" seed="2115880828" result="Passed" start-time="2026-09-18 17:27:41Z" end-time="2026-09-18 17:27:41Z" duration="0.007072" asserts="0">
              <properties />
            </test-case>
            <test-suite type="ParameterizedMethod" id="1234" name="MalformedOrDuplicateJsonIsRejected" fullname="Tidebound.Tests.LevelJsonReaderTests.MalformedOrDuplicateJsonIsRejected" classname="Tidebound.Tests.LevelJsonReaderTests" runstate="Runnable" testcasecount="5" result="Passed" start-time="2026-09-18 17:27:41Z" end-time="2026-09-18 17:27:41Z" duration="0.001839" total="5" passed="5" failed="0" inconclusive="0" skipped="0" asserts="0">
              <properties />
              <test-case id="1229" name="MalformedOrDuplicateJsonIsRejected(&quot;&quot;)" fullname="Tidebound.Tests.LevelJsonReaderTests.MalformedOrDuplicateJsonIsRejected(&quot;&quot;)" methodname="MalformedOrDuplicateJsonIsRejected" classname="Tidebound.Tests.LevelJsonReaderTests" runstate="Runnable" seed="2113684847" result="Passed" start-time="2026-09-18 17:27:41Z" end-time="2026-09-18 17:27:41Z" duration="0.000322" asserts="0">
                <properties />
              </test-case>
              <test-case id="1230" name="MalformedOrDuplicateJsonIsRejected(&quot;null&quot;)" fullname="Tidebound.Tests.LevelJsonReaderTests.MalformedOrDuplicateJsonIsRejected(&quot;null&quot;)" methodname="MalformedOrDuplicateJsonIsRejected" classname="Tidebound.Tests.LevelJsonReaderTests" runstate="Runnable" seed="872615883" result="Passed" start-time="2026-09-18 17:27:41Z" end-time="2026-09-18 17:27:41Z" duration="0.000119" asserts="0">
                <properties />
              </test-case>
              <test-case id="1231" name="MalformedOrDuplicateJsonIsRejected(&quot;[]&quot;)" fullname="Tidebound.Tests.LevelJsonReaderTests.MalformedOrDuplicateJsonIsRejected(&quot;[]&quot;)" methodname="MalformedOrDuplicateJsonIsRejected" classname="Tidebound.Tests.LevelJsonReaderTests" runstate="Runnable" seed="718637712" result="Passed" start-time="2026-09-18 17:27:41Z" end-time="2026-09-18 17:27:41Z" duration="0.000268" asserts="0">
                <properties />
              </test-case>
              <test-case id="1232" name="MalformedOrDuplicateJsonIsRejected(&quot;{broken&quot;)" fullname="Tidebound.Tests.LevelJsonReaderTests.MalformedOrDuplicateJsonIsRejected(&quot;{broken&quot;)" methodname="MalformedOrDuplicateJsonIsRejected" classname="Tidebound.Tests.LevelJsonReaderTests" runstate="Runnable" seed="449156890" result="Passed" start-time="2026-09-18 17:27:41Z" end-time="2026-09-18 17:27:41Z" duration="0.000221" asserts="0">
                <properties />
              </test-case>
              <test-case id="1233" name="MalformedOrDuplicateJsonIsRejected(&quot;{\&quot;schemaVersion\&quot;:1,\&quot;schemaVersion\&quot;:1}&quot;)" fullname="Tidebound.Tests.LevelJsonReaderTests.MalformedOrDuplicateJsonIsRejected(&quot;{\&quot;schemaVersion\&quot;:1,\&quot;schemaVersion\&quot;:1}&quot;)" methodname="MalformedOrDuplicateJsonIsRejected" classname="Tidebound.Tests.LevelJsonReaderTests" runstate="Runnable" seed="1654829984" result="Passed" start-time="2026-09-18 17:27:41Z" end-time="2026-09-18 17:27:41Z" duration="0.000201" asserts="0">
                <properties />
              </test-case>
            </test-suite>
            <test-suite type="ParameterizedMethod" id="1250" name="SchemaRejectsMissingFieldsImplicitConversionsAndDuplicateConfigurationSources" fullname="Tidebound.Tests.LevelJsonReaderTests.SchemaRejectsMissingFieldsImplicitConversionsAndDuplicateConfigurationSources" classname="Tidebound.Tests.LevelJsonReaderTests" runstate="Runnable" testcasecount="15" result="Passed" start-time="2026-09-18 17:27:41Z" end-time="2026-09-18 17:27:41Z" duration="0.009561" total="15" passed="15" failed="0" inconclusive="0" skipped="0" asserts="0">
              <properties />
              <test-case id="1235" name="SchemaRejectsMissingFieldsImplicitConversionsAndDuplicateConfigurationSources(&quot;missing&quot;)" fullname="Tidebound.Tests.LevelJsonReaderTests.SchemaRejectsMissingFieldsImplicitConversionsAndDuplicateConfigurationSources(&quot;missing&quot;)" methodname="SchemaRejectsMissingFieldsImplicitConversionsAndDuplicateConfigurationSources" classname="Tidebound.Tests.LevelJsonReaderTests" runstate="Runnable" seed="293940407" result="Passed" start-time="2026-09-18 17:27:41Z" end-time="2026-09-18 17:27:41Z" duration="0.001331" asserts="0">
                <properties />
              </test-case>
              <test-case id="1236" name="SchemaRejectsMissingFieldsImplicitConversionsAndDuplicateConfigurationSources(&quot;hp&quot;)" fullname="Tidebound.Tests.LevelJsonReaderTests.SchemaRejectsMissingFieldsImplicitConversionsAndDuplicateConfigurationSources(&quot;hp&quot;)" methodname="SchemaRejectsMissingFieldsImplicitConversionsAndDuplicateConfigurationSources" classname="Tidebound.Tests.LevelJsonReaderTests" runstate="Runnable" seed="1597208615" result="Passed" start-time="2026-09-18 17:27:41Z" end-time="2026-09-18 17:27:41Z" duration="0.000337" asserts="0">
                <properties />
              </test-case>
              <test-case id="1237" name="SchemaRejectsMissingFieldsImplicitConversionsAndDuplicateConfigurationSources(&quot;missingLength&quot;)" fullname="Tidebound.Tests.LevelJsonReaderTests.SchemaRejectsMissingFieldsImplicitConversionsAndDuplicateConfigurationSources(&quot;missingLength&quot;)" methodname="SchemaRejectsMissingFieldsImplicitConversionsAndDuplicateConfigurationSources" classname="Tidebound.Tests.LevelJsonReaderTests" runstate="Runnable" seed="1784084736" result="Passed" start-time="2026-09-18 17:27:41Z" end-time="2026-09-18 17:27:41Z" duration="0.000293" asserts="0">
                <properties />
              </test-case>
              <test-case id="1238" name="SchemaRejectsMissingFieldsImplicitConversionsAndDuplicateConfigurationSources(&quot;damage&quot;)" fullname="Tidebound.Tests.LevelJsonReaderTests.SchemaRejectsMissingFieldsImplicitConversionsAndDuplicateConfigurationSources(&quot;damage&quot;)" methodname="SchemaRejectsMissingFieldsImplicitConversionsAndDuplicateConfigurationSources" classname="Tidebound.Tests.LevelJsonReaderTests" runstate="Runnable" seed="1868214811" result="Passed" start-time="2026-09-18 17:27:41Z" end-time="2026-09-18 17:27:41Z" duration="0.000302" asserts="0">
                <properties />
              </test-case>
              <test-case id="1239" name="SchemaRejectsMissingFieldsImplicitConversionsAndDuplicateConfigurationSources(&quot;state&quot;)" fullname="Tidebound.Tests.LevelJsonReaderTests.SchemaRejectsMissingFieldsImplicitConversionsAndDuplicateConfigurationSources(&quot;state&quot;)" methodname="SchemaRejectsMissingFieldsImplicitConversionsAndDuplicateConfigurationSources" classname="Tidebound.Tests.LevelJsonReaderTests" runstate="Runnable" seed="1369631840" result="Passed" start-time="2026-09-18 17:27:41Z" end-time="2026-09-18 17:27:41Z" duration="0.000298" asserts="0">
                <properties />
              </test-case>
              <test-case id="1240" name="SchemaRejectsMissingFieldsImplicitConversionsAndDuplicateConfigurationSources(&quot;stringWidth&quot;)" fullname="Tidebound.Tests.LevelJsonReaderTests.SchemaRejectsMissingFieldsImplicitConversionsAndDuplicateConfigurationSources(&quot;stringWidth&quot;)" methodname="SchemaRejectsMissingFieldsImplicitConversionsAndDuplicateConfigurationSources" classname="Tidebound.Tests.LevelJsonReaderTests" runstate="Runnable" seed="1134860380" result="Passed" start-time="2026-09-18 17:27:41Z" end-time="2026-09-18 17:27:41Z" duration="0.000733" asserts="0">
                <properties />
              </test-case>
              <test-case id="1241" name="SchemaRejectsMissingFieldsImplicitConversionsAndDuplicateConfigurationSources(&quot;decimalWidth&quot;)" fullname="Tidebound.Tests.LevelJsonReaderTests.SchemaRejectsMissingFieldsImplicitConversionsAndDuplicateConfigurationSources(&quot;decimalWidth&quot;)" methodname="SchemaRejectsMissingFieldsImplicitConversionsAndDuplicateConfigurationSources" classname="Tidebound.Tests.LevelJsonReaderTests" runstate="Runnable" seed="332057008" result="Passed" start-time="2026-09-18 17:27:41Z" end-time="2026-09-18 17:27:41Z" duration="0.000627" asserts="0">
                <properties />
              </test-case>
              <test-case id="1242" name="SchemaRejectsMissingFieldsImplicitConversionsAndDuplicateConfigurationSources(&quot;overflowWidth&quot;)" fullname="Tidebound.Tests.LevelJsonReaderTests.SchemaRejectsMissingFieldsImplicitConversionsAndDuplicateConfigurationSources(&quot;overflowWidth&quot;)" methodname="SchemaRejectsMissingFieldsImplicitConversionsAndDuplicateConfigurationSources" classname="Tidebound.Tests.LevelJsonReaderTests" runstate="Runnable" seed="823891659" result="Passed" start-time="2026-09-18 17:27:41Z" end-time="2026-09-18 17:27:41Z" duration="0.001446" asserts="0">
                <properties />
              </test-case>
              <test-case id="1243" name="SchemaRejectsMissingFieldsImplicitConversionsAndDuplicateConfigurationSources(&quot;numericDirection&quot;)" fullname="Tidebound.Tests.LevelJsonReaderTests.SchemaRejectsMissingFieldsImplicitConversionsAndDuplicateConfigurationSources(&quot;numericDirection&quot;)" methodname="SchemaRejectsMissingFieldsImplicitConversionsAndDuplicateConfigurationSources" classname="Tidebound.Tests.LevelJsonReaderTests" runstate="Runnable" seed="990878805" result="Passed" start-time="2026-09-18 17:27:41Z" end-time="2026-09-18 17:27:41Z" duration="0.000424" asserts="0">
                <properties />
              </test-case>
              <test-case id="1244" name="SchemaRejectsMissingFieldsImplicitConversionsAndDuplicateConfigurationSources(&quot;numericStringDirection&quot;)" fullname="Tidebound.Tests.LevelJsonReaderTests.SchemaRejectsMissingFieldsImplicitConversionsAndDuplicateConfigurationSources(&quot;numericStringDirection&quot;)" methodname="SchemaRejectsMissingFieldsImplicitConversionsAndDuplicateConfigurationSources" classname="Tidebound.Tests.LevelJsonReaderTests" runstate="Runnable" seed="308696197" result="Passed" start-time="2026-09-18 17:27:41Z" end-time="2026-09-18 17:27:41Z" duration="0.000695" asserts="0">
                <properties />
              </test-case>
              <test-case id="1245" name="SchemaRejectsMissingFieldsImplicitConversionsAndDuplicateConfigurationSources(&quot;lowercaseDirection&quot;)" fullname="Tidebound.Tests.LevelJsonReaderTests.SchemaRejectsMissingFieldsImplicitConversionsAndDuplicateConfigurationSources(&quot;lowercaseDirection&quot;)" methodname="SchemaRejectsMissingFieldsImplicitConversionsAndDuplicateConfigurationSources" classname="Tidebound.Tests.LevelJsonReaderTests" runstate="Runnable" seed="117307546" result="Passed" start-time="2026-09-18 17:27:41Z" end-time="2026-09-18 17:27:41Z" duration="0.000339" asserts="0">
                <properties />
              </test-case>
              <test-case id="1246" name="SchemaRejectsMissingFieldsImplicitConversionsAndDuplicateConfigurationSources(&quot;diagonalDirection&quot;)" fullname="Tidebound.Tests.LevelJsonReaderTests.SchemaRejectsMissingFieldsImplicitConversionsAndDuplicateConfigurationSources(&quot;diagonalDirection&quot;)" methodname="SchemaRejectsMissingFieldsImplicitConversionsAndDuplicateConfigurationSources" classname="Tidebound.Tests.LevelJsonReaderTests" runstate="Runnable" seed="1184252838" result="Passed" start-time="2026-09-18 17:27:41Z" end-time="2026-09-18 17:27:41Z" duration="0.000356" asserts="0">
                <properties />
              </test-case>
              <test-case id="1247" name="SchemaRejectsMissingFieldsImplicitConversionsAndDuplicateConfigurationSources(&quot;missingX&quot;)" fullname="Tidebound.Tests.LevelJsonReaderTests.SchemaRejectsMissingFieldsImplicitConversionsAndDuplicateConfigurationSources(&quot;missingX&quot;)" methodname="SchemaRejectsMissingFieldsImplicitConversionsAndDuplicateConfigurationSources" classname="Tidebound.Tests.LevelJsonReaderTests" runstate="Runnable" seed="634178029" result="Passed" start-time="2026-09-18 17:27:41Z" end-time="2026-09-18 17:27:41Z" duration="0.000326" asserts="0">
                <properties />
              </test-case>
              <test-case id="1248" name="SchemaRejectsMissingFieldsImplicitConversionsAndDuplicateConfigurationSources(&quot;nullShip&quot;)" fullname="Tidebound.Tests.LevelJsonReaderTests.SchemaRejectsMissingFieldsImplicitConversionsAndDuplicateConfigurationSources(&quot;nullShip&quot;)" methodname="SchemaRejectsMissingFieldsImplicitConversionsAndDuplicateConfigurationSources" classname="Tidebound.Tests.LevelJsonReaderTests" runstate="Runnable" seed="665411695" result="Passed" start-time="2026-09-18 17:27:41Z" end-time="2026-09-18 17:27:41Z" duration="0.000430" asserts="0">
                <properties />
              </test-case>
              <test-case id="1249" name="SchemaRejectsMissingFieldsImplicitConversionsAndDuplicateConfigurationSources(&quot;trailingDocument&quot;)" fullname="Tidebound.Tests.LevelJsonReaderTests.SchemaRejectsMissingFieldsImplicitConversionsAndDuplicateConfigurationSources(&quot;trailingDocument&quot;)" methodname="SchemaRejectsMissingFieldsImplicitConversionsAndDuplicateConfigurationSources" classname="Tidebound.Tests.LevelJsonReaderTests" runstate="Runnable" seed="1527811273" result="Passed" start-time="2026-09-18 17:27:41Z" end-time="2026-09-18 17:27:41Z" duration="0.000300" asserts="0">
                <properties />
              </test-case>
            </test-suite>
          </test-suite>
          <test-suite type="TestFixture" id="1252" name="LevelLoadingTests" fullname="Tidebound.Tests.LevelLoadingTests" classname="Tidebound.Tests.LevelLoadingTests" runstate="Runnable" testcasecount="9" result="Passed" start-time="2026-09-18 17:27:41Z" end-time="2026-09-18 17:27:41Z" duration="0.010913" total="9" passed="9" failed="0" inconclusive="0" skipped="0" asserts="0">
            <properties />
            <test-case id="1253" name="CommittedFixtureLoadsSevenLv1BoatsAndSeventyHp" fullname="Tidebound.Tests.LevelLoadingTests.CommittedFixtureLoadsSevenLv1BoatsAndSeventyHp" methodname="CommittedFixtureLoadsSevenLv1BoatsAndSeventyHp" classname="Tidebound.Tests.LevelLoadingTests" runstate="Runnable" seed="210270059" result="Passed" start-time="2026-09-18 17:27:41Z" end-time="2026-09-18 17:27:41Z" duration="0.001193" asserts="0">
              <properties />
            </test-case>
            <test-case id="1254" name="DenseFixtureLoadsTwelveByEighteenWithEightyShipsAndEightHundredHp" fullname="Tidebound.Tests.LevelLoadingTests.DenseFixtureLoadsTwelveByEighteenWithEightyShipsAndEightHundredHp" methodname="DenseFixtureLoadsTwelveByEighteenWithEightyShipsAndEightHundredHp" classname="Tidebound.Tests.LevelLoadingTests" runstate="Runnable" seed="291047537" result="Passed" start-time="2026-09-18 17:27:41Z" end-time="2026-09-18 17:27:41Z" duration="0.002517" asserts="0">
              <properties />
            </test-case>
            <test-case id="1258" name="FixedDamageConfigRejectsAccidentalBalanceChanges" fullname="Tidebound.Tests.LevelLoadingTests.FixedDamageConfigRejectsAccidentalBalanceChanges" methodname="FixedDamageConfigRejectsAccidentalBalanceChanges" classname="Tidebound.Tests.LevelLoadingTests" runstate="Runnable" seed="1962694798" result="Passed" start-time="2026-09-18 17:27:41Z" end-time="2026-09-18 17:27:41Z" duration="0.001752" asserts="0">
              <properties />
            </test-case>
            <test-suite type="ParameterizedMethod" id="1262" name="MissingUnityReferencesFailClearly" fullname="Tidebound.Tests.LevelLoadingTests.MissingUnityReferencesFailClearly" classname="Tidebound.Tests.LevelLoadingTests" runstate="Runnable" testcasecount="3" result="Passed" start-time="2026-09-18 17:27:41Z" end-time="2026-09-18 17:27:41Z" duration="0.001679" total="3" passed="3" failed="0" inconclusive="0" skipped="0" asserts="0">
              <properties />
              <test-case id="1259" name="MissingUnityReferencesFailClearly(&quot;levelJson&quot;)" fullname="Tidebound.Tests.LevelLoadingTests.MissingUnityReferencesFailClearly(&quot;levelJson&quot;)" methodname="MissingUnityReferencesFailClearly" classname="Tidebound.Tests.LevelLoadingTests" runstate="Runnable" seed="1159224248" result="Passed" start-time="2026-09-18 17:27:41Z" end-time="2026-09-18 17:27:41Z" duration="0.000517" asserts="0">
                <properties />
              </test-case>
              <test-case id="1260" name="MissingUnityReferencesFailClearly(&quot;shipConfigs&quot;)" fullname="Tidebound.Tests.LevelLoadingTests.MissingUnityReferencesFailClearly(&quot;shipConfigs&quot;)" methodname="MissingUnityReferencesFailClearly" classname="Tidebound.Tests.LevelLoadingTests" runstate="Runnable" seed="1987859130" result="Passed" start-time="2026-09-18 17:27:41Z" end-time="2026-09-18 17:27:41Z" duration="0.000366" asserts="0">
                <properties />
              </test-case>
              <test-case id="1261" name="MissingUnityReferencesFailClearly(&quot;bossConfigs&quot;)" fullname="Tidebound.Tests.LevelLoadingTests.MissingUnityReferencesFailClearly(&quot;bossConfigs&quot;)" methodname="MissingUnityReferencesFailClearly" classname="Tidebound.Tests.LevelLoadingTests" runstate="Runnable" seed="2035419855" result="Passed" start-time="2026-09-18 17:27:41Z" end-time="2026-09-18 17:27:41Z" duration="0.000325" asserts="0">
                <properties />
              </test-case>
            </test-suite>
            <test-case id="1256" name="ParsedDocumentIsCopiedAndShipStateChangesNeverRecomputeBossHp" fullname="Tidebound.Tests.LevelLoadingTests.ParsedDocumentIsCopiedAndShipStateChangesNeverRecomputeBossHp" methodname="ParsedDocumentIsCopiedAndShipStateChangesNeverRecomputeBossHp" classname="Tidebound.Tests.LevelLoadingTests" runstate="Runnable" seed="2002370899" result="Passed" start-time="2026-09-18 17:27:41Z" end-time="2026-09-18 17:27:41Z" duration="0.000769" asserts="0">
              <properties />
            </test-case>
            <test-case id="1257" name="PresentationScaleAndPrefabAreNotLogicalInputs" fullname="Tidebound.Tests.LevelLoadingTests.PresentationScaleAndPrefabAreNotLogicalInputs" methodname="PresentationScaleAndPrefabAreNotLogicalInputs" classname="Tidebound.Tests.LevelLoadingTests" runstate="Runnable" seed="72219650" result="Passed" start-time="2026-09-18 17:27:41Z" end-time="2026-09-18 17:27:41Z" duration="0.000868" asserts="0">
              <properties />
            </test-case>
            <test-case id="1255" name="RuntimeEditsCannotLeakIntoAnotherLoadOrAuthoredAssets" fullname="Tidebound.Tests.LevelLoadingTests.RuntimeEditsCannotLeakIntoAnotherLoadOrAuthoredAssets" methodname="RuntimeEditsCannotLeakIntoAnotherLoadOrAuthoredAssets" classname="Tidebound.Tests.LevelLoadingTests" runstate="Runnable" seed="496425386" result="Passed" start-time="2026-09-18 17:27:41Z" end-time="2026-09-18 17:27:41Z" duration="0.001080" asserts="0">
              <properties />
            </test-case>
          </test-suite>
          <test-suite type="TestFixture" id="1263" name="Phase5RCandidatePrototypeTests" fullname="Tidebound.Tests.Phase5RCandidatePrototypeTests" classname="Tidebound.Tests.Phase5RCandidatePrototypeTests" runstate="Runnable" testcasecount="2" result="Passed" start-time="2026-09-18 17:27:41Z" end-time="2026-09-18 17:27:41Z" duration="0.092568" total="2" passed="2" failed="0" inconclusive="0" skipped="0" asserts="0">
            <properties />
            <test-case id="1265" name="CandidateSetCoversEachGridAndTargetCountExactlyOnce" fullname="Tidebound.Tests.Phase5RCandidatePrototypeTests.CandidateSetCoversEachGridAndTargetCountExactlyOnce" methodname="CandidateSetCoversEachGridAndTargetCountExactlyOnce" classname="Tidebound.Tests.Phase5RCandidatePrototypeTests" runstate="Runnable" seed="737620439" result="Passed" start-time="2026-09-18 17:27:41Z" end-time="2026-09-18 17:27:41Z" duration="0.002859" asserts="0">
              <properties />
            </test-case>
            <test-case id="1264" name="TwelveFixedCandidatesPassRuntimeProductionAndProofValidation" fullname="Tidebound.Tests.Phase5RCandidatePrototypeTests.TwelveFixedCandidatesPassRuntimeProductionAndProofValidation" methodname="TwelveFixedCandidatesPassRuntimeProductionAndProofValidation" classname="Tidebound.Tests.Phase5RCandidatePrototypeTests" runstate="Runnable" seed="1293502035" result="Passed" start-time="2026-09-18 17:27:41Z" end-time="2026-09-18 17:27:41Z" duration="0.089151" asserts="0">
              <properties />
            </test-case>
          </test-suite>
          <test-suite type="TestFixture" id="1266" name="ShipMovementControllerTests" fullname="Tidebound.Tests.ShipMovementControllerTests" classname="Tidebound.Tests.ShipMovementControllerTests" runstate="Runnable" testcasecount="6" result="Passed" start-time="2026-09-18 17:27:41Z" end-time="2026-09-18 17:27:41Z" duration="0.004898" total="6" passed="6" failed="0" inconclusive="0" skipped="0" asserts="0">
            <properties />
            <test-case id="1267" name="ClickWaitsForTravelAndFeedbackCallbacksBeforeUnlocking" fullname="Tidebound.Tests.ShipMovementControllerTests.ClickWaitsForTravelAndFeedbackCallbacksBeforeUnlocking" methodname="ClickWaitsForTravelAndFeedbackCallbacksBeforeUnlocking" classname="Tidebound.Tests.ShipMovementControllerTests" runstate="Runnable" seed="616062931" result="Passed" start-time="2026-09-18 17:27:41Z" end-time="2026-09-18 17:27:41Z" duration="0.002414" asserts="0">
              <properties />
            </test-case>
            <test-case id="1269" name="CompletionThatRacesWithPauseIsAppliedOnceAfterResume" fullname="Tidebound.Tests.ShipMovementControllerTests.CompletionThatRacesWithPauseIsAppliedOnceAfterResume" methodname="CompletionThatRacesWithPauseIsAppliedOnceAfterResume" classname="Tidebound.Tests.ShipMovementControllerTests" runstate="Runnable" seed="856671824" result="Passed" start-time="2026-09-18 17:27:41Z" end-time="2026-09-18 17:27:41Z" duration="0.000473" asserts="0">
              <properties />
            </test-case>
            <test-case id="1270" name="ConstructorRejectsMissingAndDuplicateViewsBeforeBindingClicks" fullname="Tidebound.Tests.ShipMovementControllerTests.ConstructorRejectsMissingAndDuplicateViewsBeforeBindingClicks" methodname="ConstructorRejectsMissingAndDuplicateViewsBeforeBindingClicks" classname="Tidebound.Tests.ShipMovementControllerTests" runstate="Runnable" seed="718272977" result="Passed" start-time="2026-09-18 17:27:41Z" end-time="2026-09-18 17:27:41Z" duration="0.000289" asserts="0">
              <properties />
            </test-case>
            <test-case id="1271" name="DisposeUnbindsClicksAndRejectsDirectRequests" fullname="Tidebound.Tests.ShipMovementControllerTests.DisposeUnbindsClicksAndRejectsDirectRequests" methodname="DisposeUnbindsClicksAndRejectsDirectRequests" classname="Tidebound.Tests.ShipMovementControllerTests" runstate="Runnable" seed="285318353" result="Passed" start-time="2026-09-18 17:27:41Z" end-time="2026-09-18 17:27:41Z" duration="0.000191" asserts="0">
              <properties />
            </test-case>
            <test-case id="1268" name="ImmediateBlockStartsFeedbackWithoutTravelAnimation" fullname="Tidebound.Tests.ShipMovementControllerTests.ImmediateBlockStartsFeedbackWithoutTravelAnimation" methodname="ImmediateBlockStartsFeedbackWithoutTravelAnimation" classname="Tidebound.Tests.ShipMovementControllerTests" runstate="Runnable" seed="316330601" result="Passed" start-time="2026-09-18 17:27:41Z" end-time="2026-09-18 17:27:41Z" duration="0.000247" asserts="0">
              <properties />
            </test-case>
            <test-case id="1272" name="TimingUsesConfiguredSpeedAndDurationBounds" fullname="Tidebound.Tests.ShipMovementControllerTests.TimingUsesConfiguredSpeedAndDurationBounds" methodname="TimingUsesConfiguredSpeedAndDurationBounds" classname="Tidebound.Tests.ShipMovementControllerTests" runstate="Runnable" seed="381116306" result="Passed" start-time="2026-09-18 17:27:41Z" end-time="2026-09-18 17:27:41Z" duration="0.000244" asserts="0">
              <properties />
            </test-case>
          </test-suite>
          <test-suite type="TestFixture" id="1273" name="ShipMovementSystemTests" fullname="Tidebound.Tests.ShipMovementSystemTests" classname="Tidebound.Tests.ShipMovementSystemTests" runstate="Runnable" testcasecount="6" result="Passed" start-time="2026-09-18 17:27:41Z" end-time="2026-09-18 17:27:41Z" duration="0.006793" total="6" passed="6" failed="0" inconclusive="0" skipped="0" asserts="0">
            <properties />
            <test-case id="1275" name="BlockedTravelCommitsAtArrivalThenUnlocksAfterFeedback" fullname="Tidebound.Tests.ShipMovementSystemTests.BlockedTravelCommitsAtArrivalThenUnlocksAfterFeedback" methodname="BlockedTravelCommitsAtArrivalThenUnlocksAfterFeedback" classname="Tidebound.Tests.ShipMovementSystemTests" runstate="Runnable" seed="262312443" result="Passed" start-time="2026-09-18 17:27:41Z" end-time="2026-09-18 17:27:41Z" duration="0.001390" asserts="0">
              <properties />
            </test-case>
            <test-case id="1277" name="CompleteExitReleasesBoardSetsInLaneAndAllocatesStableSequence" fullname="Tidebound.Tests.ShipMovementSystemTests.CompleteExitReleasesBoardSetsInLaneAndAllocatesStableSequence" methodname="CompleteExitReleasesBoardSetsInLaneAndAllocatesStableSequence" classname="Tidebound.Tests.ShipMovementSystemTests" runstate="Runnable" seed="1248829489" result="Passed" start-time="2026-09-18 17:27:41Z" end-time="2026-09-18 17:27:41Z" duration="0.001801" asserts="0">
              <properties />
            </test-case>
            <test-case id="1276" name="ImmediateBlockPublishesCompletionBeforeFeedbackWithoutLosingOccupancy" fullname="Tidebound.Tests.ShipMovementSystemTests.ImmediateBlockPublishesCompletionBeforeFeedbackWithoutLosingOccupancy" methodname="ImmediateBlockPublishesCompletionBeforeFeedbackWithoutLosingOccupancy" classname="Tidebound.Tests.ShipMovementSystemTests" runstate="Runnable" seed="368768479" result="Passed" start-time="2026-09-18 17:27:41Z" end-time="2026-09-18 17:27:41Z" duration="0.000580" asserts="0">
              <properties />
            </test-case>
            <test-case id="1274" name="SessionLifecycleControlsWhetherClicksAndCompletionAreAccepted" fullname="Tidebound.Tests.ShipMovementSystemTests.SessionLifecycleControlsWhetherClicksAndCompletionAreAccepted" methodname="SessionLifecycleControlsWhetherClicksAndCompletionAreAccepted" classname="Tidebound.Tests.ShipMovementSystemTests" runstate="Runnable" seed="1604683442" result="Passed" start-time="2026-09-18 17:27:41Z" end-time="2026-09-18 17:27:41Z" duration="0.000419" asserts="0">
              <properties />
            </test-case>
            <test-case id="1279" name="TestLevelReferenceSequenceProducesSevenOrderedExits" fullname="Tidebound.Tests.ShipMovementSystemTests.TestLevelReferenceSequenceProducesSevenOrderedExits" methodname="TestLevelReferenceSequenceProducesSevenOrderedExits" classname="Tidebound.Tests.ShipMovementSystemTests" runstate="Runnable" seed="226834388" result="Passed" start-time="2026-09-18 17:27:41Z" end-time="2026-09-18 17:27:41Z" duration="0.001361" asserts="0">
              <properties />
            </test-case>
            <test-case id="1278" name="UnknownAndNonIdleShipsAreRejectedWithoutEvents" fullname="Tidebound.Tests.ShipMovementSystemTests.UnknownAndNonIdleShipsAreRejectedWithoutEvents" methodname="UnknownAndNonIdleShipsAreRejectedWithoutEvents" classname="Tidebound.Tests.ShipMovementSystemTests" runstate="Runnable" seed="1972279987" result="Passed" start-time="2026-09-18 17:27:41Z" end-time="2026-09-18 17:27:41Z" duration="0.000274" asserts="0">
              <properties />
            </test-case>
          </test-suite>
          <test-suite type="TestFixture" id="1280" name="TransitSystemTests" fullname="Tidebound.Tests.TransitSystemTests" classname="Tidebound.Tests.TransitSystemTests" runstate="Runnable" testcasecount="8" result="Passed" start-time="2026-09-18 17:27:41Z" end-time="2026-09-18 17:27:41Z" duration="0.006972" total="8" passed="8" failed="0" inconclusive="0" skipped="0" asserts="0">
            <properties />
            <test-case id="1287" name="DisposeUnsubscribesFromFutureExitEvents" fullname="Tidebound.Tests.TransitSystemTests.DisposeUnsubscribesFromFutureExitEvents" methodname="DisposeUnsubscribesFromFutureExitEvents" classname="Tidebound.Tests.TransitSystemTests" runstate="Runnable" seed="89781518" result="Passed" start-time="2026-09-18 17:27:41Z" end-time="2026-09-18 17:27:41Z" duration="0.000572" asserts="0">
              <properties />
            </test-case>
            <test-case id="1282" name="ExitEventAutomaticallyTraversesAndEntersFleetAtDefinedTimes" fullname="Tidebound.Tests.TransitSystemTests.ExitEventAutomaticallyTraversesAndEntersFleetAtDefinedTimes" methodname="ExitEventAutomaticallyTraversesAndEntersFleetAtDefinedTimes" classname="Tidebound.Tests.TransitSystemTests" runstate="Runnable" seed="370732499" result="Passed" start-time="2026-09-18 17:27:41Z" end-time="2026-09-18 17:27:41Z" duration="0.001226" asserts="0">
              <properties />
            </test-case>
            <test-case id="1286" name="InvalidDuplicateAndCrossSessionEventsCannotCreateExtraEntries" fullname="Tidebound.Tests.TransitSystemTests.InvalidDuplicateAndCrossSessionEventsCannotCreateExtraEntries" methodname="InvalidDuplicateAndCrossSessionEventsCannotCreateExtraEntries" classname="Tidebound.Tests.TransitSystemTests" runstate="Runnable" seed="1635555473" result="Passed" start-time="2026-09-18 17:27:41Z" end-time="2026-09-18 17:27:41Z" duration="0.000463" asserts="0">
              <properties />
            </test-case>
            <test-case id="1284" name="LargeAdvancePreservesFifoAndEntranceSpacing" fullname="Tidebound.Tests.TransitSystemTests.LargeAdvancePreservesFifoAndEntranceSpacing" methodname="LargeAdvancePreservesFifoAndEntranceSpacing" classname="Tidebound.Tests.TransitSystemTests" runstate="Runnable" seed="428258449" result="Passed" start-time="2026-09-18 17:27:41Z" end-time="2026-09-18 17:27:41Z" duration="0.000864" asserts="0">
              <properties />
            </test-case>
            <test-case id="1283" name="LaterSequenceWaitsEvenWhenItReachedEntranceFirst" fullname="Tidebound.Tests.TransitSystemTests.LaterSequenceWaitsEvenWhenItReachedEntranceFirst" methodname="LaterSequenceWaitsEvenWhenItReachedEntranceFirst" classname="Tidebound.Tests.TransitSystemTests" runstate="Runnable" seed="1154829746" result="Passed" start-time="2026-09-18 17:27:41Z" end-time="2026-09-18 17:27:41Z" duration="0.000749" asserts="0">
              <properties />
            </test-case>
            <test-case id="1285" name="PauseFreezesPathAndEntranceProgress" fullname="Tidebound.Tests.TransitSystemTests.PauseFreezesPathAndEntranceProgress" methodname="PauseFreezesPathAndEntranceProgress" classname="Tidebound.Tests.TransitSystemTests" runstate="Runnable" seed="1036195469" result="Passed" start-time="2026-09-18 17:27:41Z" end-time="2026-09-18 17:27:41Z" duration="0.000349" asserts="0">
              <properties />
            </test-case>
            <test-case id="1281" name="RouteResolverMapsFourEdgesAndBottomTieUsesRight" fullname="Tidebound.Tests.TransitSystemTests.RouteResolverMapsFourEdgesAndBottomTieUsesRight" methodname="RouteResolverMapsFourEdgesAndBottomTieUsesRight" classname="Tidebound.Tests.TransitSystemTests" runstate="Runnable" seed="1310056894" result="Passed" start-time="2026-09-18 17:27:41Z" end-time="2026-09-18 17:27:41Z" duration="0.000204" asserts="0">
              <properties />
            </test-case>
            <test-case id="1288" name="TestLevelReferenceSequenceMovesAllSevenShipsIntoFleetOnce" fullname="Tidebound.Tests.TransitSystemTests.TestLevelReferenceSequenceMovesAllSevenShipsIntoFleetOnce" methodname="TestLevelReferenceSequenceMovesAllSevenShipsIntoFleetOnce" classname="Tidebound.Tests.TransitSystemTests" runstate="Runnable" seed="1184574138" result="Passed" start-time="2026-09-18 17:27:41Z" end-time="2026-09-18 17:27:41Z" duration="0.001292" asserts="0">
              <properties />
            </test-case>
          </test-suite>
        </test-suite>
      </test-suite>
    </test-suite>
  </test-suite>
</test-run>