<?xml version="1.0" encoding="utf-8"?>
<test-run id="2" testcasecount="79" result="Passed" total="79" passed="79" failed="0" inconclusive="0" skipped="0" asserts="0" engine-version="3.5.0.0" clr-version="4.0.30319.42000" start-time="2026-09-18 07:41:39Z" end-time="2026-09-18 07:41:39Z" duration="0.2278679">
  <test-suite type="TestSuite" id="1100" name="Valet Parking 3D" fullname="Valet Parking 3D" runstate="Runnable" testcasecount="79" result="Passed" start-time="2026-09-18 07:41:39Z" end-time="2026-09-18 07:41:39Z" duration="0.227868" total="79" passed="79" failed="0" inconclusive="0" skipped="0" asserts="0">
    <properties />
    <test-suite type="Assembly" id="1193" name="Tidebound.Tests.EditMode.dll" fullname="/Users/flyn_n/Documents/Tidebound Fleet（潮汐舰队）/10_开发工作区/TideboundFleet_Unity/Library/ScriptAssemblies/Tidebound.Tests.EditMode.dll" runstate="Runnable" testcasecount="79" result="Passed" start-time="2026-09-18 07:41:39Z" end-time="2026-09-18 07:41:39Z" duration="0.208724" total="79" passed="79" failed="0" inconclusive="0" skipped="0" asserts="0">
      <properties>
        <property name="_PID" value="40190" />
        <property name="_APPDOMAIN" value="Unity Child Domain" />
        <property name="platform" value="EditMode" />
      </properties>
      <test-suite type="TestSuite" id="1194" name="Tidebound" fullname="Tidebound" runstate="Runnable" testcasecount="79" result="Passed" start-time="2026-09-18 07:41:39Z" end-time="2026-09-18 07:41:39Z" duration="0.207394" total="79" passed="79" failed="0" inconclusive="0" skipped="0" asserts="0">
        <properties />
        <test-suite type="TestSuite" id="1195" name="Tests" fullname="Tidebound.Tests" runstate="Runnable" testcasecount="79" result="Passed" start-time="2026-09-18 07:41:39Z" end-time="2026-09-18 07:41:39Z" duration="0.207199" total="79" passed="79" failed="0" inconclusive="0" skipped="0" asserts="0">
          <properties />
          <test-suite type="TestFixture" id="1101" name="AssemblyBoundaryTests" fullname="Tidebound.Tests.AssemblyBoundaryTests" classname="Tidebound.Tests.AssemblyBoundaryTests" runstate="Runnable" testcasecount="2" result="Passed" start-time="2026-09-18 07:41:39Z" end-time="2026-09-18 07:41:39Z" duration="0.117116" total="2" passed="2" failed="0" inconclusive="0" skipped="0" asserts="0">
            <properties />
            <test-case id="1102" name="LogicAssembliesCannotReferenceUnityOrLegacyGameplay" fullname="Tidebound.Tests.AssemblyBoundaryTests.LogicAssembliesCannotReferenceUnityOrLegacyGameplay" methodname="LogicAssembliesCannotReferenceUnityOrLegacyGameplay" classname="Tidebound.Tests.AssemblyBoundaryTests" runstate="Runnable" seed="1563936477" result="Passed" start-time="2026-09-18 07:41:39Z" end-time="2026-09-18 07:41:39Z" duration="0.020259" asserts="0">
              <properties />
            </test-case>
            <test-case id="1103" name="TideboundRuntimeDependenciesExcludeLegacyAndEditorAssemblies" fullname="Tidebound.Tests.AssemblyBoundaryTests.TideboundRuntimeDependenciesExcludeLegacyAndEditorAssemblies" methodname="TideboundRuntimeDependenciesExcludeLegacyAndEditorAssemblies" classname="Tidebound.Tests.AssemblyBoundaryTests" runstate="Runnable" seed="1969086708" result="Passed" start-time="2026-09-18 07:41:39Z" end-time="2026-09-18 07:41:39Z" duration="0.087907" asserts="0">
              <properties />
            </test-case>
          </test-suite>
          <test-suite type="TestFixture" id="1104" name="BoardQueryTests" fullname="Tidebound.Tests.BoardQueryTests" classname="Tidebound.Tests.BoardQueryTests" runstate="Runnable" testcasecount="14" result="Passed" start-time="2026-09-18 07:41:39Z" end-time="2026-09-18 07:41:39Z" duration="0.033731" total="14" passed="14" failed="0" inconclusive="0" skipped="0" asserts="0">
            <properties />
            <test-case id="1107" name="BlockAfterGapStopsAtTheLastLegalTailPosition" fullname="Tidebound.Tests.BoardQueryTests.BlockAfterGapStopsAtTheLastLegalTailPosition" methodname="BlockAfterGapStopsAtTheLastLegalTailPosition" classname="Tidebound.Tests.BoardQueryTests" runstate="Runnable" seed="303514784" result="Passed" start-time="2026-09-18 07:41:39Z" end-time="2026-09-18 07:41:39Z" duration="0.011343" asserts="0">
              <properties />
            </test-case>
            <test-case id="1108" name="BlockedTransactionMovesOccupancyAtomicallyAndPreservesTheSourceBoard" fullname="Tidebound.Tests.BoardQueryTests.BlockedTransactionMovesOccupancyAtomicallyAndPreservesTheSourceBoard" methodname="BlockedTransactionMovesOccupancyAtomicallyAndPreservesTheSourceBoard" classname="Tidebound.Tests.BoardQueryTests" runstate="Runnable" seed="1430478654" result="Passed" start-time="2026-09-18 07:41:39Z" end-time="2026-09-18 07:41:39Z" duration="0.002556" asserts="0">
              <properties />
            </test-case>
            <test-case id="1105" name="BoardIndexesCompleteFootprintsAndExposesCopiedShipSnapshots" fullname="Tidebound.Tests.BoardQueryTests.BoardIndexesCompleteFootprintsAndExposesCopiedShipSnapshots" methodname="BoardIndexesCompleteFootprintsAndExposesCopiedShipSnapshots" classname="Tidebound.Tests.BoardQueryTests" runstate="Runnable" seed="172989517" result="Passed" start-time="2026-09-18 07:41:39Z" end-time="2026-09-18 07:41:39Z" duration="0.001400" asserts="0">
              <properties />
            </test-case>
            <test-case id="1118" name="BoardQueriesStayConsistentWhenRuntimeObjectsAreEditedDirectly" fullname="Tidebound.Tests.BoardQueryTests.BoardQueriesStayConsistentWhenRuntimeObjectsAreEditedDirectly" methodname="BoardQueriesStayConsistentWhenRuntimeObjectsAreEditedDirectly" classname="Tidebound.Tests.BoardQueryTests" runstate="Runnable" seed="1847005867" result="Passed" start-time="2026-09-18 07:41:39Z" end-time="2026-09-18 07:41:39Z" duration="0.000454" asserts="0">
              <properties />
            </test-case>
            <test-suite type="ParameterizedMethod" id="1115" name="ClearPathInEveryDirectionTargetsACompletelyExitedTail" fullname="Tidebound.Tests.BoardQueryTests.ClearPathInEveryDirectionTargetsACompletelyExitedTail" classname="Tidebound.Tests.BoardQueryTests" runstate="Runnable" testcasecount="4" result="Passed" start-time="2026-09-18 07:41:39Z" end-time="2026-09-18 07:41:39Z" duration="0.001567" total="4" passed="4" failed="0" inconclusive="0" skipped="0" asserts="0">
              <properties />
              <test-case id="1111" name="ClearPathInEveryDirectionTargetsACompletelyExitedTail(Up,2,1,2,6)" fullname="Tidebound.Tests.BoardQueryTests.ClearPathInEveryDirectionTargetsACompletelyExitedTail(Up,2,1,2,6)" methodname="ClearPathInEveryDirectionTargetsACompletelyExitedTail" classname="Tidebound.Tests.BoardQueryTests" runstate="Runnable" seed="720558522" result="Passed" start-time="2026-09-18 07:41:39Z" end-time="2026-09-18 07:41:39Z" duration="0.000492" asserts="0">
                <properties />
              </test-case>
              <test-case id="1112" name="ClearPathInEveryDirectionTargetsACompletelyExitedTail(Down,2,4,2,-1)" fullname="Tidebound.Tests.BoardQueryTests.ClearPathInEveryDirectionTargetsACompletelyExitedTail(Down,2,4,2,-1)" methodname="ClearPathInEveryDirectionTargetsACompletelyExitedTail" classname="Tidebound.Tests.BoardQueryTests" runstate="Runnable" seed="1029165963" result="Passed" start-time="2026-09-18 07:41:39Z" end-time="2026-09-18 07:41:39Z" duration="0.000093" asserts="0">
                <properties />
              </test-case>
              <test-case id="1113" name="ClearPathInEveryDirectionTargetsACompletelyExitedTail(Left,4,2,-1,2)" fullname="Tidebound.Tests.BoardQueryTests.ClearPathInEveryDirectionTargetsACompletelyExitedTail(Left,4,2,-1,2)" methodname="ClearPathInEveryDirectionTargetsACompletelyExitedTail" classname="Tidebound.Tests.BoardQueryTests" runstate="Runnable" seed="1413860017" result="Passed" start-time="2026-09-18 07:41:39Z" end-time="2026-09-18 07:41:39Z" duration="0.000103" asserts="0">
                <properties />
              </test-case>
              <test-case id="1114" name="ClearPathInEveryDirectionTargetsACompletelyExitedTail(Right,1,2,6,2)" fullname="Tidebound.Tests.BoardQueryTests.ClearPathInEveryDirectionTargetsACompletelyExitedTail(Right,1,2,6,2)" methodname="ClearPathInEveryDirectionTargetsACompletelyExitedTail" classname="Tidebound.Tests.BoardQueryTests" runstate="Runnable" seed="823775293" result="Passed" start-time="2026-09-18 07:41:39Z" end-time="2026-09-18 07:41:39Z" duration="0.000087" asserts="0">
                <properties />
              </test-case>
            </test-suite>
            <test-case id="1110" name="ExitTransactionRemovesOnlyTheDepartingShip" fullname="Tidebound.Tests.BoardQueryTests.ExitTransactionRemovesOnlyTheDepartingShip" methodname="ExitTransactionRemovesOnlyTheDepartingShip" classname="Tidebound.Tests.BoardQueryTests" runstate="Runnable" seed="989378213" result="Passed" start-time="2026-09-18 07:41:39Z" end-time="2026-09-18 07:41:39Z" duration="0.000366" asserts="0">
              <properties />
            </test-case>
            <test-case id="1106" name="ImmediateBlockReturnsZeroTravelAndKeepsTheOriginTail" fullname="Tidebound.Tests.BoardQueryTests.ImmediateBlockReturnsZeroTravelAndKeepsTheOriginTail" methodname="ImmediateBlockReturnsZeroTravelAndKeepsTheOriginTail" classname="Tidebound.Tests.BoardQueryTests" runstate="Runnable" seed="1539495265" result="Passed" start-time="2026-09-18 07:41:39Z" end-time="2026-09-18 07:41:39Z" duration="0.000384" asserts="0">
              <properties />
            </test-case>
            <test-case id="1116" name="TestLevelQueriesMatchTheAuthoredOpeningBlockers" fullname="Tidebound.Tests.BoardQueryTests.TestLevelQueriesMatchTheAuthoredOpeningBlockers" methodname="TestLevelQueriesMatchTheAuthoredOpeningBlockers" classname="Tidebound.Tests.BoardQueryTests" runstate="Runnable" seed="69834195" result="Passed" start-time="2026-09-18 07:41:39Z" end-time="2026-09-18 07:41:39Z" duration="0.011079" asserts="0">
              <properties />
            </test-case>
            <test-case id="1117" name="TestLevelReferenceSequenceClearsTheImmutableBoardWithoutEditingTheSession" fullname="Tidebound.Tests.BoardQueryTests.TestLevelReferenceSequenceClearsTheImmutableBoardWithoutEditingTheSession" methodname="TestLevelReferenceSequenceClearsTheImmutableBoardWithoutEditingTheSession" classname="Tidebound.Tests.BoardQueryTests" runstate="Runnable" seed="1394089818" result="Passed" start-time="2026-09-18 07:41:39Z" end-time="2026-09-18 07:41:39Z" duration="0.000921" asserts="0">
              <properties />
            </test-case>
            <test-case id="1119" name="UnknownOrEmptyShipIdsFailWithoutChangingTheBoard" fullname="Tidebound.Tests.BoardQueryTests.UnknownOrEmptyShipIdsFailWithoutChangingTheBoard" methodname="UnknownOrEmptyShipIdsFailWithoutChangingTheBoard" classname="Tidebound.Tests.BoardQueryTests" runstate="Runnable" seed="506323786" result="Passed" start-time="2026-09-18 07:41:39Z" end-time="2026-09-18 07:41:39Z" duration="0.000425" asserts="0">
              <properties />
            </test-case>
            <test-case id="1109" name="ZeroDistanceTransactionKeepsEveryOccupiedCell" fullname="Tidebound.Tests.BoardQueryTests.ZeroDistanceTransactionKeepsEveryOccupiedCell" methodname="ZeroDistanceTransactionKeepsEveryOccupiedCell" classname="Tidebound.Tests.BoardQueryTests" runstate="Runnable" seed="278066079" result="Passed" start-time="2026-09-18 07:41:39Z" end-time="2026-09-18 07:41:39Z" duration="0.000405" asserts="0">
              <properties />
            </test-case>
          </test-suite>
          <test-suite type="TestFixture" id="1120" name="BoardValidationTests" fullname="Tidebound.Tests.BoardValidationTests" classname="Tidebound.Tests.BoardValidationTests" runstate="Runnable" testcasecount="29" result="Passed" start-time="2026-09-18 07:41:39Z" end-time="2026-09-18 07:41:39Z" duration="0.018758" total="29" passed="29" failed="0" inconclusive="0" skipped="0" asserts="0">
            <properties />
            <test-case id="1151" name="DuplicateCatalogIdsAreRejectedInsteadOfChoosingAnArbitraryAsset" fullname="Tidebound.Tests.BoardValidationTests.DuplicateCatalogIdsAreRejectedInsteadOfChoosingAnArbitraryAsset" methodname="DuplicateCatalogIdsAreRejectedInsteadOfChoosingAnArbitraryAsset" classname="Tidebound.Tests.BoardValidationTests" runstate="Runnable" seed="1919990964" result="Passed" start-time="2026-09-18 07:41:39Z" end-time="2026-09-18 07:41:39Z" duration="0.001205" asserts="0">
              <properties />
            </test-case>
            <test-suite type="ParameterizedMethod" id="1144" name="InvalidLayoutsReturnSpecificDiagnosticsAndCannotStartSession" fullname="Tidebound.Tests.BoardValidationTests.InvalidLayoutsReturnSpecificDiagnosticsAndCannotStartSession" classname="Tidebound.Tests.BoardValidationTests" runstate="Runnable" testcasecount="18" result="Passed" start-time="2026-09-18 07:41:39Z" end-time="2026-09-18 07:41:39Z" duration="0.010693" total="18" passed="18" failed="0" inconclusive="0" skipped="0" asserts="0">
              <properties />
              <test-case id="1126" name="InvalidLayoutsReturnSpecificDiagnosticsAndCannotStartSession(&quot;null&quot;,&quot;LEVEL_NULL&quot;)" fullname="Tidebound.Tests.BoardValidationTests.InvalidLayoutsReturnSpecificDiagnosticsAndCannotStartSession(&quot;null&quot;,&quot;LEVEL_NULL&quot;)" methodname="InvalidLayoutsReturnSpecificDiagnosticsAndCannotStartSession" classname="Tidebound.Tests.BoardValidationTests" runstate="Runnable" seed="1052505092" result="Passed" start-time="2026-09-18 07:41:39Z" end-time="2026-09-18 07:41:39Z" duration="0.001715" asserts="0">
                <properties />
              </test-case>
              <test-case id="1127" name="InvalidLayoutsReturnSpecificDiagnosticsAndCannotStartSession(&quot;schema&quot;,&quot;SCHEMA_UNSUPPORTED&quot;)" fullname="Tidebound.Tests.BoardValidationTests.InvalidLayoutsReturnSpecificDiagnosticsAndCannotStartSession(&quot;schema&quot;,&quot;SCHEMA_UNSUPPORTED&quot;)" methodname="InvalidLayoutsReturnSpecificDiagnosticsAndCannotStartSession" classname="Tidebound.Tests.BoardValidationTests" runstate="Runnable" seed="561586701" result="Passed" start-time="2026-09-18 07:41:39Z" end-time="2026-09-18 07:41:39Z" duration="0.000447" asserts="0">
                <properties />
              </test-case>
              <test-case id="1128" name="InvalidLayoutsReturnSpecificDiagnosticsAndCannotStartSession(&quot;levelId&quot;,&quot;ID_INVALID&quot;)" fullname="Tidebound.Tests.BoardValidationTests.InvalidLayoutsReturnSpecificDiagnosticsAndCannotStartSession(&quot;levelId&quot;,&quot;ID_INVALID&quot;)" methodname="InvalidLayoutsReturnSpecificDiagnosticsAndCannotStartSession" classname="Tidebound.Tests.BoardValidationTests" runstate="Runnable" seed="1508354276" result="Passed" start-time="2026-09-18 07:41:39Z" end-time="2026-09-18 07:41:39Z" duration="0.000364" asserts="0">
                <properties />
              </test-case>
              <test-case id="1129" name="InvalidLayoutsReturnSpecificDiagnosticsAndCannotStartSession(&quot;widthZero&quot;,&quot;BOARD_SIZE_INVALID&quot;)" fullname="Tidebound.Tests.BoardValidationTests.InvalidLayoutsReturnSpecificDiagnosticsAndCannotStartSession(&quot;widthZero&quot;,&quot;BOARD_SIZE_INVALID&quot;)" methodname="InvalidLayoutsReturnSpecificDiagnosticsAndCannotStartSession" classname="Tidebound.Tests.BoardValidationTests" runstate="Runnable" seed="654655796" result="Passed" start-time="2026-09-18 07:41:39Z" end-time="2026-09-18 07:41:39Z" duration="0.000418" asserts="0">
                <properties />
              </test-case>
              <test-case id="1130" name="InvalidLayoutsReturnSpecificDiagnosticsAndCannotStartSession(&quot;widthLarge&quot;,&quot;BOARD_SIZE_INVALID&quot;)" fullname="Tidebound.Tests.BoardValidationTests.InvalidLayoutsReturnSpecificDiagnosticsAndCannotStartSession(&quot;widthLarge&quot;,&quot;BOARD_SIZE_INVALID&quot;)" methodname="InvalidLayoutsReturnSpecificDiagnosticsAndCannotStartSession" classname="Tidebound.Tests.BoardValidationTests" runstate="Runnable" seed="206773662" result="Passed" start-time="2026-09-18 07:41:39Z" end-time="2026-09-18 07:41:39Z" duration="0.000393" asserts="0">
                <properties />
              </test-case>
              <test-case id="1131" name="InvalidLayoutsReturnSpecificDiagnosticsAndCannotStartSession(&quot;heightLarge&quot;,&quot;BOARD_SIZE_INVALID&quot;)" fullname="Tidebound.Tests.BoardValidationTests.InvalidLayoutsReturnSpecificDiagnosticsAndCannotStartSession(&quot;heightLarge&quot;,&quot;BOARD_SIZE_INVALID&quot;)" methodname="InvalidLayoutsReturnSpecificDiagnosticsAndCannotStartSession" classname="Tidebound.Tests.BoardValidationTests" runstate="Runnable" seed="771101981" result="Passed" start-time="2026-09-18 07:41:39Z" end-time="2026-09-18 07:41:39Z" duration="0.000498" asserts="0">
                <properties />
              </test-case>
              <test-case id="1132" name="InvalidLayoutsReturnSpecificDiagnosticsAndCannotStartSession(&quot;boss&quot;,&quot;BOSS_UNKNOWN&quot;)" fullname="Tidebound.Tests.BoardValidationTests.InvalidLayoutsReturnSpecificDiagnosticsAndCannotStartSession(&quot;boss&quot;,&quot;BOSS_UNKNOWN&quot;)" methodname="InvalidLayoutsReturnSpecificDiagnosticsAndCannotStartSession" classname="Tidebound.Tests.BoardValidationTests" runstate="Runnable" seed="1782889661" result="Passed" start-time="2026-09-18 07:41:39Z" end-time="2026-09-18 07:41:39Z" duration="0.000473" asserts="0">
                <properties />
              </test-case>
              <test-case id="1133" name="InvalidLayoutsReturnSpecificDiagnosticsAndCannotStartSession(&quot;empty&quot;,&quot;SHIPS_EMPTY&quot;)" fullname="Tidebound.Tests.BoardValidationTests.InvalidLayoutsReturnSpecificDiagnosticsAndCannotStartSession(&quot;empty&quot;,&quot;SHIPS_EMPTY&quot;)" methodname="InvalidLayoutsReturnSpecificDiagnosticsAndCannotStartSession" classname="Tidebound.Tests.BoardValidationTests" runstate="Runnable" seed="566200337" result="Passed" start-time="2026-09-18 07:41:39Z" end-time="2026-09-18 07:41:39Z" duration="0.000342" asserts="0">
                <properties />
              </test-case>
              <test-case id="1134" name="InvalidLayoutsReturnSpecificDiagnosticsAndCannotStartSession(&quot;nullShips&quot;,&quot;SHIPS_EMPTY&quot;)" fullname="Tidebound.Tests.BoardValidationTests.InvalidLayoutsReturnSpecificDiagnosticsAndCannotStartSession(&quot;nullShips&quot;,&quot;SHIPS_EMPTY&quot;)" methodname="InvalidLayoutsReturnSpecificDiagnosticsAndCannotStartSession" classname="Tidebound.Tests.BoardValidationTests" runstate="Runnable" seed="1540182339" result="Passed" start-time="2026-09-18 07:41:39Z" end-time="2026-09-18 07:41:39Z" duration="0.000343" asserts="0">
                <properties />
              </test-case>
              <test-case id="1135" name="InvalidLayoutsReturnSpecificDiagnosticsAndCannotStartSession(&quot;nullShip&quot;,&quot;SHIP_NULL&quot;)" fullname="Tidebound.Tests.BoardValidationTests.InvalidLayoutsReturnSpecificDiagnosticsAndCannotStartSession(&quot;nullShip&quot;,&quot;SHIP_NULL&quot;)" methodname="InvalidLayoutsReturnSpecificDiagnosticsAndCannotStartSession" classname="Tidebound.Tests.BoardValidationTests" runstate="Runnable" seed="2134153810" result="Passed" start-time="2026-09-18 07:41:39Z" end-time="2026-09-18 07:41:39Z" duration="0.000354" asserts="0">
                <properties />
              </test-case>
              <test-case id="1136" name="InvalidLayoutsReturnSpecificDiagnosticsAndCannotStartSession(&quot;shipId&quot;,&quot;ID_INVALID&quot;)" fullname="Tidebound.Tests.BoardValidationTests.InvalidLayoutsReturnSpecificDiagnosticsAndCannotStartSession(&quot;shipId&quot;,&quot;ID_INVALID&quot;)" methodname="InvalidLayoutsReturnSpecificDiagnosticsAndCannotStartSession" classname="Tidebound.Tests.BoardValidationTests" runstate="Runnable" seed="911601765" result="Passed" start-time="2026-09-18 07:41:39Z" end-time="2026-09-18 07:41:39Z" duration="0.000370" asserts="0">
                <properties />
              </test-case>
              <test-case id="1137" name="InvalidLayoutsReturnSpecificDiagnosticsAndCannotStartSession(&quot;duplicateId&quot;,&quot;SHIP_DUPLICATE&quot;)" fullname="Tidebound.Tests.BoardValidationTests.InvalidLayoutsReturnSpecificDiagnosticsAndCannotStartSession(&quot;duplicateId&quot;,&quot;SHIP_DUPLICATE&quot;)" methodname="InvalidLayoutsReturnSpecificDiagnosticsAndCannotStartSession" classname="Tidebound.Tests.BoardValidationTests" runstate="Runnable" seed="2088894137" result="Passed" start-time="2026-09-18 07:41:39Z" end-time="2026-09-18 07:41:39Z" duration="0.000354" asserts="0">
                <properties />
              </test-case>
              <test-case id="1138" name="InvalidLayoutsReturnSpecificDiagnosticsAndCannotStartSession(&quot;type&quot;,&quot;TYPE_UNKNOWN&quot;)" fullname="Tidebound.Tests.BoardValidationTests.InvalidLayoutsReturnSpecificDiagnosticsAndCannotStartSession(&quot;type&quot;,&quot;TYPE_UNKNOWN&quot;)" methodname="InvalidLayoutsReturnSpecificDiagnosticsAndCannotStartSession" classname="Tidebound.Tests.BoardValidationTests" runstate="Runnable" seed="660640085" result="Passed" start-time="2026-09-18 07:41:39Z" end-time="2026-09-18 07:41:39Z" duration="0.000351" asserts="0">
                <properties />
              </test-case>
              <test-case id="1139" name="InvalidLayoutsReturnSpecificDiagnosticsAndCannotStartSession(&quot;direction&quot;,&quot;DIRECTION_INVALID&quot;)" fullname="Tidebound.Tests.BoardValidationTests.InvalidLayoutsReturnSpecificDiagnosticsAndCannotStartSession(&quot;direction&quot;,&quot;DIRECTION_INVALID&quot;)" methodname="InvalidLayoutsReturnSpecificDiagnosticsAndCannotStartSession" classname="Tidebound.Tests.BoardValidationTests" runstate="Runnable" seed="1216659414" result="Passed" start-time="2026-09-18 07:41:39Z" end-time="2026-09-18 07:41:39Z" duration="0.000533" asserts="0">
                <properties />
              </test-case>
              <test-case id="1140" name="InvalidLayoutsReturnSpecificDiagnosticsAndCannotStartSession(&quot;tailOutside&quot;,&quot;OUT_OF_BOUNDS&quot;)" fullname="Tidebound.Tests.BoardValidationTests.InvalidLayoutsReturnSpecificDiagnosticsAndCannotStartSession(&quot;tailOutside&quot;,&quot;OUT_OF_BOUNDS&quot;)" methodname="InvalidLayoutsReturnSpecificDiagnosticsAndCannotStartSession" classname="Tidebound.Tests.BoardValidationTests" runstate="Runnable" seed="1676445419" result="Passed" start-time="2026-09-18 07:41:39Z" end-time="2026-09-18 07:41:39Z" duration="0.000481" asserts="0">
                <properties />
              </test-case>
              <test-case id="1141" name="InvalidLayoutsReturnSpecificDiagnosticsAndCannotStartSession(&quot;headOutside&quot;,&quot;OUT_OF_BOUNDS&quot;)" fullname="Tidebound.Tests.BoardValidationTests.InvalidLayoutsReturnSpecificDiagnosticsAndCannotStartSession(&quot;headOutside&quot;,&quot;OUT_OF_BOUNDS&quot;)" methodname="InvalidLayoutsReturnSpecificDiagnosticsAndCannotStartSession" classname="Tidebound.Tests.BoardValidationTests" runstate="Runnable" seed="908809770" result="Passed" start-time="2026-09-18 07:41:39Z" end-time="2026-09-18 07:41:39Z" duration="0.000390" asserts="0">
                <properties />
              </test-case>
              <test-case id="1142" name="InvalidLayoutsReturnSpecificDiagnosticsAndCannotStartSession(&quot;overflowCoordinate&quot;,&quot;OUT_OF_BOUNDS&quot;)" fullname="Tidebound.Tests.BoardValidationTests.InvalidLayoutsReturnSpecificDiagnosticsAndCannotStartSession(&quot;overflowCoordinate&quot;,&quot;OUT_OF_BOUNDS&quot;)" methodname="InvalidLayoutsReturnSpecificDiagnosticsAndCannotStartSession" classname="Tidebound.Tests.BoardValidationTests" runstate="Runnable" seed="144645871" result="Passed" start-time="2026-09-18 07:41:39Z" end-time="2026-09-18 07:41:39Z" duration="0.000369" asserts="0">
                <properties />
              </test-case>
              <test-case id="1143" name="InvalidLayoutsReturnSpecificDiagnosticsAndCannotStartSession(&quot;overlap&quot;,&quot;OVERLAP&quot;)" fullname="Tidebound.Tests.BoardValidationTests.InvalidLayoutsReturnSpecificDiagnosticsAndCannotStartSession(&quot;overlap&quot;,&quot;OVERLAP&quot;)" methodname="InvalidLayoutsReturnSpecificDiagnosticsAndCannotStartSession" classname="Tidebound.Tests.BoardValidationTests" runstate="Runnable" seed="517164403" result="Passed" start-time="2026-09-18 07:41:39Z" end-time="2026-09-18 07:41:39Z" duration="0.000476" asserts="0">
                <properties />
              </test-case>
            </test-suite>
            <test-suite type="ParameterizedMethod" id="1150" name="InvalidLogicConfigsAndDamageOverflowAreRejected" fullname="Tidebound.Tests.BoardValidationTests.InvalidLogicConfigsAndDamageOverflowAreRejected" classname="Tidebound.Tests.BoardValidationTests" runstate="Runnable" testcasecount="5" result="Passed" start-time="2026-09-18 07:41:39Z" end-time="2026-09-18 07:41:39Z" duration="0.003082" total="5" passed="5" failed="0" inconclusive="0" skipped="0" asserts="0">
              <properties />
              <test-case id="1145" name="InvalidLogicConfigsAndDamageOverflowAreRejected(0,10,&quot;LENGTH_INVALID&quot;)" fullname="Tidebound.Tests.BoardValidationTests.InvalidLogicConfigsAndDamageOverflowAreRejected(0,10,&quot;LENGTH_INVALID&quot;)" methodname="InvalidLogicConfigsAndDamageOverflowAreRejected" classname="Tidebound.Tests.BoardValidationTests" runstate="Runnable" seed="950163567" result="Passed" start-time="2026-09-18 07:41:39Z" end-time="2026-09-18 07:41:39Z" duration="0.000676" asserts="0">
                <properties />
              </test-case>
              <test-case id="1146" name="InvalidLogicConfigsAndDamageOverflowAreRejected(5,10,&quot;LENGTH_INVALID&quot;)" fullname="Tidebound.Tests.BoardValidationTests.InvalidLogicConfigsAndDamageOverflowAreRejected(5,10,&quot;LENGTH_INVALID&quot;)" methodname="InvalidLogicConfigsAndDamageOverflowAreRejected" classname="Tidebound.Tests.BoardValidationTests" runstate="Runnable" seed="1198913285" result="Passed" start-time="2026-09-18 07:41:39Z" end-time="2026-09-18 07:41:39Z" duration="0.000362" asserts="0">
                <properties />
              </test-case>
              <test-case id="1147" name="InvalidLogicConfigsAndDamageOverflowAreRejected(2,0,&quot;DAMAGE_INVALID&quot;)" fullname="Tidebound.Tests.BoardValidationTests.InvalidLogicConfigsAndDamageOverflowAreRejected(2,0,&quot;DAMAGE_INVALID&quot;)" methodname="InvalidLogicConfigsAndDamageOverflowAreRejected" classname="Tidebound.Tests.BoardValidationTests" runstate="Runnable" seed="1357676029" result="Passed" start-time="2026-09-18 07:41:39Z" end-time="2026-09-18 07:41:39Z" duration="0.000370" asserts="0">
                <properties />
              </test-case>
              <test-case id="1148" name="InvalidLogicConfigsAndDamageOverflowAreRejected(2,-1,&quot;DAMAGE_INVALID&quot;)" fullname="Tidebound.Tests.BoardValidationTests.InvalidLogicConfigsAndDamageOverflowAreRejected(2,-1,&quot;DAMAGE_INVALID&quot;)" methodname="InvalidLogicConfigsAndDamageOverflowAreRejected" classname="Tidebound.Tests.BoardValidationTests" runstate="Runnable" seed="859073137" result="Passed" start-time="2026-09-18 07:41:39Z" end-time="2026-09-18 07:41:39Z" duration="0.000420" asserts="0">
                <properties />
              </test-case>
              <test-case id="1149" name="InvalidLogicConfigsAndDamageOverflowAreRejected(2,int.MaxValue,&quot;TOTAL_DAMAGE_INVALID&quot;)" fullname="Tidebound.Tests.BoardValidationTests.InvalidLogicConfigsAndDamageOverflowAreRejected(2,int.MaxValue,&quot;TOTAL_DAMAGE_INVALID&quot;)" methodname="InvalidLogicConfigsAndDamageOverflowAreRejected" classname="Tidebound.Tests.BoardValidationTests" runstate="Runnable" seed="660405894" result="Passed" start-time="2026-09-18 07:41:39Z" end-time="2026-09-18 07:41:39Z" duration="0.000342" asserts="0">
                <properties />
              </test-case>
            </test-suite>
            <test-case id="1152" name="MixedTypesDetermineLengthAndHpFromTheCatalog" fullname="Tidebound.Tests.BoardValidationTests.MixedTypesDetermineLengthAndHpFromTheCatalog" methodname="MixedTypesDetermineLengthAndHpFromTheCatalog" classname="Tidebound.Tests.BoardValidationTests" runstate="Runnable" seed="366662221" result="Passed" start-time="2026-09-18 07:41:39Z" end-time="2026-09-18 07:41:39Z" duration="0.000474" asserts="0">
              <properties />
            </test-case>
            <test-suite type="ParameterizedMethod" id="1125" name="TailAnchorCoversEveryCellInEachDirection" fullname="Tidebound.Tests.BoardValidationTests.TailAnchorCoversEveryCellInEachDirection" classname="Tidebound.Tests.BoardValidationTests" runstate="Runnable" testcasecount="4" result="Passed" start-time="2026-09-18 07:41:39Z" end-time="2026-09-18 07:41:39Z" duration="0.001966" total="4" passed="4" failed="0" inconclusive="0" skipped="0" asserts="0">
              <properties />
              <test-case id="1121" name="TailAnchorCoversEveryCellInEachDirection(Up,2,1,2,2,2,3)" fullname="Tidebound.Tests.BoardValidationTests.TailAnchorCoversEveryCellInEachDirection(Up,2,1,2,2,2,3)" methodname="TailAnchorCoversEveryCellInEachDirection" classname="Tidebound.Tests.BoardValidationTests" runstate="Runnable" seed="1858199926" result="Passed" start-time="2026-09-18 07:41:39Z" end-time="2026-09-18 07:41:39Z" duration="0.000933" asserts="0">
                <properties />
              </test-case>
              <test-case id="1122" name="TailAnchorCoversEveryCellInEachDirection(Down,2,3,2,2,2,1)" fullname="Tidebound.Tests.BoardValidationTests.TailAnchorCoversEveryCellInEachDirection(Down,2,3,2,2,2,1)" methodname="TailAnchorCoversEveryCellInEachDirection" classname="Tidebound.Tests.BoardValidationTests" runstate="Runnable" seed="1724765648" result="Passed" start-time="2026-09-18 07:41:39Z" end-time="2026-09-18 07:41:39Z" duration="0.000078" asserts="0">
                <properties />
              </test-case>
              <test-case id="1123" name="TailAnchorCoversEveryCellInEachDirection(Left,3,2,2,2,1,2)" fullname="Tidebound.Tests.BoardValidationTests.TailAnchorCoversEveryCellInEachDirection(Left,3,2,2,2,1,2)" methodname="TailAnchorCoversEveryCellInEachDirection" classname="Tidebound.Tests.BoardValidationTests" runstate="Runnable" seed="741903771" result="Passed" start-time="2026-09-18 07:41:39Z" end-time="2026-09-18 07:41:39Z" duration="0.000062" asserts="0">
                <properties />
              </test-case>
              <test-case id="1124" name="TailAnchorCoversEveryCellInEachDirection(Right,1,2,2,2,3,2)" fullname="Tidebound.Tests.BoardValidationTests.TailAnchorCoversEveryCellInEachDirection(Right,1,2,2,2,3,2)" methodname="TailAnchorCoversEveryCellInEachDirection" classname="Tidebound.Tests.BoardValidationTests" runstate="Runnable" seed="214983842" result="Passed" start-time="2026-09-18 07:41:39Z" end-time="2026-09-18 07:41:39Z" duration="0.000064" asserts="0">
                <properties />
              </test-case>
            </test-suite>
          </test-suite>
          <test-suite type="TestFixture" id="1153" name="EventBusTests" fullname="Tidebound.Tests.EventBusTests" classname="Tidebound.Tests.EventBusTests" runstate="Runnable" testcasecount="6" result="Passed" start-time="2026-09-18 07:41:39Z" end-time="2026-09-18 07:41:39Z" duration="0.009964" total="6" passed="6" failed="0" inconclusive="0" skipped="0" asserts="0">
            <properties />
            <test-case id="1154" name="AllSevenContractsDeliverTheirImmutablePayload" fullname="Tidebound.Tests.EventBusTests.AllSevenContractsDeliverTheirImmutablePayload" methodname="AllSevenContractsDeliverTheirImmutablePayload" classname="Tidebound.Tests.EventBusTests" runstate="Runnable" seed="1495242302" result="Passed" start-time="2026-09-18 07:41:39Z" end-time="2026-09-18 07:41:39Z" duration="0.004710" asserts="0">
              <properties />
            </test-case>
            <test-case id="1158" name="DisposedSessionRejectsFurtherPublicationAndSubscription" fullname="Tidebound.Tests.EventBusTests.DisposedSessionRejectsFurtherPublicationAndSubscription" methodname="DisposedSessionRejectsFurtherPublicationAndSubscription" classname="Tidebound.Tests.EventBusTests" runstate="Runnable" seed="867694391" result="Passed" start-time="2026-09-18 07:41:39Z" end-time="2026-09-18 07:41:39Z" duration="0.000985" asserts="0">
              <properties />
            </test-case>
            <test-case id="1156" name="RemovingOneDuplicateSubscriptionDoesNotRemoveTheOther" fullname="Tidebound.Tests.EventBusTests.RemovingOneDuplicateSubscriptionDoesNotRemoveTheOther" methodname="RemovingOneDuplicateSubscriptionDoesNotRemoveTheOther" classname="Tidebound.Tests.EventBusTests" runstate="Runnable" seed="2122389946" result="Passed" start-time="2026-09-18 07:41:39Z" end-time="2026-09-18 07:41:39Z" duration="0.000239" asserts="0">
              <properties />
            </test-case>
            <test-case id="1159" name="SubscriberErrorsAreVisibleAndStopTheCurrentDispatch" fullname="Tidebound.Tests.EventBusTests.SubscriberErrorsAreVisibleAndStopTheCurrentDispatch" methodname="SubscriberErrorsAreVisibleAndStopTheCurrentDispatch" classname="Tidebound.Tests.EventBusTests" runstate="Runnable" seed="996116097" result="Passed" start-time="2026-09-18 07:41:39Z" end-time="2026-09-18 07:41:39Z" duration="0.000253" asserts="0">
              <properties />
            </test-case>
            <test-case id="1157" name="SubscriptionChangesApplyToTheNextPublicationAndPreserveOrder" fullname="Tidebound.Tests.EventBusTests.SubscriptionChangesApplyToTheNextPublicationAndPreserveOrder" methodname="SubscriptionChangesApplyToTheNextPublicationAndPreserveOrder" classname="Tidebound.Tests.EventBusTests" runstate="Runnable" seed="1635983360" result="Passed" start-time="2026-09-18 07:41:39Z" end-time="2026-09-18 07:41:39Z" duration="0.000751" asserts="0">
              <properties />
            </test-case>
            <test-case id="1155" name="TypesAndSessionsAreIsolatedAndSubscriptionsAreDisposable" fullname="Tidebound.Tests.EventBusTests.TypesAndSessionsAreIsolatedAndSubscriptionsAreDisposable" methodname="TypesAndSessionsAreIsolatedAndSubscriptionsAreDisposable" classname="Tidebound.Tests.EventBusTests" runstate="Runnable" seed="1536256417" result="Passed" start-time="2026-09-18 07:41:39Z" end-time="2026-09-18 07:41:39Z" duration="0.001679" asserts="0">
              <properties />
            </test-case>
          </test-suite>
          <test-suite type="TestFixture" id="1160" name="LevelJsonReaderTests" fullname="Tidebound.Tests.LevelJsonReaderTests" classname="Tidebound.Tests.LevelJsonReaderTests" runstate="Runnable" testcasecount="20" result="Passed" start-time="2026-09-18 07:41:39Z" end-time="2026-09-18 07:41:39Z" duration="0.015327" total="20" passed="20" failed="0" inconclusive="0" skipped="0" asserts="0">
            <properties />
            <test-suite type="ParameterizedMethod" id="1166" name="MalformedOrDuplicateJsonIsRejected" fullname="Tidebound.Tests.LevelJsonReaderTests.MalformedOrDuplicateJsonIsRejected" classname="Tidebound.Tests.LevelJsonReaderTests" runstate="Runnable" testcasecount="5" result="Passed" start-time="2026-09-18 07:41:39Z" end-time="2026-09-18 07:41:39Z" duration="0.002008" total="5" passed="5" failed="0" inconclusive="0" skipped="0" asserts="0">
              <properties />
              <test-case id="1161" name="MalformedOrDuplicateJsonIsRejected(&quot;&quot;)" fullname="Tidebound.Tests.LevelJsonReaderTests.MalformedOrDuplicateJsonIsRejected(&quot;&quot;)" methodname="MalformedOrDuplicateJsonIsRejected" classname="Tidebound.Tests.LevelJsonReaderTests" runstate="Runnable" seed="101546565" result="Passed" start-time="2026-09-18 07:41:39Z" end-time="2026-09-18 07:41:39Z" duration="0.000225" asserts="0">
                <properties />
              </test-case>
              <test-case id="1162" name="MalformedOrDuplicateJsonIsRejected(&quot;null&quot;)" fullname="Tidebound.Tests.LevelJsonReaderTests.MalformedOrDuplicateJsonIsRejected(&quot;null&quot;)" methodname="MalformedOrDuplicateJsonIsRejected" classname="Tidebound.Tests.LevelJsonReaderTests" runstate="Runnable" seed="1125665954" result="Passed" start-time="2026-09-18 07:41:39Z" end-time="2026-09-18 07:41:39Z" duration="0.000113" asserts="0">
                <properties />
              </test-case>
              <test-case id="1163" name="MalformedOrDuplicateJsonIsRejected(&quot;[]&quot;)" fullname="Tidebound.Tests.LevelJsonReaderTests.MalformedOrDuplicateJsonIsRejected(&quot;[]&quot;)" methodname="MalformedOrDuplicateJsonIsRejected" classname="Tidebound.Tests.LevelJsonReaderTests" runstate="Runnable" seed="619713144" result="Passed" start-time="2026-09-18 07:41:39Z" end-time="2026-09-18 07:41:39Z" duration="0.000245" asserts="0">
                <properties />
              </test-case>
              <test-case id="1164" name="MalformedOrDuplicateJsonIsRejected(&quot;{broken&quot;)" fullname="Tidebound.Tests.LevelJsonReaderTests.MalformedOrDuplicateJsonIsRejected(&quot;{broken&quot;)" methodname="MalformedOrDuplicateJsonIsRejected" classname="Tidebound.Tests.LevelJsonReaderTests" runstate="Runnable" seed="941544125" result="Passed" start-time="2026-09-18 07:41:39Z" end-time="2026-09-18 07:41:39Z" duration="0.000376" asserts="0">
                <properties />
              </test-case>
              <test-case id="1165" name="MalformedOrDuplicateJsonIsRejected(&quot;{\&quot;schemaVersion\&quot;:1,\&quot;schemaVersion\&quot;:1}&quot;)" fullname="Tidebound.Tests.LevelJsonReaderTests.MalformedOrDuplicateJsonIsRejected(&quot;{\&quot;schemaVersion\&quot;:1,\&quot;schemaVersion\&quot;:1}&quot;)" methodname="MalformedOrDuplicateJsonIsRejected" classname="Tidebound.Tests.LevelJsonReaderTests" runstate="Runnable" seed="824415821" result="Passed" start-time="2026-09-18 07:41:39Z" end-time="2026-09-18 07:41:39Z" duration="0.000377" asserts="0">
                <properties />
              </test-case>
            </test-suite>
            <test-suite type="ParameterizedMethod" id="1182" name="SchemaRejectsMissingFieldsImplicitConversionsAndDuplicateConfigurationSources" fullname="Tidebound.Tests.LevelJsonReaderTests.SchemaRejectsMissingFieldsImplicitConversionsAndDuplicateConfigurationSources" classname="Tidebound.Tests.LevelJsonReaderTests" runstate="Runnable" testcasecount="15" result="Passed" start-time="2026-09-18 07:41:39Z" end-time="2026-09-18 07:41:39Z" duration="0.012516" total="15" passed="15" failed="0" inconclusive="0" skipped="0" asserts="0">
              <properties />
              <test-case id="1167" name="SchemaRejectsMissingFieldsImplicitConversionsAndDuplicateConfigurationSources(&quot;missing&quot;)" fullname="Tidebound.Tests.LevelJsonReaderTests.SchemaRejectsMissingFieldsImplicitConversionsAndDuplicateConfigurationSources(&quot;missing&quot;)" methodname="SchemaRejectsMissingFieldsImplicitConversionsAndDuplicateConfigurationSources" classname="Tidebound.Tests.LevelJsonReaderTests" runstate="Runnable" seed="1254424609" result="Passed" start-time="2026-09-18 07:41:39Z" end-time="2026-09-18 07:41:39Z" duration="0.002202" asserts="0">
                <properties />
              </test-case>
              <test-case id="1168" name="SchemaRejectsMissingFieldsImplicitConversionsAndDuplicateConfigurationSources(&quot;hp&quot;)" fullname="Tidebound.Tests.LevelJsonReaderTests.SchemaRejectsMissingFieldsImplicitConversionsAndDuplicateConfigurationSources(&quot;hp&quot;)" methodname="SchemaRejectsMissingFieldsImplicitConversionsAndDuplicateConfigurationSources" classname="Tidebound.Tests.LevelJsonReaderTests" runstate="Runnable" seed="1262109110" result="Passed" start-time="2026-09-18 07:41:39Z" end-time="2026-09-18 07:41:39Z" duration="0.000886" asserts="0">
                <properties />
              </test-case>
              <test-case id="1169" name="SchemaRejectsMissingFieldsImplicitConversionsAndDuplicateConfigurationSources(&quot;length&quot;)" fullname="Tidebound.Tests.LevelJsonReaderTests.SchemaRejectsMissingFieldsImplicitConversionsAndDuplicateConfigurationSources(&quot;length&quot;)" methodname="SchemaRejectsMissingFieldsImplicitConversionsAndDuplicateConfigurationSources" classname="Tidebound.Tests.LevelJsonReaderTests" runstate="Runnable" seed="260060281" result="Passed" start-time="2026-09-18 07:41:39Z" end-time="2026-09-18 07:41:39Z" duration="0.000387" asserts="0">
                <properties />
              </test-case>
              <test-case id="1170" name="SchemaRejectsMissingFieldsImplicitConversionsAndDuplicateConfigurationSources(&quot;damage&quot;)" fullname="Tidebound.Tests.LevelJsonReaderTests.SchemaRejectsMissingFieldsImplicitConversionsAndDuplicateConfigurationSources(&quot;damage&quot;)" methodname="SchemaRejectsMissingFieldsImplicitConversionsAndDuplicateConfigurationSources" classname="Tidebound.Tests.LevelJsonReaderTests" runstate="Runnable" seed="743847438" result="Passed" start-time="2026-09-18 07:41:39Z" end-time="2026-09-18 07:41:39Z" duration="0.000376" asserts="0">
                <properties />
              </test-case>
              <test-case id="1171" name="SchemaRejectsMissingFieldsImplicitConversionsAndDuplicateConfigurationSources(&quot;state&quot;)" fullname="Tidebound.Tests.LevelJsonReaderTests.SchemaRejectsMissingFieldsImplicitConversionsAndDuplicateConfigurationSources(&quot;state&quot;)" methodname="SchemaRejectsMissingFieldsImplicitConversionsAndDuplicateConfigurationSources" classname="Tidebound.Tests.LevelJsonReaderTests" runstate="Runnable" seed="1993861891" result="Passed" start-time="2026-09-18 07:41:39Z" end-time="2026-09-18 07:41:39Z" duration="0.000408" asserts="0">
                <properties />
              </test-case>
              <test-case id="1172" name="SchemaRejectsMissingFieldsImplicitConversionsAndDuplicateConfigurationSources(&quot;stringWidth&quot;)" fullname="Tidebound.Tests.LevelJsonReaderTests.SchemaRejectsMissingFieldsImplicitConversionsAndDuplicateConfigurationSources(&quot;stringWidth&quot;)" methodname="SchemaRejectsMissingFieldsImplicitConversionsAndDuplicateConfigurationSources" classname="Tidebound.Tests.LevelJsonReaderTests" runstate="Runnable" seed="21783365" result="Passed" start-time="2026-09-18 07:41:39Z" end-time="2026-09-18 07:41:39Z" duration="0.000825" asserts="0">
                <properties />
              </test-case>
              <test-case id="1173" name="SchemaRejectsMissingFieldsImplicitConversionsAndDuplicateConfigurationSources(&quot;decimalWidth&quot;)" fullname="Tidebound.Tests.LevelJsonReaderTests.SchemaRejectsMissingFieldsImplicitConversionsAndDuplicateConfigurationSources(&quot;decimalWidth&quot;)" methodname="SchemaRejectsMissingFieldsImplicitConversionsAndDuplicateConfigurationSources" classname="Tidebound.Tests.LevelJsonReaderTests" runstate="Runnable" seed="1365147756" result="Passed" start-time="2026-09-18 07:41:39Z" end-time="2026-09-18 07:41:39Z" duration="0.000740" asserts="0">
                <properties />
              </test-case>
              <test-case id="1174" name="SchemaRejectsMissingFieldsImplicitConversionsAndDuplicateConfigurationSources(&quot;overflowWidth&quot;)" fullname="Tidebound.Tests.LevelJsonReaderTests.SchemaRejectsMissingFieldsImplicitConversionsAndDuplicateConfigurationSources(&quot;overflowWidth&quot;)" methodname="SchemaRejectsMissingFieldsImplicitConversionsAndDuplicateConfigurationSources" classname="Tidebound.Tests.LevelJsonReaderTests" runstate="Runnable" seed="1759133662" result="Passed" start-time="2026-09-18 07:41:39Z" end-time="2026-09-18 07:41:39Z" duration="0.001252" asserts="0">
                <properties />
              </test-case>
              <test-case id="1175" name="SchemaRejectsMissingFieldsImplicitConversionsAndDuplicateConfigurationSources(&quot;numericDirection&quot;)" fullname="Tidebound.Tests.LevelJsonReaderTests.SchemaRejectsMissingFieldsImplicitConversionsAndDuplicateConfigurationSources(&quot;numericDirection&quot;)" methodname="SchemaRejectsMissingFieldsImplicitConversionsAndDuplicateConfigurationSources" classname="Tidebound.Tests.LevelJsonReaderTests" runstate="Runnable" seed="1881462007" result="Passed" start-time="2026-09-18 07:41:39Z" end-time="2026-09-18 07:41:39Z" duration="0.000405" asserts="0">
                <properties />
              </test-case>
              <test-case id="1176" name="SchemaRejectsMissingFieldsImplicitConversionsAndDuplicateConfigurationSources(&quot;numericStringDirection&quot;)" fullname="Tidebound.Tests.LevelJsonReaderTests.SchemaRejectsMissingFieldsImplicitConversionsAndDuplicateConfigurationSources(&quot;numericStringDirection&quot;)" methodname="SchemaRejectsMissingFieldsImplicitConversionsAndDuplicateConfigurationSources" classname="Tidebound.Tests.LevelJsonReaderTests" runstate="Runnable" seed="722057598" result="Passed" start-time="2026-09-18 07:41:39Z" end-time="2026-09-18 07:41:39Z" duration="0.000954" asserts="0">
                <properties />
              </test-case>
              <test-case id="1177" name="SchemaRejectsMissingFieldsImplicitConversionsAndDuplicateConfigurationSources(&quot;lowercaseDirection&quot;)" fullname="Tidebound.Tests.LevelJsonReaderTests.SchemaRejectsMissingFieldsImplicitConversionsAndDuplicateConfigurationSources(&quot;lowercaseDirection&quot;)" methodname="SchemaRejectsMissingFieldsImplicitConversionsAndDuplicateConfigurationSources" classname="Tidebound.Tests.LevelJsonReaderTests" runstate="Runnable" seed="975955009" result="Passed" start-time="2026-09-18 07:41:39Z" end-time="2026-09-18 07:41:39Z" duration="0.000534" asserts="0">
                <properties />
              </test-case>
              <test-case id="1178" name="SchemaRejectsMissingFieldsImplicitConversionsAndDuplicateConfigurationSources(&quot;diagonalDirection&quot;)" fullname="Tidebound.Tests.LevelJsonReaderTests.SchemaRejectsMissingFieldsImplicitConversionsAndDuplicateConfigurationSources(&quot;diagonalDirection&quot;)" methodname="SchemaRejectsMissingFieldsImplicitConversionsAndDuplicateConfigurationSources" classname="Tidebound.Tests.LevelJsonReaderTests" runstate="Runnable" seed="1321136257" result="Passed" start-time="2026-09-18 07:41:39Z" end-time="2026-09-18 07:41:39Z" duration="0.000415" asserts="0">
                <properties />
              </test-case>
              <test-case id="1179" name="SchemaRejectsMissingFieldsImplicitConversionsAndDuplicateConfigurationSources(&quot;missingX&quot;)" fullname="Tidebound.Tests.LevelJsonReaderTests.SchemaRejectsMissingFieldsImplicitConversionsAndDuplicateConfigurationSources(&quot;missingX&quot;)" methodname="SchemaRejectsMissingFieldsImplicitConversionsAndDuplicateConfigurationSources" classname="Tidebound.Tests.LevelJsonReaderTests" runstate="Runnable" seed="1805256944" result="Passed" start-time="2026-09-18 07:41:39Z" end-time="2026-09-18 07:41:39Z" duration="0.000405" asserts="0">
                <properties />
              </test-case>
              <test-case id="1180" name="SchemaRejectsMissingFieldsImplicitConversionsAndDuplicateConfigurationSources(&quot;nullShip&quot;)" fullname="Tidebound.Tests.LevelJsonReaderTests.SchemaRejectsMissingFieldsImplicitConversionsAndDuplicateConfigurationSources(&quot;nullShip&quot;)" methodname="SchemaRejectsMissingFieldsImplicitConversionsAndDuplicateConfigurationSources" classname="Tidebound.Tests.LevelJsonReaderTests" runstate="Runnable" seed="1239998543" result="Passed" start-time="2026-09-18 07:41:39Z" end-time="2026-09-18 07:41:39Z" duration="0.000520" asserts="0">
                <properties />
              </test-case>
              <test-case id="1181" name="SchemaRejectsMissingFieldsImplicitConversionsAndDuplicateConfigurationSources(&quot;trailingDocument&quot;)" fullname="Tidebound.Tests.LevelJsonReaderTests.SchemaRejectsMissingFieldsImplicitConversionsAndDuplicateConfigurationSources(&quot;trailingDocument&quot;)" methodname="SchemaRejectsMissingFieldsImplicitConversionsAndDuplicateConfigurationSources" classname="Tidebound.Tests.LevelJsonReaderTests" runstate="Runnable" seed="824172103" result="Passed" start-time="2026-09-18 07:41:39Z" end-time="2026-09-18 07:41:39Z" duration="0.000399" asserts="0">
                <properties />
              </test-case>
            </test-suite>
          </test-suite>
          <test-suite type="TestFixture" id="1183" name="LevelLoadingTests" fullname="Tidebound.Tests.LevelLoadingTests" classname="Tidebound.Tests.LevelLoadingTests" runstate="Runnable" testcasecount="8" result="Passed" start-time="2026-09-18 07:41:39Z" end-time="2026-09-18 07:41:39Z" duration="0.010847" total="8" passed="8" failed="0" inconclusive="0" skipped="0" asserts="0">
            <properties />
            <test-case id="1184" name="CommittedFixtureLoadsSevenLv1BoatsAndSeventyHp" fullname="Tidebound.Tests.LevelLoadingTests.CommittedFixtureLoadsSevenLv1BoatsAndSeventyHp" methodname="CommittedFixtureLoadsSevenLv1BoatsAndSeventyHp" classname="Tidebound.Tests.LevelLoadingTests" runstate="Runnable" seed="1729335118" result="Passed" start-time="2026-09-18 07:41:39Z" end-time="2026-09-18 07:41:39Z" duration="0.001604" asserts="0">
              <properties />
            </test-case>
            <test-case id="1188" name="ConfigChangesOnlyAffectSubsequentLoads" fullname="Tidebound.Tests.LevelLoadingTests.ConfigChangesOnlyAffectSubsequentLoads" methodname="ConfigChangesOnlyAffectSubsequentLoads" classname="Tidebound.Tests.LevelLoadingTests" runstate="Runnable" seed="1824711202" result="Passed" start-time="2026-09-18 07:41:39Z" end-time="2026-09-18 07:41:39Z" duration="0.001949" asserts="0">
              <properties />
            </test-case>
            <test-suite type="ParameterizedMethod" id="1192" name="MissingUnityReferencesFailClearly" fullname="Tidebound.Tests.LevelLoadingTests.MissingUnityReferencesFailClearly" classname="Tidebound.Tests.LevelLoadingTests" runstate="Runnable" testcasecount="3" result="Passed" start-time="2026-09-18 07:41:39Z" end-time="2026-09-18 07:41:39Z" duration="0.002021" total="3" passed="3" failed="0" inconclusive="0" skipped="0" asserts="0">
              <properties />
              <test-case id="1189" name="MissingUnityReferencesFailClearly(&quot;levelJson&quot;)" fullname="Tidebound.Tests.LevelLoadingTests.MissingUnityReferencesFailClearly(&quot;levelJson&quot;)" methodname="MissingUnityReferencesFailClearly" classname="Tidebound.Tests.LevelLoadingTests" runstate="Runnable" seed="2113293723" result="Passed" start-time="2026-09-18 07:41:39Z" end-time="2026-09-18 07:41:39Z" duration="0.000529" asserts="0">
                <properties />
              </test-case>
              <test-case id="1190" name="MissingUnityReferencesFailClearly(&quot;shipConfigs&quot;)" fullname="Tidebound.Tests.LevelLoadingTests.MissingUnityReferencesFailClearly(&quot;shipConfigs&quot;)" methodname="MissingUnityReferencesFailClearly" classname="Tidebound.Tests.LevelLoadingTests" runstate="Runnable" seed="915049504" result="Passed" start-time="2026-09-18 07:41:39Z" end-time="2026-09-18 07:41:39Z" duration="0.000432" asserts="0">
                <properties />
              </test-case>
              <test-case id="1191" name="MissingUnityReferencesFailClearly(&quot;bossConfigs&quot;)" fullname="Tidebound.Tests.LevelLoadingTests.MissingUnityReferencesFailClearly(&quot;bossConfigs&quot;)" methodname="MissingUnityReferencesFailClearly" classname="Tidebound.Tests.LevelLoadingTests" runstate="Runnable" seed="1896200238" result="Passed" start-time="2026-09-18 07:41:39Z" end-time="2026-09-18 07:41:39Z" duration="0.000430" asserts="0">
                <properties />
              </test-case>
            </test-suite>
            <test-case id="1186" name="ParsedDocumentIsCopiedAndShipStateChangesNeverRecomputeBossHp" fullname="Tidebound.Tests.LevelLoadingTests.ParsedDocumentIsCopiedAndShipStateChangesNeverRecomputeBossHp" methodname="ParsedDocumentIsCopiedAndShipStateChangesNeverRecomputeBossHp" classname="Tidebound.Tests.LevelLoadingTests" runstate="Runnable" seed="1550974292" result="Passed" start-time="2026-09-18 07:41:39Z" end-time="2026-09-18 07:41:39Z" duration="0.001226" asserts="0">
              <properties />
            </test-case>
            <test-case id="1187" name="PresentationScaleAndPrefabAreNotLogicalInputs" fullname="Tidebound.Tests.LevelLoadingTests.PresentationScaleAndPrefabAreNotLogicalInputs" methodname="PresentationScaleAndPrefabAreNotLogicalInputs" classname="Tidebound.Tests.LevelLoadingTests" runstate="Runnable" seed="335986766" result="Passed" start-time="2026-09-18 07:41:39Z" end-time="2026-09-18 07:41:39Z" duration="0.001298" asserts="0">
              <properties />
            </test-case>
            <test-case id="1185" name="RuntimeEditsCannotLeakIntoAnotherLoadOrAuthoredAssets" fullname="Tidebound.Tests.LevelLoadingTests.RuntimeEditsCannotLeakIntoAnotherLoadOrAuthoredAssets" methodname="RuntimeEditsCannotLeakIntoAnotherLoadOrAuthoredAssets" classname="Tidebound.Tests.LevelLoadingTests" runstate="Runnable" seed="873775753" result="Passed" start-time="2026-09-18 07:41:39Z" end-time="2026-09-18 07:41:39Z" duration="0.001515" asserts="0">
              <properties />
            </test-case>
          </test-suite>
        </test-suite>
      </test-suite>
    </test-suite>
  </test-suite>
</test-run>