<?xml version="1.0" encoding="utf-8"?>
<test-run id="2" testcasecount="110" result="Passed" total="110" passed="110" failed="0" inconclusive="0" skipped="0" asserts="0" engine-version="3.5.0.0" clr-version="4.0.30319.42000" start-time="2026-09-18 14:15:05Z" end-time="2026-09-18 14:15:06Z" duration="0.2234469">
  <test-suite type="TestSuite" id="1137" name="Valet Parking 3D" fullname="Valet Parking 3D" runstate="Runnable" testcasecount="110" result="Passed" start-time="2026-09-18 14:15:05Z" end-time="2026-09-18 14:15:06Z" duration="0.223447" total="110" passed="110" failed="0" inconclusive="0" skipped="0" asserts="0">
    <properties />
    <test-suite type="Assembly" id="1267" name="Tidebound.Tests.EditMode.dll" fullname="/Users/flyn_n/Documents/Tidebound Fleet（潮汐舰队）/10_开发工作区/TideboundFleet_Unity/Library/ScriptAssemblies/Tidebound.Tests.EditMode.dll" runstate="Runnable" testcasecount="110" result="Passed" start-time="2026-09-18 14:15:05Z" end-time="2026-09-18 14:15:06Z" duration="0.210612" total="110" passed="110" failed="0" inconclusive="0" skipped="0" asserts="0">
      <properties>
        <property name="_PID" value="49710" />
        <property name="_APPDOMAIN" value="Unity Child Domain" />
        <property name="platform" value="EditMode" />
      </properties>
      <test-suite type="TestSuite" id="1268" name="Tidebound" fullname="Tidebound" runstate="Runnable" testcasecount="110" result="Passed" start-time="2026-09-18 14:15:05Z" end-time="2026-09-18 14:15:06Z" duration="0.209432" total="110" passed="110" failed="0" inconclusive="0" skipped="0" asserts="0">
        <properties />
        <test-suite type="TestSuite" id="1269" name="Tests" fullname="Tidebound.Tests" runstate="Runnable" testcasecount="110" result="Passed" start-time="2026-09-18 14:15:05Z" end-time="2026-09-18 14:15:06Z" duration="0.209236" total="110" passed="110" failed="0" inconclusive="0" skipped="0" asserts="0">
          <properties />
          <test-suite type="TestFixture" id="1138" name="AssemblyBoundaryTests" fullname="Tidebound.Tests.AssemblyBoundaryTests" classname="Tidebound.Tests.AssemblyBoundaryTests" runstate="Runnable" testcasecount="2" result="Passed" start-time="2026-09-18 14:15:05Z" end-time="2026-09-18 14:15:06Z" duration="0.087444" total="2" passed="2" failed="0" inconclusive="0" skipped="0" asserts="0">
            <properties />
            <test-case id="1139" name="LogicAssembliesCannotReferenceUnityOrLegacyGameplay" fullname="Tidebound.Tests.AssemblyBoundaryTests.LogicAssembliesCannotReferenceUnityOrLegacyGameplay" methodname="LogicAssembliesCannotReferenceUnityOrLegacyGameplay" classname="Tidebound.Tests.AssemblyBoundaryTests" runstate="Runnable" seed="119442326" result="Passed" start-time="2026-09-18 14:15:05Z" end-time="2026-09-18 14:15:05Z" duration="0.004269" asserts="0">
              <properties />
            </test-case>
            <test-case id="1140" name="TideboundRuntimeDependenciesExcludeLegacyAndEditorAssemblies" fullname="Tidebound.Tests.AssemblyBoundaryTests.TideboundRuntimeDependenciesExcludeLegacyAndEditorAssemblies" methodname="TideboundRuntimeDependenciesExcludeLegacyAndEditorAssemblies" classname="Tidebound.Tests.AssemblyBoundaryTests" runstate="Runnable" seed="667973754" result="Passed" start-time="2026-09-18 14:15:05Z" end-time="2026-09-18 14:15:06Z" duration="0.059973" asserts="0">
              <properties />
            </test-case>
          </test-suite>
          <test-suite type="TestFixture" id="1141" name="BoardQueryTests" fullname="Tidebound.Tests.BoardQueryTests" classname="Tidebound.Tests.BoardQueryTests" runstate="Runnable" testcasecount="14" result="Passed" start-time="2026-09-18 14:15:06Z" end-time="2026-09-18 14:15:06Z" duration="0.029993" total="14" passed="14" failed="0" inconclusive="0" skipped="0" asserts="0">
            <properties />
            <test-case id="1144" name="BlockAfterGapStopsAtTheLastLegalTailPosition" fullname="Tidebound.Tests.BoardQueryTests.BlockAfterGapStopsAtTheLastLegalTailPosition" methodname="BlockAfterGapStopsAtTheLastLegalTailPosition" classname="Tidebound.Tests.BoardQueryTests" runstate="Runnable" seed="358505143" result="Passed" start-time="2026-09-18 14:15:06Z" end-time="2026-09-18 14:15:06Z" duration="0.010876" asserts="0">
              <properties />
            </test-case>
            <test-case id="1145" name="BlockedTransactionMovesOccupancyAtomicallyAndPreservesTheSourceBoard" fullname="Tidebound.Tests.BoardQueryTests.BlockedTransactionMovesOccupancyAtomicallyAndPreservesTheSourceBoard" methodname="BlockedTransactionMovesOccupancyAtomicallyAndPreservesTheSourceBoard" classname="Tidebound.Tests.BoardQueryTests" runstate="Runnable" seed="832301539" result="Passed" start-time="2026-09-18 14:15:06Z" end-time="2026-09-18 14:15:06Z" duration="0.002460" asserts="0">
              <properties />
            </test-case>
            <test-case id="1142" name="BoardIndexesCompleteFootprintsAndExposesCopiedShipSnapshots" fullname="Tidebound.Tests.BoardQueryTests.BoardIndexesCompleteFootprintsAndExposesCopiedShipSnapshots" methodname="BoardIndexesCompleteFootprintsAndExposesCopiedShipSnapshots" classname="Tidebound.Tests.BoardQueryTests" runstate="Runnable" seed="586969200" result="Passed" start-time="2026-09-18 14:15:06Z" end-time="2026-09-18 14:15:06Z" duration="0.001015" asserts="0">
              <properties />
            </test-case>
            <test-case id="1155" name="BoardQueriesStayConsistentWhenRuntimeObjectsAreEditedDirectly" fullname="Tidebound.Tests.BoardQueryTests.BoardQueriesStayConsistentWhenRuntimeObjectsAreEditedDirectly" methodname="BoardQueriesStayConsistentWhenRuntimeObjectsAreEditedDirectly" classname="Tidebound.Tests.BoardQueryTests" runstate="Runnable" seed="2135353021" result="Passed" start-time="2026-09-18 14:15:06Z" end-time="2026-09-18 14:15:06Z" duration="0.000362" asserts="0">
              <properties />
            </test-case>
            <test-suite type="ParameterizedMethod" id="1152" name="ClearPathInEveryDirectionTargetsACompletelyExitedTail" fullname="Tidebound.Tests.BoardQueryTests.ClearPathInEveryDirectionTargetsACompletelyExitedTail" classname="Tidebound.Tests.BoardQueryTests" runstate="Runnable" testcasecount="4" result="Passed" start-time="2026-09-18 14:15:06Z" end-time="2026-09-18 14:15:06Z" duration="0.001504" total="4" passed="4" failed="0" inconclusive="0" skipped="0" asserts="0">
              <properties />
              <test-case id="1148" name="ClearPathInEveryDirectionTargetsACompletelyExitedTail(Up,2,1,2,6)" fullname="Tidebound.Tests.BoardQueryTests.ClearPathInEveryDirectionTargetsACompletelyExitedTail(Up,2,1,2,6)" methodname="ClearPathInEveryDirectionTargetsACompletelyExitedTail" classname="Tidebound.Tests.BoardQueryTests" runstate="Runnable" seed="1593722390" result="Passed" start-time="2026-09-18 14:15:06Z" end-time="2026-09-18 14:15:06Z" duration="0.000489" asserts="0">
                <properties />
              </test-case>
              <test-case id="1149" name="ClearPathInEveryDirectionTargetsACompletelyExitedTail(Down,2,4,2,-1)" fullname="Tidebound.Tests.BoardQueryTests.ClearPathInEveryDirectionTargetsACompletelyExitedTail(Down,2,4,2,-1)" methodname="ClearPathInEveryDirectionTargetsACompletelyExitedTail" classname="Tidebound.Tests.BoardQueryTests" runstate="Runnable" seed="1163668961" result="Passed" start-time="2026-09-18 14:15:06Z" end-time="2026-09-18 14:15:06Z" duration="0.000078" asserts="0">
                <properties />
              </test-case>
              <test-case id="1150" name="ClearPathInEveryDirectionTargetsACompletelyExitedTail(Left,4,2,-1,2)" fullname="Tidebound.Tests.BoardQueryTests.ClearPathInEveryDirectionTargetsACompletelyExitedTail(Left,4,2,-1,2)" methodname="ClearPathInEveryDirectionTargetsACompletelyExitedTail" classname="Tidebound.Tests.BoardQueryTests" runstate="Runnable" seed="171218291" result="Passed" start-time="2026-09-18 14:15:06Z" end-time="2026-09-18 14:15:06Z" duration="0.000079" asserts="0">
                <properties />
              </test-case>
              <test-case id="1151" name="ClearPathInEveryDirectionTargetsACompletelyExitedTail(Right,1,2,6,2)" fullname="Tidebound.Tests.BoardQueryTests.ClearPathInEveryDirectionTargetsACompletelyExitedTail(Right,1,2,6,2)" methodname="ClearPathInEveryDirectionTargetsACompletelyExitedTail" classname="Tidebound.Tests.BoardQueryTests" runstate="Runnable" seed="1092217718" result="Passed" start-time="2026-09-18 14:15:06Z" end-time="2026-09-18 14:15:06Z" duration="0.000076" asserts="0">
                <properties />
              </test-case>
            </test-suite>
            <test-case id="1147" name="ExitTransactionRemovesOnlyTheDepartingShip" fullname="Tidebound.Tests.BoardQueryTests.ExitTransactionRemovesOnlyTheDepartingShip" methodname="ExitTransactionRemovesOnlyTheDepartingShip" classname="Tidebound.Tests.BoardQueryTests" runstate="Runnable" seed="673981896" result="Passed" start-time="2026-09-18 14:15:06Z" end-time="2026-09-18 14:15:06Z" duration="0.000309" asserts="0">
              <properties />
            </test-case>
            <test-case id="1143" name="ImmediateBlockReturnsZeroTravelAndKeepsTheOriginTail" fullname="Tidebound.Tests.BoardQueryTests.ImmediateBlockReturnsZeroTravelAndKeepsTheOriginTail" methodname="ImmediateBlockReturnsZeroTravelAndKeepsTheOriginTail" classname="Tidebound.Tests.BoardQueryTests" runstate="Runnable" seed="328537398" result="Passed" start-time="2026-09-18 14:15:06Z" end-time="2026-09-18 14:15:06Z" duration="0.000353" asserts="0">
              <properties />
            </test-case>
            <test-case id="1153" name="TestLevelQueriesMatchTheAuthoredOpeningBlockers" fullname="Tidebound.Tests.BoardQueryTests.TestLevelQueriesMatchTheAuthoredOpeningBlockers" methodname="TestLevelQueriesMatchTheAuthoredOpeningBlockers" classname="Tidebound.Tests.BoardQueryTests" runstate="Runnable" seed="1723358743" result="Passed" start-time="2026-09-18 14:15:06Z" end-time="2026-09-18 14:15:06Z" duration="0.009514" asserts="0">
              <properties />
            </test-case>
            <test-case id="1154" name="TestLevelReferenceSequenceClearsTheImmutableBoardWithoutEditingTheSession" fullname="Tidebound.Tests.BoardQueryTests.TestLevelReferenceSequenceClearsTheImmutableBoardWithoutEditingTheSession" methodname="TestLevelReferenceSequenceClearsTheImmutableBoardWithoutEditingTheSession" classname="Tidebound.Tests.BoardQueryTests" runstate="Runnable" seed="1235705703" result="Passed" start-time="2026-09-18 14:15:06Z" end-time="2026-09-18 14:15:06Z" duration="0.000744" asserts="0">
              <properties />
            </test-case>
            <test-case id="1156" name="UnknownOrEmptyShipIdsFailWithoutChangingTheBoard" fullname="Tidebound.Tests.BoardQueryTests.UnknownOrEmptyShipIdsFailWithoutChangingTheBoard" methodname="UnknownOrEmptyShipIdsFailWithoutChangingTheBoard" classname="Tidebound.Tests.BoardQueryTests" runstate="Runnable" seed="628057542" result="Passed" start-time="2026-09-18 14:15:06Z" end-time="2026-09-18 14:15:06Z" duration="0.000340" asserts="0">
              <properties />
            </test-case>
            <test-case id="1146" name="ZeroDistanceTransactionKeepsEveryOccupiedCell" fullname="Tidebound.Tests.BoardQueryTests.ZeroDistanceTransactionKeepsEveryOccupiedCell" methodname="ZeroDistanceTransactionKeepsEveryOccupiedCell" classname="Tidebound.Tests.BoardQueryTests" runstate="Runnable" seed="724317529" result="Passed" start-time="2026-09-18 14:15:06Z" end-time="2026-09-18 14:15:06Z" duration="0.000343" asserts="0">
              <properties />
            </test-case>
          </test-suite>
          <test-suite type="TestFixture" id="1157" name="BoardValidationTests" fullname="Tidebound.Tests.BoardValidationTests" classname="Tidebound.Tests.BoardValidationTests" runstate="Runnable" testcasecount="26" result="Passed" start-time="2026-09-18 14:15:06Z" end-time="2026-09-18 14:15:06Z" duration="0.017561" total="26" passed="26" failed="0" inconclusive="0" skipped="0" asserts="0">
            <properties />
            <test-case id="1183" name="CatalogMustContainExactlyOneFixedDamageBaseShip" fullname="Tidebound.Tests.BoardValidationTests.CatalogMustContainExactlyOneFixedDamageBaseShip" methodname="CatalogMustContainExactlyOneFixedDamageBaseShip" classname="Tidebound.Tests.BoardValidationTests" runstate="Runnable" seed="1806850321" result="Passed" start-time="2026-09-18 14:15:06Z" end-time="2026-09-18 14:15:06Z" duration="0.001574" asserts="0">
              <properties />
            </test-case>
            <test-case id="1185" name="FormalBoardCapacityLimitsReturnSpecificDiagnostics" fullname="Tidebound.Tests.BoardValidationTests.FormalBoardCapacityLimitsReturnSpecificDiagnostics" methodname="FormalBoardCapacityLimitsReturnSpecificDiagnostics" classname="Tidebound.Tests.BoardValidationTests" runstate="Runnable" seed="780841671" result="Passed" start-time="2026-09-18 14:15:06Z" end-time="2026-09-18 14:15:06Z" duration="0.005089" asserts="0">
              <properties />
            </test-case>
            <test-case id="1184" name="InstanceLengthsTwoAndThreeShareOneLogicAndFixedDamage" fullname="Tidebound.Tests.BoardValidationTests.InstanceLengthsTwoAndThreeShareOneLogicAndFixedDamage" methodname="InstanceLengthsTwoAndThreeShareOneLogicAndFixedDamage" classname="Tidebound.Tests.BoardValidationTests" runstate="Runnable" seed="2075292584" result="Passed" start-time="2026-09-18 14:15:06Z" end-time="2026-09-18 14:15:06Z" duration="0.000395" asserts="0">
              <properties />
            </test-case>
            <test-suite type="ParameterizedMethod" id="1182" name="InvalidLayoutsReturnSpecificDiagnosticsAndCannotStartSession" fullname="Tidebound.Tests.BoardValidationTests.InvalidLayoutsReturnSpecificDiagnosticsAndCannotStartSession" classname="Tidebound.Tests.BoardValidationTests" runstate="Runnable" testcasecount="19" result="Passed" start-time="2026-09-18 14:15:06Z" end-time="2026-09-18 14:15:06Z" duration="0.008153" total="19" passed="19" failed="0" inconclusive="0" skipped="0" asserts="0">
              <properties />
              <test-case id="1163" name="InvalidLayoutsReturnSpecificDiagnosticsAndCannotStartSession(&quot;null&quot;,&quot;LEVEL_NULL&quot;)" fullname="Tidebound.Tests.BoardValidationTests.InvalidLayoutsReturnSpecificDiagnosticsAndCannotStartSession(&quot;null&quot;,&quot;LEVEL_NULL&quot;)" methodname="InvalidLayoutsReturnSpecificDiagnosticsAndCannotStartSession" classname="Tidebound.Tests.BoardValidationTests" runstate="Runnable" seed="953145690" result="Passed" start-time="2026-09-18 14:15:06Z" end-time="2026-09-18 14:15:06Z" duration="0.001304" asserts="0">
                <properties />
              </test-case>
              <test-case id="1164" name="InvalidLayoutsReturnSpecificDiagnosticsAndCannotStartSession(&quot;schema&quot;,&quot;SCHEMA_UNSUPPORTED&quot;)" fullname="Tidebound.Tests.BoardValidationTests.InvalidLayoutsReturnSpecificDiagnosticsAndCannotStartSession(&quot;schema&quot;,&quot;SCHEMA_UNSUPPORTED&quot;)" methodname="InvalidLayoutsReturnSpecificDiagnosticsAndCannotStartSession" classname="Tidebound.Tests.BoardValidationTests" runstate="Runnable" seed="1828336116" result="Passed" start-time="2026-09-18 14:15:06Z" end-time="2026-09-18 14:15:06Z" duration="0.000303" asserts="0">
                <properties />
              </test-case>
              <test-case id="1165" name="InvalidLayoutsReturnSpecificDiagnosticsAndCannotStartSession(&quot;levelId&quot;,&quot;ID_INVALID&quot;)" fullname="Tidebound.Tests.BoardValidationTests.InvalidLayoutsReturnSpecificDiagnosticsAndCannotStartSession(&quot;levelId&quot;,&quot;ID_INVALID&quot;)" methodname="InvalidLayoutsReturnSpecificDiagnosticsAndCannotStartSession" classname="Tidebound.Tests.BoardValidationTests" runstate="Runnable" seed="1926527920" result="Passed" start-time="2026-09-18 14:15:06Z" end-time="2026-09-18 14:15:06Z" duration="0.000273" asserts="0">
                <properties />
              </test-case>
              <test-case id="1166" name="InvalidLayoutsReturnSpecificDiagnosticsAndCannotStartSession(&quot;widthZero&quot;,&quot;BOARD_SIZE_INVALID&quot;)" fullname="Tidebound.Tests.BoardValidationTests.InvalidLayoutsReturnSpecificDiagnosticsAndCannotStartSession(&quot;widthZero&quot;,&quot;BOARD_SIZE_INVALID&quot;)" methodname="InvalidLayoutsReturnSpecificDiagnosticsAndCannotStartSession" classname="Tidebound.Tests.BoardValidationTests" runstate="Runnable" seed="124609377" result="Passed" start-time="2026-09-18 14:15:06Z" end-time="2026-09-18 14:15:06Z" duration="0.000278" asserts="0">
                <properties />
              </test-case>
              <test-case id="1167" name="InvalidLayoutsReturnSpecificDiagnosticsAndCannotStartSession(&quot;widthLarge&quot;,&quot;BOARD_SIZE_INVALID&quot;)" fullname="Tidebound.Tests.BoardValidationTests.InvalidLayoutsReturnSpecificDiagnosticsAndCannotStartSession(&quot;widthLarge&quot;,&quot;BOARD_SIZE_INVALID&quot;)" methodname="InvalidLayoutsReturnSpecificDiagnosticsAndCannotStartSession" classname="Tidebound.Tests.BoardValidationTests" runstate="Runnable" seed="2034410446" result="Passed" start-time="2026-09-18 14:15:06Z" end-time="2026-09-18 14:15:06Z" duration="0.000268" asserts="0">
                <properties />
              </test-case>
              <test-case id="1168" name="InvalidLayoutsReturnSpecificDiagnosticsAndCannotStartSession(&quot;heightLarge&quot;,&quot;BOARD_SIZE_INVALID&quot;)" fullname="Tidebound.Tests.BoardValidationTests.InvalidLayoutsReturnSpecificDiagnosticsAndCannotStartSession(&quot;heightLarge&quot;,&quot;BOARD_SIZE_INVALID&quot;)" methodname="InvalidLayoutsReturnSpecificDiagnosticsAndCannotStartSession" classname="Tidebound.Tests.BoardValidationTests" runstate="Runnable" seed="1179457517" result="Passed" start-time="2026-09-18 14:15:06Z" end-time="2026-09-18 14:15:06Z" duration="0.000279" asserts="0">
                <properties />
              </test-case>
              <test-case id="1169" name="InvalidLayoutsReturnSpecificDiagnosticsAndCannotStartSession(&quot;boss&quot;,&quot;BOSS_UNKNOWN&quot;)" fullname="Tidebound.Tests.BoardValidationTests.InvalidLayoutsReturnSpecificDiagnosticsAndCannotStartSession(&quot;boss&quot;,&quot;BOSS_UNKNOWN&quot;)" methodname="InvalidLayoutsReturnSpecificDiagnosticsAndCannotStartSession" classname="Tidebound.Tests.BoardValidationTests" runstate="Runnable" seed="49245441" result="Passed" start-time="2026-09-18 14:15:06Z" end-time="2026-09-18 14:15:06Z" duration="0.000280" asserts="0">
                <properties />
              </test-case>
              <test-case id="1170" name="InvalidLayoutsReturnSpecificDiagnosticsAndCannotStartSession(&quot;empty&quot;,&quot;SHIPS_EMPTY&quot;)" fullname="Tidebound.Tests.BoardValidationTests.InvalidLayoutsReturnSpecificDiagnosticsAndCannotStartSession(&quot;empty&quot;,&quot;SHIPS_EMPTY&quot;)" methodname="InvalidLayoutsReturnSpecificDiagnosticsAndCannotStartSession" classname="Tidebound.Tests.BoardValidationTests" runstate="Runnable" seed="1028736711" result="Passed" start-time="2026-09-18 14:15:06Z" end-time="2026-09-18 14:15:06Z" duration="0.000244" asserts="0">
                <properties />
              </test-case>
              <test-case id="1171" name="InvalidLayoutsReturnSpecificDiagnosticsAndCannotStartSession(&quot;nullShips&quot;,&quot;SHIPS_EMPTY&quot;)" fullname="Tidebound.Tests.BoardValidationTests.InvalidLayoutsReturnSpecificDiagnosticsAndCannotStartSession(&quot;nullShips&quot;,&quot;SHIPS_EMPTY&quot;)" methodname="InvalidLayoutsReturnSpecificDiagnosticsAndCannotStartSession" classname="Tidebound.Tests.BoardValidationTests" runstate="Runnable" seed="152053740" result="Passed" start-time="2026-09-18 14:15:06Z" end-time="2026-09-18 14:15:06Z" duration="0.000249" asserts="0">
                <properties />
              </test-case>
              <test-case id="1172" name="InvalidLayoutsReturnSpecificDiagnosticsAndCannotStartSession(&quot;nullShip&quot;,&quot;SHIP_NULL&quot;)" fullname="Tidebound.Tests.BoardValidationTests.InvalidLayoutsReturnSpecificDiagnosticsAndCannotStartSession(&quot;nullShip&quot;,&quot;SHIP_NULL&quot;)" methodname="InvalidLayoutsReturnSpecificDiagnosticsAndCannotStartSession" classname="Tidebound.Tests.BoardValidationTests" runstate="Runnable" seed="1005055976" result="Passed" start-time="2026-09-18 14:15:06Z" end-time="2026-09-18 14:15:06Z" duration="0.000273" asserts="0">
                <properties />
              </test-case>
              <test-case id="1173" name="InvalidLayoutsReturnSpecificDiagnosticsAndCannotStartSession(&quot;shipId&quot;,&quot;ID_INVALID&quot;)" fullname="Tidebound.Tests.BoardValidationTests.InvalidLayoutsReturnSpecificDiagnosticsAndCannotStartSession(&quot;shipId&quot;,&quot;ID_INVALID&quot;)" methodname="InvalidLayoutsReturnSpecificDiagnosticsAndCannotStartSession" classname="Tidebound.Tests.BoardValidationTests" runstate="Runnable" seed="494513399" result="Passed" start-time="2026-09-18 14:15:06Z" end-time="2026-09-18 14:15:06Z" duration="0.000271" asserts="0">
                <properties />
              </test-case>
              <test-case id="1174" name="InvalidLayoutsReturnSpecificDiagnosticsAndCannotStartSession(&quot;duplicateId&quot;,&quot;SHIP_DUPLICATE&quot;)" fullname="Tidebound.Tests.BoardValidationTests.InvalidLayoutsReturnSpecificDiagnosticsAndCannotStartSession(&quot;duplicateId&quot;,&quot;SHIP_DUPLICATE&quot;)" methodname="InvalidLayoutsReturnSpecificDiagnosticsAndCannotStartSession" classname="Tidebound.Tests.BoardValidationTests" runstate="Runnable" seed="555047420" result="Passed" start-time="2026-09-18 14:15:06Z" end-time="2026-09-18 14:15:06Z" duration="0.000269" asserts="0">
                <properties />
              </test-case>
              <test-case id="1175" name="InvalidLayoutsReturnSpecificDiagnosticsAndCannotStartSession(&quot;type&quot;,&quot;TYPE_UNKNOWN&quot;)" fullname="Tidebound.Tests.BoardValidationTests.InvalidLayoutsReturnSpecificDiagnosticsAndCannotStartSession(&quot;type&quot;,&quot;TYPE_UNKNOWN&quot;)" methodname="InvalidLayoutsReturnSpecificDiagnosticsAndCannotStartSession" classname="Tidebound.Tests.BoardValidationTests" runstate="Runnable" seed="633846910" result="Passed" start-time="2026-09-18 14:15:06Z" end-time="2026-09-18 14:15:06Z" duration="0.000454" asserts="0">
                <properties />
              </test-case>
              <test-case id="1176" name="InvalidLayoutsReturnSpecificDiagnosticsAndCannotStartSession(&quot;length&quot;,&quot;LENGTH_INVALID&quot;)" fullname="Tidebound.Tests.BoardValidationTests.InvalidLayoutsReturnSpecificDiagnosticsAndCannotStartSession(&quot;length&quot;,&quot;LENGTH_INVALID&quot;)" methodname="InvalidLayoutsReturnSpecificDiagnosticsAndCannotStartSession" classname="Tidebound.Tests.BoardValidationTests" runstate="Runnable" seed="829054048" result="Passed" start-time="2026-09-18 14:15:06Z" end-time="2026-09-18 14:15:06Z" duration="0.000437" asserts="0">
                <properties />
              </test-case>
              <test-case id="1177" name="InvalidLayoutsReturnSpecificDiagnosticsAndCannotStartSession(&quot;direction&quot;,&quot;DIRECTION_INVALID&quot;)" fullname="Tidebound.Tests.BoardValidationTests.InvalidLayoutsReturnSpecificDiagnosticsAndCannotStartSession(&quot;direction&quot;,&quot;DIRECTION_INVALID&quot;)" methodname="InvalidLayoutsReturnSpecificDiagnosticsAndCannotStartSession" classname="Tidebound.Tests.BoardValidationTests" runstate="Runnable" seed="1445655430" result="Passed" start-time="2026-09-18 14:15:06Z" end-time="2026-09-18 14:15:06Z" duration="0.000353" asserts="0">
                <properties />
              </test-case>
              <test-case id="1178" name="InvalidLayoutsReturnSpecificDiagnosticsAndCannotStartSession(&quot;tailOutside&quot;,&quot;OUT_OF_BOUNDS&quot;)" fullname="Tidebound.Tests.BoardValidationTests.InvalidLayoutsReturnSpecificDiagnosticsAndCannotStartSession(&quot;tailOutside&quot;,&quot;OUT_OF_BOUNDS&quot;)" methodname="InvalidLayoutsReturnSpecificDiagnosticsAndCannotStartSession" classname="Tidebound.Tests.BoardValidationTests" runstate="Runnable" seed="1054347028" result="Passed" start-time="2026-09-18 14:15:06Z" end-time="2026-09-18 14:15:06Z" duration="0.000306" asserts="0">
                <properties />
              </test-case>
              <test-case id="1179" name="InvalidLayoutsReturnSpecificDiagnosticsAndCannotStartSession(&quot;headOutside&quot;,&quot;OUT_OF_BOUNDS&quot;)" fullname="Tidebound.Tests.BoardValidationTests.InvalidLayoutsReturnSpecificDiagnosticsAndCannotStartSession(&quot;headOutside&quot;,&quot;OUT_OF_BOUNDS&quot;)" methodname="InvalidLayoutsReturnSpecificDiagnosticsAndCannotStartSession" classname="Tidebound.Tests.BoardValidationTests" runstate="Runnable" seed="1434653978" result="Passed" start-time="2026-09-18 14:15:06Z" end-time="2026-09-18 14:15:06Z" duration="0.000303" asserts="0">
                <properties />
              </test-case>
              <test-case id="1180" name="InvalidLayoutsReturnSpecificDiagnosticsAndCannotStartSession(&quot;overflowCoordinate&quot;,&quot;OUT_OF_BOUNDS&quot;)" fullname="Tidebound.Tests.BoardValidationTests.InvalidLayoutsReturnSpecificDiagnosticsAndCannotStartSession(&quot;overflowCoordinate&quot;,&quot;OUT_OF_BOUNDS&quot;)" methodname="InvalidLayoutsReturnSpecificDiagnosticsAndCannotStartSession" classname="Tidebound.Tests.BoardValidationTests" runstate="Runnable" seed="1424181196" result="Passed" start-time="2026-09-18 14:15:06Z" end-time="2026-09-18 14:15:06Z" duration="0.000276" asserts="0">
                <properties />
              </test-case>
              <test-case id="1181" name="InvalidLayoutsReturnSpecificDiagnosticsAndCannotStartSession(&quot;overlap&quot;,&quot;OVERLAP&quot;)" fullname="Tidebound.Tests.BoardValidationTests.InvalidLayoutsReturnSpecificDiagnosticsAndCannotStartSession(&quot;overlap&quot;,&quot;OVERLAP&quot;)" methodname="InvalidLayoutsReturnSpecificDiagnosticsAndCannotStartSession" classname="Tidebound.Tests.BoardValidationTests" runstate="Runnable" seed="717165637" result="Passed" start-time="2026-09-18 14:15:06Z" end-time="2026-09-18 14:15:06Z" duration="0.000278" asserts="0">
                <properties />
              </test-case>
            </test-suite>
            <test-suite type="ParameterizedMethod" id="1162" name="TailAnchorCoversEveryCellInEachDirection" fullname="Tidebound.Tests.BoardValidationTests.TailAnchorCoversEveryCellInEachDirection" classname="Tidebound.Tests.BoardValidationTests" runstate="Runnable" testcasecount="4" result="Passed" start-time="2026-09-18 14:15:06Z" end-time="2026-09-18 14:15:06Z" duration="0.001402" total="4" passed="4" failed="0" inconclusive="0" skipped="0" asserts="0">
              <properties />
              <test-case id="1158" name="TailAnchorCoversEveryCellInEachDirection(Up,2,1,2,2,2,3)" fullname="Tidebound.Tests.BoardValidationTests.TailAnchorCoversEveryCellInEachDirection(Up,2,1,2,2,2,3)" methodname="TailAnchorCoversEveryCellInEachDirection" classname="Tidebound.Tests.BoardValidationTests" runstate="Runnable" seed="1185761001" result="Passed" start-time="2026-09-18 14:15:06Z" end-time="2026-09-18 14:15:06Z" duration="0.000762" asserts="0">
                <properties />
              </test-case>
              <test-case id="1159" name="TailAnchorCoversEveryCellInEachDirection(Down,2,3,2,2,2,1)" fullname="Tidebound.Tests.BoardValidationTests.TailAnchorCoversEveryCellInEachDirection(Down,2,3,2,2,2,1)" methodname="TailAnchorCoversEveryCellInEachDirection" classname="Tidebound.Tests.BoardValidationTests" runstate="Runnable" seed="1437901566" result="Passed" start-time="2026-09-18 14:15:06Z" end-time="2026-09-18 14:15:06Z" duration="0.000053" asserts="0">
                <properties />
              </test-case>
              <test-case id="1160" name="TailAnchorCoversEveryCellInEachDirection(Left,3,2,2,2,1,2)" fullname="Tidebound.Tests.BoardValidationTests.TailAnchorCoversEveryCellInEachDirection(Left,3,2,2,2,1,2)" methodname="TailAnchorCoversEveryCellInEachDirection" classname="Tidebound.Tests.BoardValidationTests" runstate="Runnable" seed="1998243993" result="Passed" start-time="2026-09-18 14:15:06Z" end-time="2026-09-18 14:15:06Z" duration="0.000046" asserts="0">
                <properties />
              </test-case>
              <test-case id="1161" name="TailAnchorCoversEveryCellInEachDirection(Right,1,2,2,2,3,2)" fullname="Tidebound.Tests.BoardValidationTests.TailAnchorCoversEveryCellInEachDirection(Right,1,2,2,2,3,2)" methodname="TailAnchorCoversEveryCellInEachDirection" classname="Tidebound.Tests.BoardValidationTests" runstate="Runnable" seed="1749652278" result="Passed" start-time="2026-09-18 14:15:06Z" end-time="2026-09-18 14:15:06Z" duration="0.000047" asserts="0">
                <properties />
              </test-case>
            </test-suite>
          </test-suite>
          <test-suite type="TestFixture" id="1186" name="DenseBoardInputAndLayoutTests" fullname="Tidebound.Tests.DenseBoardInputAndLayoutTests" classname="Tidebound.Tests.DenseBoardInputAndLayoutTests" runstate="Runnable" testcasecount="5" result="Passed" start-time="2026-09-18 14:15:06Z" end-time="2026-09-18 14:15:06Z" duration="0.004526" total="5" passed="5" failed="0" inconclusive="0" skipped="0" asserts="0">
            <properties />
            <test-case id="1191" name="GridSelectionUsesOccupiedCellsAndNeverSnapsEmptyWater" fullname="Tidebound.Tests.DenseBoardInputAndLayoutTests.GridSelectionUsesOccupiedCellsAndNeverSnapsEmptyWater" methodname="GridSelectionUsesOccupiedCellsAndNeverSnapsEmptyWater" classname="Tidebound.Tests.DenseBoardInputAndLayoutTests" runstate="Runnable" seed="346952946" result="Passed" start-time="2026-09-18 14:15:06Z" end-time="2026-09-18 14:15:06Z" duration="0.000529" asserts="0">
              <properties />
            </test-case>
            <test-suite type="ParameterizedMethod" id="1190" name="SafeAreaClassesKeepFormalBoardWithinPlannedCellRange" fullname="Tidebound.Tests.DenseBoardInputAndLayoutTests.SafeAreaClassesKeepFormalBoardWithinPlannedCellRange" classname="Tidebound.Tests.DenseBoardInputAndLayoutTests" runstate="Runnable" testcasecount="3" result="Passed" start-time="2026-09-18 14:15:06Z" end-time="2026-09-18 14:15:06Z" duration="0.002168" total="3" passed="3" failed="0" inconclusive="0" skipped="0" asserts="0">
              <properties />
              <test-case id="1187" name="SafeAreaClassesKeepFormalBoardWithinPlannedCellRange(360.0f,640.0f,0.12f,0.74f,0.14f,24.0f,26.0f)" fullname="Tidebound.Tests.DenseBoardInputAndLayoutTests.SafeAreaClassesKeepFormalBoardWithinPlannedCellRange(360.0f,640.0f,0.12f,0.74f,0.14f,24.0f,26.0f)" methodname="SafeAreaClassesKeepFormalBoardWithinPlannedCellRange" classname="Tidebound.Tests.DenseBoardInputAndLayoutTests" runstate="Runnable" seed="2022585513" result="Passed" start-time="2026-09-18 14:15:06Z" end-time="2026-09-18 14:15:06Z" duration="0.001790" asserts="0">
                <properties />
              </test-case>
              <test-case id="1188" name="SafeAreaClassesKeepFormalBoardWithinPlannedCellRange(390.0f,844.0f,0.17f,0.68f,0.15f,28.0f,30.0f)" fullname="Tidebound.Tests.DenseBoardInputAndLayoutTests.SafeAreaClassesKeepFormalBoardWithinPlannedCellRange(390.0f,844.0f,0.17f,0.68f,0.15f,28.0f,30.0f)" methodname="SafeAreaClassesKeepFormalBoardWithinPlannedCellRange" classname="Tidebound.Tests.DenseBoardInputAndLayoutTests" runstate="Runnable" seed="795675876" result="Passed" start-time="2026-09-18 14:15:06Z" end-time="2026-09-18 14:15:06Z" duration="0.000051" asserts="0">
                <properties />
              </test-case>
              <test-case id="1189" name="SafeAreaClassesKeepFormalBoardWithinPlannedCellRange(430.0f,932.0f,0.17f,0.68f,0.15f,31.0f,33.0f)" fullname="Tidebound.Tests.DenseBoardInputAndLayoutTests.SafeAreaClassesKeepFormalBoardWithinPlannedCellRange(430.0f,932.0f,0.17f,0.68f,0.15f,31.0f,33.0f)" methodname="SafeAreaClassesKeepFormalBoardWithinPlannedCellRange" classname="Tidebound.Tests.DenseBoardInputAndLayoutTests" runstate="Runnable" seed="1167353326" result="Passed" start-time="2026-09-18 14:15:06Z" end-time="2026-09-18 14:15:06Z" duration="0.000047" asserts="0">
                <properties />
              </test-case>
            </test-suite>
            <test-case id="1192" name="WorldMapperRoundsToTheLogicalCellCenteredAtEachTailPosition" fullname="Tidebound.Tests.DenseBoardInputAndLayoutTests.WorldMapperRoundsToTheLogicalCellCenteredAtEachTailPosition" methodname="WorldMapperRoundsToTheLogicalCellCenteredAtEachTailPosition" classname="Tidebound.Tests.DenseBoardInputAndLayoutTests" runstate="Runnable" seed="725285344" result="Passed" start-time="2026-09-18 14:15:06Z" end-time="2026-09-18 14:15:06Z" duration="0.001401" asserts="0">
              <properties />
            </test-case>
          </test-suite>
          <test-suite type="TestFixture" id="1193" name="DenseLevelSolutionTests" fullname="Tidebound.Tests.DenseLevelSolutionTests" classname="Tidebound.Tests.DenseLevelSolutionTests" runstate="Runnable" testcasecount="2" result="Passed" start-time="2026-09-18 14:15:06Z" end-time="2026-09-18 14:15:06Z" duration="0.010164" total="2" passed="2" failed="0" inconclusive="0" skipped="0" asserts="0">
            <properties />
            <test-case id="1194" name="DenseFixtureStartsWithEnoughDirectExitChoices" fullname="Tidebound.Tests.DenseLevelSolutionTests.DenseFixtureStartsWithEnoughDirectExitChoices" methodname="DenseFixtureStartsWithEnoughDirectExitChoices" classname="Tidebound.Tests.DenseLevelSolutionTests" runstate="Runnable" seed="1551105336" result="Passed" start-time="2026-09-18 14:15:06Z" end-time="2026-09-18 14:15:06Z" duration="0.002753" asserts="0">
              <properties />
            </test-case>
            <test-case id="1195" name="RecordedEightyShipSequenceClearsDenseFixtureWithoutBlockedMoves" fullname="Tidebound.Tests.DenseLevelSolutionTests.RecordedEightyShipSequenceClearsDenseFixtureWithoutBlockedMoves" methodname="RecordedEightyShipSequenceClearsDenseFixtureWithoutBlockedMoves" classname="Tidebound.Tests.DenseLevelSolutionTests" runstate="Runnable" seed="392013713" result="Passed" start-time="2026-09-18 14:15:06Z" end-time="2026-09-18 14:15:06Z" duration="0.006584" asserts="0">
              <properties />
            </test-case>
          </test-suite>
          <test-suite type="TestFixture" id="1196" name="EventBusTests" fullname="Tidebound.Tests.EventBusTests" classname="Tidebound.Tests.EventBusTests" runstate="Runnable" testcasecount="6" result="Passed" start-time="2026-09-18 14:15:06Z" end-time="2026-09-18 14:15:06Z" duration="0.007209" total="6" passed="6" failed="0" inconclusive="0" skipped="0" asserts="0">
            <properties />
            <test-case id="1197" name="AllSevenContractsDeliverTheirImmutablePayload" fullname="Tidebound.Tests.EventBusTests.AllSevenContractsDeliverTheirImmutablePayload" methodname="AllSevenContractsDeliverTheirImmutablePayload" classname="Tidebound.Tests.EventBusTests" runstate="Runnable" seed="878238828" result="Passed" start-time="2026-09-18 14:15:06Z" end-time="2026-09-18 14:15:06Z" duration="0.003788" asserts="0">
              <properties />
            </test-case>
            <test-case id="1201" name="DisposedSessionRejectsFurtherPublicationAndSubscription" fullname="Tidebound.Tests.EventBusTests.DisposedSessionRejectsFurtherPublicationAndSubscription" methodname="DisposedSessionRejectsFurtherPublicationAndSubscription" classname="Tidebound.Tests.EventBusTests" runstate="Runnable" seed="1410830882" result="Passed" start-time="2026-09-18 14:15:06Z" end-time="2026-09-18 14:15:06Z" duration="0.000758" asserts="0">
              <properties />
            </test-case>
            <test-case id="1199" name="RemovingOneDuplicateSubscriptionDoesNotRemoveTheOther" fullname="Tidebound.Tests.EventBusTests.RemovingOneDuplicateSubscriptionDoesNotRemoveTheOther" methodname="RemovingOneDuplicateSubscriptionDoesNotRemoveTheOther" classname="Tidebound.Tests.EventBusTests" runstate="Runnable" seed="1573315916" result="Passed" start-time="2026-09-18 14:15:06Z" end-time="2026-09-18 14:15:06Z" duration="0.000152" asserts="0">
              <properties />
            </test-case>
            <test-case id="1202" name="SubscriberErrorsAreVisibleAndStopTheCurrentDispatch" fullname="Tidebound.Tests.EventBusTests.SubscriberErrorsAreVisibleAndStopTheCurrentDispatch" methodname="SubscriberErrorsAreVisibleAndStopTheCurrentDispatch" classname="Tidebound.Tests.EventBusTests" runstate="Runnable" seed="1958211392" result="Passed" start-time="2026-09-18 14:15:06Z" end-time="2026-09-18 14:15:06Z" duration="0.000213" asserts="0">
              <properties />
            </test-case>
            <test-case id="1200" name="SubscriptionChangesApplyToTheNextPublicationAndPreserveOrder" fullname="Tidebound.Tests.EventBusTests.SubscriptionChangesApplyToTheNextPublicationAndPreserveOrder" methodname="SubscriptionChangesApplyToTheNextPublicationAndPreserveOrder" classname="Tidebound.Tests.EventBusTests" runstate="Runnable" seed="411626568" result="Passed" start-time="2026-09-18 14:15:06Z" end-time="2026-09-18 14:15:06Z" duration="0.000651" asserts="0">
              <properties />
            </test-case>
            <test-case id="1198" name="TypesAndSessionsAreIsolatedAndSubscriptionsAreDisposable" fullname="Tidebound.Tests.EventBusTests.TypesAndSessionsAreIsolatedAndSubscriptionsAreDisposable" methodname="TypesAndSessionsAreIsolatedAndSubscriptionsAreDisposable" classname="Tidebound.Tests.EventBusTests" runstate="Runnable" seed="1800416543" result="Passed" start-time="2026-09-18 14:15:06Z" end-time="2026-09-18 14:15:06Z" duration="0.000802" asserts="0">
              <properties />
            </test-case>
          </test-suite>
          <test-suite type="TestFixture" id="1203" name="LaneTransitControllerTests" fullname="Tidebound.Tests.LaneTransitControllerTests" classname="Tidebound.Tests.LaneTransitControllerTests" runstate="Runnable" testcasecount="5" result="Passed" start-time="2026-09-18 14:15:06Z" end-time="2026-09-18 14:15:06Z" duration="0.008356" total="5" passed="5" failed="0" inconclusive="0" skipped="0" asserts="0">
            <properties />
            <test-case id="1206" name="ConstructorRejectsMissingDuplicateAndInvalidViews" fullname="Tidebound.Tests.LaneTransitControllerTests.ConstructorRejectsMissingDuplicateAndInvalidViews" methodname="ConstructorRejectsMissingDuplicateAndInvalidViews" classname="Tidebound.Tests.LaneTransitControllerTests" runstate="Runnable" seed="955289608" result="Passed" start-time="2026-09-18 14:15:06Z" end-time="2026-09-18 14:15:06Z" duration="0.001515" asserts="0">
              <properties />
            </test-case>
            <test-case id="1204" name="ControllerMapsTransitProgressAndCompletesTheMatchingView" fullname="Tidebound.Tests.LaneTransitControllerTests.ControllerMapsTransitProgressAndCompletesTheMatchingView" methodname="ControllerMapsTransitProgressAndCompletesTheMatchingView" classname="Tidebound.Tests.LaneTransitControllerTests" runstate="Runnable" seed="1836547420" result="Passed" start-time="2026-09-18 14:15:06Z" end-time="2026-09-18 14:15:06Z" duration="0.004911" asserts="0">
              <properties />
            </test-case>
            <test-case id="1208" name="DisposeStopsPresentationCallsAndRejectsAdvance" fullname="Tidebound.Tests.LaneTransitControllerTests.DisposeStopsPresentationCallsAndRejectsAdvance" methodname="DisposeStopsPresentationCallsAndRejectsAdvance" classname="Tidebound.Tests.LaneTransitControllerTests" runstate="Runnable" seed="1599881329" result="Passed" start-time="2026-09-18 14:15:06Z" end-time="2026-09-18 14:15:06Z" duration="0.000266" asserts="0">
              <properties />
            </test-case>
            <test-case id="1205" name="PausedControllerLeavesViewAtSamePoseUntilResume" fullname="Tidebound.Tests.LaneTransitControllerTests.PausedControllerLeavesViewAtSamePoseUntilResume" methodname="PausedControllerLeavesViewAtSamePoseUntilResume" classname="Tidebound.Tests.LaneTransitControllerTests" runstate="Runnable" seed="1186408733" result="Passed" start-time="2026-09-18 14:15:06Z" end-time="2026-09-18 14:15:06Z" duration="0.000425" asserts="0">
              <properties />
            </test-case>
            <test-case id="1207" name="WorldPathKeepsEndpointsAndProvidesForwardTangent" fullname="Tidebound.Tests.LaneTransitControllerTests.WorldPathKeepsEndpointsAndProvidesForwardTangent" methodname="WorldPathKeepsEndpointsAndProvidesForwardTangent" classname="Tidebound.Tests.LaneTransitControllerTests" runstate="Runnable" seed="1735232899" result="Passed" start-time="2026-09-18 14:15:06Z" end-time="2026-09-18 14:15:06Z" duration="0.000541" asserts="0">
              <properties />
            </test-case>
          </test-suite>
          <test-suite type="TestFixture" id="1209" name="LevelJsonReaderTests" fullname="Tidebound.Tests.LevelJsonReaderTests" classname="Tidebound.Tests.LevelJsonReaderTests" runstate="Runnable" testcasecount="21" result="Passed" start-time="2026-09-18 14:15:06Z" end-time="2026-09-18 14:15:06Z" duration="0.018159" total="21" passed="21" failed="0" inconclusive="0" skipped="0" asserts="0">
            <properties />
            <test-case id="1232" name="CanonicalWriterRoundTripsSchemaTwoWithoutRuntimeFields" fullname="Tidebound.Tests.LevelJsonReaderTests.CanonicalWriterRoundTripsSchemaTwoWithoutRuntimeFields" methodname="CanonicalWriterRoundTripsSchemaTwoWithoutRuntimeFields" classname="Tidebound.Tests.LevelJsonReaderTests" runstate="Runnable" seed="1251425641" result="Passed" start-time="2026-09-18 14:15:06Z" end-time="2026-09-18 14:15:06Z" duration="0.007118" asserts="0">
              <properties />
            </test-case>
            <test-suite type="ParameterizedMethod" id="1215" name="MalformedOrDuplicateJsonIsRejected" fullname="Tidebound.Tests.LevelJsonReaderTests.MalformedOrDuplicateJsonIsRejected" classname="Tidebound.Tests.LevelJsonReaderTests" runstate="Runnable" testcasecount="5" result="Passed" start-time="2026-09-18 14:15:06Z" end-time="2026-09-18 14:15:06Z" duration="0.001611" total="5" passed="5" failed="0" inconclusive="0" skipped="0" asserts="0">
              <properties />
              <test-case id="1210" name="MalformedOrDuplicateJsonIsRejected(&quot;&quot;)" fullname="Tidebound.Tests.LevelJsonReaderTests.MalformedOrDuplicateJsonIsRejected(&quot;&quot;)" methodname="MalformedOrDuplicateJsonIsRejected" classname="Tidebound.Tests.LevelJsonReaderTests" runstate="Runnable" seed="434452962" result="Passed" start-time="2026-09-18 14:15:06Z" end-time="2026-09-18 14:15:06Z" duration="0.000253" asserts="0">
                <properties />
              </test-case>
              <test-case id="1211" name="MalformedOrDuplicateJsonIsRejected(&quot;null&quot;)" fullname="Tidebound.Tests.LevelJsonReaderTests.MalformedOrDuplicateJsonIsRejected(&quot;null&quot;)" methodname="MalformedOrDuplicateJsonIsRejected" classname="Tidebound.Tests.LevelJsonReaderTests" runstate="Runnable" seed="1052079454" result="Passed" start-time="2026-09-18 14:15:06Z" end-time="2026-09-18 14:15:06Z" duration="0.000137" asserts="0">
                <properties />
              </test-case>
              <test-case id="1212" name="MalformedOrDuplicateJsonIsRejected(&quot;[]&quot;)" fullname="Tidebound.Tests.LevelJsonReaderTests.MalformedOrDuplicateJsonIsRejected(&quot;[]&quot;)" methodname="MalformedOrDuplicateJsonIsRejected" classname="Tidebound.Tests.LevelJsonReaderTests" runstate="Runnable" seed="1409673810" result="Passed" start-time="2026-09-18 14:15:06Z" end-time="2026-09-18 14:15:06Z" duration="0.000243" asserts="0">
                <properties />
              </test-case>
              <test-case id="1213" name="MalformedOrDuplicateJsonIsRejected(&quot;{broken&quot;)" fullname="Tidebound.Tests.LevelJsonReaderTests.MalformedOrDuplicateJsonIsRejected(&quot;{broken&quot;)" methodname="MalformedOrDuplicateJsonIsRejected" classname="Tidebound.Tests.LevelJsonReaderTests" runstate="Runnable" seed="981838177" result="Passed" start-time="2026-09-18 14:15:06Z" end-time="2026-09-18 14:15:06Z" duration="0.000217" asserts="0">
                <properties />
              </test-case>
              <test-case id="1214" name="MalformedOrDuplicateJsonIsRejected(&quot;{\&quot;schemaVersion\&quot;:1,\&quot;schemaVersion\&quot;:1}&quot;)" fullname="Tidebound.Tests.LevelJsonReaderTests.MalformedOrDuplicateJsonIsRejected(&quot;{\&quot;schemaVersion\&quot;:1,\&quot;schemaVersion\&quot;:1}&quot;)" methodname="MalformedOrDuplicateJsonIsRejected" classname="Tidebound.Tests.LevelJsonReaderTests" runstate="Runnable" seed="356615651" result="Passed" start-time="2026-09-18 14:15:06Z" end-time="2026-09-18 14:15:06Z" duration="0.000167" asserts="0">
                <properties />
              </test-case>
            </test-suite>
            <test-suite type="ParameterizedMethod" id="1231" name="SchemaRejectsMissingFieldsImplicitConversionsAndDuplicateConfigurationSources" fullname="Tidebound.Tests.LevelJsonReaderTests.SchemaRejectsMissingFieldsImplicitConversionsAndDuplicateConfigurationSources" classname="Tidebound.Tests.LevelJsonReaderTests" runstate="Runnable" testcasecount="15" result="Passed" start-time="2026-09-18 14:15:06Z" end-time="2026-09-18 14:15:06Z" duration="0.008792" total="15" passed="15" failed="0" inconclusive="0" skipped="0" asserts="0">
              <properties />
              <test-case id="1216" name="SchemaRejectsMissingFieldsImplicitConversionsAndDuplicateConfigurationSources(&quot;missing&quot;)" fullname="Tidebound.Tests.LevelJsonReaderTests.SchemaRejectsMissingFieldsImplicitConversionsAndDuplicateConfigurationSources(&quot;missing&quot;)" methodname="SchemaRejectsMissingFieldsImplicitConversionsAndDuplicateConfigurationSources" classname="Tidebound.Tests.LevelJsonReaderTests" runstate="Runnable" seed="123994843" result="Passed" start-time="2026-09-18 14:15:06Z" end-time="2026-09-18 14:15:06Z" duration="0.001116" asserts="0">
                <properties />
              </test-case>
              <test-case id="1217" name="SchemaRejectsMissingFieldsImplicitConversionsAndDuplicateConfigurationSources(&quot;hp&quot;)" fullname="Tidebound.Tests.LevelJsonReaderTests.SchemaRejectsMissingFieldsImplicitConversionsAndDuplicateConfigurationSources(&quot;hp&quot;)" methodname="SchemaRejectsMissingFieldsImplicitConversionsAndDuplicateConfigurationSources" classname="Tidebound.Tests.LevelJsonReaderTests" runstate="Runnable" seed="781955506" result="Passed" start-time="2026-09-18 14:15:06Z" end-time="2026-09-18 14:15:06Z" duration="0.000303" asserts="0">
                <properties />
              </test-case>
              <test-case id="1218" name="SchemaRejectsMissingFieldsImplicitConversionsAndDuplicateConfigurationSources(&quot;missingLength&quot;)" fullname="Tidebound.Tests.LevelJsonReaderTests.SchemaRejectsMissingFieldsImplicitConversionsAndDuplicateConfigurationSources(&quot;missingLength&quot;)" methodname="SchemaRejectsMissingFieldsImplicitConversionsAndDuplicateConfigurationSources" classname="Tidebound.Tests.LevelJsonReaderTests" runstate="Runnable" seed="2033758617" result="Passed" start-time="2026-09-18 14:15:06Z" end-time="2026-09-18 14:15:06Z" duration="0.000286" asserts="0">
                <properties />
              </test-case>
              <test-case id="1219" name="SchemaRejectsMissingFieldsImplicitConversionsAndDuplicateConfigurationSources(&quot;damage&quot;)" fullname="Tidebound.Tests.LevelJsonReaderTests.SchemaRejectsMissingFieldsImplicitConversionsAndDuplicateConfigurationSources(&quot;damage&quot;)" methodname="SchemaRejectsMissingFieldsImplicitConversionsAndDuplicateConfigurationSources" classname="Tidebound.Tests.LevelJsonReaderTests" runstate="Runnable" seed="1625845811" result="Passed" start-time="2026-09-18 14:15:06Z" end-time="2026-09-18 14:15:06Z" duration="0.000304" asserts="0">
                <properties />
              </test-case>
              <test-case id="1220" name="SchemaRejectsMissingFieldsImplicitConversionsAndDuplicateConfigurationSources(&quot;state&quot;)" fullname="Tidebound.Tests.LevelJsonReaderTests.SchemaRejectsMissingFieldsImplicitConversionsAndDuplicateConfigurationSources(&quot;state&quot;)" methodname="SchemaRejectsMissingFieldsImplicitConversionsAndDuplicateConfigurationSources" classname="Tidebound.Tests.LevelJsonReaderTests" runstate="Runnable" seed="1494921924" result="Passed" start-time="2026-09-18 14:15:06Z" end-time="2026-09-18 14:15:06Z" duration="0.000284" asserts="0">
                <properties />
              </test-case>
              <test-case id="1221" name="SchemaRejectsMissingFieldsImplicitConversionsAndDuplicateConfigurationSources(&quot;stringWidth&quot;)" fullname="Tidebound.Tests.LevelJsonReaderTests.SchemaRejectsMissingFieldsImplicitConversionsAndDuplicateConfigurationSources(&quot;stringWidth&quot;)" methodname="SchemaRejectsMissingFieldsImplicitConversionsAndDuplicateConfigurationSources" classname="Tidebound.Tests.LevelJsonReaderTests" runstate="Runnable" seed="1603118262" result="Passed" start-time="2026-09-18 14:15:06Z" end-time="2026-09-18 14:15:06Z" duration="0.000691" asserts="0">
                <properties />
              </test-case>
              <test-case id="1222" name="SchemaRejectsMissingFieldsImplicitConversionsAndDuplicateConfigurationSources(&quot;decimalWidth&quot;)" fullname="Tidebound.Tests.LevelJsonReaderTests.SchemaRejectsMissingFieldsImplicitConversionsAndDuplicateConfigurationSources(&quot;decimalWidth&quot;)" methodname="SchemaRejectsMissingFieldsImplicitConversionsAndDuplicateConfigurationSources" classname="Tidebound.Tests.LevelJsonReaderTests" runstate="Runnable" seed="1096431995" result="Passed" start-time="2026-09-18 14:15:06Z" end-time="2026-09-18 14:15:06Z" duration="0.000635" asserts="0">
                <properties />
              </test-case>
              <test-case id="1223" name="SchemaRejectsMissingFieldsImplicitConversionsAndDuplicateConfigurationSources(&quot;overflowWidth&quot;)" fullname="Tidebound.Tests.LevelJsonReaderTests.SchemaRejectsMissingFieldsImplicitConversionsAndDuplicateConfigurationSources(&quot;overflowWidth&quot;)" methodname="SchemaRejectsMissingFieldsImplicitConversionsAndDuplicateConfigurationSources" classname="Tidebound.Tests.LevelJsonReaderTests" runstate="Runnable" seed="874050008" result="Passed" start-time="2026-09-18 14:15:06Z" end-time="2026-09-18 14:15:06Z" duration="0.001245" asserts="0">
                <properties />
              </test-case>
              <test-case id="1224" name="SchemaRejectsMissingFieldsImplicitConversionsAndDuplicateConfigurationSources(&quot;numericDirection&quot;)" fullname="Tidebound.Tests.LevelJsonReaderTests.SchemaRejectsMissingFieldsImplicitConversionsAndDuplicateConfigurationSources(&quot;numericDirection&quot;)" methodname="SchemaRejectsMissingFieldsImplicitConversionsAndDuplicateConfigurationSources" classname="Tidebound.Tests.LevelJsonReaderTests" runstate="Runnable" seed="805324967" result="Passed" start-time="2026-09-18 14:15:06Z" end-time="2026-09-18 14:15:06Z" duration="0.000456" asserts="0">
                <properties />
              </test-case>
              <test-case id="1225" name="SchemaRejectsMissingFieldsImplicitConversionsAndDuplicateConfigurationSources(&quot;numericStringDirection&quot;)" fullname="Tidebound.Tests.LevelJsonReaderTests.SchemaRejectsMissingFieldsImplicitConversionsAndDuplicateConfigurationSources(&quot;numericStringDirection&quot;)" methodname="SchemaRejectsMissingFieldsImplicitConversionsAndDuplicateConfigurationSources" classname="Tidebound.Tests.LevelJsonReaderTests" runstate="Runnable" seed="1615858337" result="Passed" start-time="2026-09-18 14:15:06Z" end-time="2026-09-18 14:15:06Z" duration="0.000679" asserts="0">
                <properties />
              </test-case>
              <test-case id="1226" name="SchemaRejectsMissingFieldsImplicitConversionsAndDuplicateConfigurationSources(&quot;lowercaseDirection&quot;)" fullname="Tidebound.Tests.LevelJsonReaderTests.SchemaRejectsMissingFieldsImplicitConversionsAndDuplicateConfigurationSources(&quot;lowercaseDirection&quot;)" methodname="SchemaRejectsMissingFieldsImplicitConversionsAndDuplicateConfigurationSources" classname="Tidebound.Tests.LevelJsonReaderTests" runstate="Runnable" seed="1152489490" result="Passed" start-time="2026-09-18 14:15:06Z" end-time="2026-09-18 14:15:06Z" duration="0.000372" asserts="0">
                <properties />
              </test-case>
              <test-case id="1227" name="SchemaRejectsMissingFieldsImplicitConversionsAndDuplicateConfigurationSources(&quot;diagonalDirection&quot;)" fullname="Tidebound.Tests.LevelJsonReaderTests.SchemaRejectsMissingFieldsImplicitConversionsAndDuplicateConfigurationSources(&quot;diagonalDirection&quot;)" methodname="SchemaRejectsMissingFieldsImplicitConversionsAndDuplicateConfigurationSources" classname="Tidebound.Tests.LevelJsonReaderTests" runstate="Runnable" seed="1105326421" result="Passed" start-time="2026-09-18 14:15:06Z" end-time="2026-09-18 14:15:06Z" duration="0.000350" asserts="0">
                <properties />
              </test-case>
              <test-case id="1228" name="SchemaRejectsMissingFieldsImplicitConversionsAndDuplicateConfigurationSources(&quot;missingX&quot;)" fullname="Tidebound.Tests.LevelJsonReaderTests.SchemaRejectsMissingFieldsImplicitConversionsAndDuplicateConfigurationSources(&quot;missingX&quot;)" methodname="SchemaRejectsMissingFieldsImplicitConversionsAndDuplicateConfigurationSources" classname="Tidebound.Tests.LevelJsonReaderTests" runstate="Runnable" seed="1222517349" result="Passed" start-time="2026-09-18 14:15:06Z" end-time="2026-09-18 14:15:06Z" duration="0.000310" asserts="0">
                <properties />
              </test-case>
              <test-case id="1229" name="SchemaRejectsMissingFieldsImplicitConversionsAndDuplicateConfigurationSources(&quot;nullShip&quot;)" fullname="Tidebound.Tests.LevelJsonReaderTests.SchemaRejectsMissingFieldsImplicitConversionsAndDuplicateConfigurationSources(&quot;nullShip&quot;)" methodname="SchemaRejectsMissingFieldsImplicitConversionsAndDuplicateConfigurationSources" classname="Tidebound.Tests.LevelJsonReaderTests" runstate="Runnable" seed="115061839" result="Passed" start-time="2026-09-18 14:15:06Z" end-time="2026-09-18 14:15:06Z" duration="0.000366" asserts="0">
                <properties />
              </test-case>
              <test-case id="1230" name="SchemaRejectsMissingFieldsImplicitConversionsAndDuplicateConfigurationSources(&quot;trailingDocument&quot;)" fullname="Tidebound.Tests.LevelJsonReaderTests.SchemaRejectsMissingFieldsImplicitConversionsAndDuplicateConfigurationSources(&quot;trailingDocument&quot;)" methodname="SchemaRejectsMissingFieldsImplicitConversionsAndDuplicateConfigurationSources" classname="Tidebound.Tests.LevelJsonReaderTests" runstate="Runnable" seed="1288723642" result="Passed" start-time="2026-09-18 14:15:06Z" end-time="2026-09-18 14:15:06Z" duration="0.000284" asserts="0">
                <properties />
              </test-case>
            </test-suite>
          </test-suite>
          <test-suite type="TestFixture" id="1233" name="LevelLoadingTests" fullname="Tidebound.Tests.LevelLoadingTests" classname="Tidebound.Tests.LevelLoadingTests" runstate="Runnable" testcasecount="9" result="Passed" start-time="2026-09-18 14:15:06Z" end-time="2026-09-18 14:15:06Z" duration="0.009837" total="9" passed="9" failed="0" inconclusive="0" skipped="0" asserts="0">
            <properties />
            <test-case id="1234" name="CommittedFixtureLoadsSevenLv1BoatsAndSeventyHp" fullname="Tidebound.Tests.LevelLoadingTests.CommittedFixtureLoadsSevenLv1BoatsAndSeventyHp" methodname="CommittedFixtureLoadsSevenLv1BoatsAndSeventyHp" classname="Tidebound.Tests.LevelLoadingTests" runstate="Runnable" seed="257238834" result="Passed" start-time="2026-09-18 14:15:06Z" end-time="2026-09-18 14:15:06Z" duration="0.001105" asserts="0">
              <properties />
            </test-case>
            <test-case id="1235" name="DenseFixtureLoadsTwelveByEighteenWithEightyShipsAndEightHundredHp" fullname="Tidebound.Tests.LevelLoadingTests.DenseFixtureLoadsTwelveByEighteenWithEightyShipsAndEightHundredHp" methodname="DenseFixtureLoadsTwelveByEighteenWithEightyShipsAndEightHundredHp" classname="Tidebound.Tests.LevelLoadingTests" runstate="Runnable" seed="1397678563" result="Passed" start-time="2026-09-18 14:15:06Z" end-time="2026-09-18 14:15:06Z" duration="0.002386" asserts="0">
              <properties />
            </test-case>
            <test-case id="1239" name="FixedDamageConfigRejectsAccidentalBalanceChanges" fullname="Tidebound.Tests.LevelLoadingTests.FixedDamageConfigRejectsAccidentalBalanceChanges" methodname="FixedDamageConfigRejectsAccidentalBalanceChanges" classname="Tidebound.Tests.LevelLoadingTests" runstate="Runnable" seed="1124664476" result="Passed" start-time="2026-09-18 14:15:06Z" end-time="2026-09-18 14:15:06Z" duration="0.001365" asserts="0">
              <properties />
            </test-case>
            <test-suite type="ParameterizedMethod" id="1243" name="MissingUnityReferencesFailClearly" fullname="Tidebound.Tests.LevelLoadingTests.MissingUnityReferencesFailClearly" classname="Tidebound.Tests.LevelLoadingTests" runstate="Runnable" testcasecount="3" result="Passed" start-time="2026-09-18 14:15:06Z" end-time="2026-09-18 14:15:06Z" duration="0.001546" total="3" passed="3" failed="0" inconclusive="0" skipped="0" asserts="0">
              <properties />
              <test-case id="1240" name="MissingUnityReferencesFailClearly(&quot;levelJson&quot;)" fullname="Tidebound.Tests.LevelLoadingTests.MissingUnityReferencesFailClearly(&quot;levelJson&quot;)" methodname="MissingUnityReferencesFailClearly" classname="Tidebound.Tests.LevelLoadingTests" runstate="Runnable" seed="1120158468" result="Passed" start-time="2026-09-18 14:15:06Z" end-time="2026-09-18 14:15:06Z" duration="0.000350" asserts="0">
                <properties />
              </test-case>
              <test-case id="1241" name="MissingUnityReferencesFailClearly(&quot;shipConfigs&quot;)" fullname="Tidebound.Tests.LevelLoadingTests.MissingUnityReferencesFailClearly(&quot;shipConfigs&quot;)" methodname="MissingUnityReferencesFailClearly" classname="Tidebound.Tests.LevelLoadingTests" runstate="Runnable" seed="1911163132" result="Passed" start-time="2026-09-18 14:15:06Z" end-time="2026-09-18 14:15:06Z" duration="0.000448" asserts="0">
                <properties />
              </test-case>
              <test-case id="1242" name="MissingUnityReferencesFailClearly(&quot;bossConfigs&quot;)" fullname="Tidebound.Tests.LevelLoadingTests.MissingUnityReferencesFailClearly(&quot;bossConfigs&quot;)" methodname="MissingUnityReferencesFailClearly" classname="Tidebound.Tests.LevelLoadingTests" runstate="Runnable" seed="575008061" result="Passed" start-time="2026-09-18 14:15:06Z" end-time="2026-09-18 14:15:06Z" duration="0.000393" asserts="0">
                <properties />
              </test-case>
            </test-suite>
            <test-case id="1237" name="ParsedDocumentIsCopiedAndShipStateChangesNeverRecomputeBossHp" fullname="Tidebound.Tests.LevelLoadingTests.ParsedDocumentIsCopiedAndShipStateChangesNeverRecomputeBossHp" methodname="ParsedDocumentIsCopiedAndShipStateChangesNeverRecomputeBossHp" classname="Tidebound.Tests.LevelLoadingTests" runstate="Runnable" seed="388489819" result="Passed" start-time="2026-09-18 14:15:06Z" end-time="2026-09-18 14:15:06Z" duration="0.000761" asserts="0">
              <properties />
            </test-case>
            <test-case id="1238" name="PresentationScaleAndPrefabAreNotLogicalInputs" fullname="Tidebound.Tests.LevelLoadingTests.PresentationScaleAndPrefabAreNotLogicalInputs" methodname="PresentationScaleAndPrefabAreNotLogicalInputs" classname="Tidebound.Tests.LevelLoadingTests" runstate="Runnable" seed="388485114" result="Passed" start-time="2026-09-18 14:15:06Z" end-time="2026-09-18 14:15:06Z" duration="0.000837" asserts="0">
              <properties />
            </test-case>
            <test-case id="1236" name="RuntimeEditsCannotLeakIntoAnotherLoadOrAuthoredAssets" fullname="Tidebound.Tests.LevelLoadingTests.RuntimeEditsCannotLeakIntoAnotherLoadOrAuthoredAssets" methodname="RuntimeEditsCannotLeakIntoAnotherLoadOrAuthoredAssets" classname="Tidebound.Tests.LevelLoadingTests" runstate="Runnable" seed="371340785" result="Passed" start-time="2026-09-18 14:15:06Z" end-time="2026-09-18 14:15:06Z" duration="0.001073" asserts="0">
              <properties />
            </test-case>
          </test-suite>
          <test-suite type="TestFixture" id="1244" name="ShipMovementControllerTests" fullname="Tidebound.Tests.ShipMovementControllerTests" classname="Tidebound.Tests.ShipMovementControllerTests" runstate="Runnable" testcasecount="6" result="Passed" start-time="2026-09-18 14:15:06Z" end-time="2026-09-18 14:15:06Z" duration="0.003985" total="6" passed="6" failed="0" inconclusive="0" skipped="0" asserts="0">
            <properties />
            <test-case id="1245" name="ClickWaitsForTravelAndFeedbackCallbacksBeforeUnlocking" fullname="Tidebound.Tests.ShipMovementControllerTests.ClickWaitsForTravelAndFeedbackCallbacksBeforeUnlocking" methodname="ClickWaitsForTravelAndFeedbackCallbacksBeforeUnlocking" classname="Tidebound.Tests.ShipMovementControllerTests" runstate="Runnable" seed="426719121" result="Passed" start-time="2026-09-18 14:15:06Z" end-time="2026-09-18 14:15:06Z" duration="0.002023" asserts="0">
              <properties />
            </test-case>
            <test-case id="1247" name="CompletionThatRacesWithPauseIsAppliedOnceAfterResume" fullname="Tidebound.Tests.ShipMovementControllerTests.CompletionThatRacesWithPauseIsAppliedOnceAfterResume" methodname="CompletionThatRacesWithPauseIsAppliedOnceAfterResume" classname="Tidebound.Tests.ShipMovementControllerTests" runstate="Runnable" seed="1250777028" result="Passed" start-time="2026-09-18 14:15:06Z" end-time="2026-09-18 14:15:06Z" duration="0.000416" asserts="0">
              <properties />
            </test-case>
            <test-case id="1248" name="ConstructorRejectsMissingAndDuplicateViewsBeforeBindingClicks" fullname="Tidebound.Tests.ShipMovementControllerTests.ConstructorRejectsMissingAndDuplicateViewsBeforeBindingClicks" methodname="ConstructorRejectsMissingAndDuplicateViewsBeforeBindingClicks" classname="Tidebound.Tests.ShipMovementControllerTests" runstate="Runnable" seed="1360249359" result="Passed" start-time="2026-09-18 14:15:06Z" end-time="2026-09-18 14:15:06Z" duration="0.000253" asserts="0">
              <properties />
            </test-case>
            <test-case id="1249" name="DisposeUnbindsClicksAndRejectsDirectRequests" fullname="Tidebound.Tests.ShipMovementControllerTests.DisposeUnbindsClicksAndRejectsDirectRequests" methodname="DisposeUnbindsClicksAndRejectsDirectRequests" classname="Tidebound.Tests.ShipMovementControllerTests" runstate="Runnable" seed="1658972363" result="Passed" start-time="2026-09-18 14:15:06Z" end-time="2026-09-18 14:15:06Z" duration="0.000171" asserts="0">
              <properties />
            </test-case>
            <test-case id="1246" name="ImmediateBlockStartsFeedbackWithoutTravelAnimation" fullname="Tidebound.Tests.ShipMovementControllerTests.ImmediateBlockStartsFeedbackWithoutTravelAnimation" methodname="ImmediateBlockStartsFeedbackWithoutTravelAnimation" classname="Tidebound.Tests.ShipMovementControllerTests" runstate="Runnable" seed="1132761903" result="Passed" start-time="2026-09-18 14:15:06Z" end-time="2026-09-18 14:15:06Z" duration="0.000218" asserts="0">
              <properties />
            </test-case>
            <test-case id="1250" name="TimingUsesConfiguredSpeedAndDurationBounds" fullname="Tidebound.Tests.ShipMovementControllerTests.TimingUsesConfiguredSpeedAndDurationBounds" methodname="TimingUsesConfiguredSpeedAndDurationBounds" classname="Tidebound.Tests.ShipMovementControllerTests" runstate="Runnable" seed="943872489" result="Passed" start-time="2026-09-18 14:15:06Z" end-time="2026-09-18 14:15:06Z" duration="0.000208" asserts="0">
              <properties />
            </test-case>
          </test-suite>
          <test-suite type="TestFixture" id="1251" name="ShipMovementSystemTests" fullname="Tidebound.Tests.ShipMovementSystemTests" classname="Tidebound.Tests.ShipMovementSystemTests" runstate="Runnable" testcasecount="6" result="Passed" start-time="2026-09-18 14:15:06Z" end-time="2026-09-18 14:15:06Z" duration="0.005314" total="6" passed="6" failed="0" inconclusive="0" skipped="0" asserts="0">
            <properties />
            <test-case id="1253" name="BlockedTravelCommitsAtArrivalThenUnlocksAfterFeedback" fullname="Tidebound.Tests.ShipMovementSystemTests.BlockedTravelCommitsAtArrivalThenUnlocksAfterFeedback" methodname="BlockedTravelCommitsAtArrivalThenUnlocksAfterFeedback" classname="Tidebound.Tests.ShipMovementSystemTests" runstate="Runnable" seed="2045155735" result="Passed" start-time="2026-09-18 14:15:06Z" end-time="2026-09-18 14:15:06Z" duration="0.001004" asserts="0">
              <properties />
            </test-case>
            <test-case id="1255" name="CompleteExitReleasesBoardSetsInLaneAndAllocatesStableSequence" fullname="Tidebound.Tests.ShipMovementSystemTests.CompleteExitReleasesBoardSetsInLaneAndAllocatesStableSequence" methodname="CompleteExitReleasesBoardSetsInLaneAndAllocatesStableSequence" classname="Tidebound.Tests.ShipMovementSystemTests" runstate="Runnable" seed="549992909" result="Passed" start-time="2026-09-18 14:15:06Z" end-time="2026-09-18 14:15:06Z" duration="0.001557" asserts="0">
              <properties />
            </test-case>
            <test-case id="1254" name="ImmediateBlockPublishesCompletionBeforeFeedbackWithoutLosingOccupancy" fullname="Tidebound.Tests.ShipMovementSystemTests.ImmediateBlockPublishesCompletionBeforeFeedbackWithoutLosingOccupancy" methodname="ImmediateBlockPublishesCompletionBeforeFeedbackWithoutLosingOccupancy" classname="Tidebound.Tests.ShipMovementSystemTests" runstate="Runnable" seed="176116275" result="Passed" start-time="2026-09-18 14:15:06Z" end-time="2026-09-18 14:15:06Z" duration="0.000447" asserts="0">
              <properties />
            </test-case>
            <test-case id="1252" name="SessionLifecycleControlsWhetherClicksAndCompletionAreAccepted" fullname="Tidebound.Tests.ShipMovementSystemTests.SessionLifecycleControlsWhetherClicksAndCompletionAreAccepted" methodname="SessionLifecycleControlsWhetherClicksAndCompletionAreAccepted" classname="Tidebound.Tests.ShipMovementSystemTests" runstate="Runnable" seed="535693038" result="Passed" start-time="2026-09-18 14:15:06Z" end-time="2026-09-18 14:15:06Z" duration="0.000389" asserts="0">
              <properties />
            </test-case>
            <test-case id="1257" name="TestLevelReferenceSequenceProducesSevenOrderedExits" fullname="Tidebound.Tests.ShipMovementSystemTests.TestLevelReferenceSequenceProducesSevenOrderedExits" methodname="TestLevelReferenceSequenceProducesSevenOrderedExits" classname="Tidebound.Tests.ShipMovementSystemTests" runstate="Runnable" seed="398381221" result="Passed" start-time="2026-09-18 14:15:06Z" end-time="2026-09-18 14:15:06Z" duration="0.001074" asserts="0">
              <properties />
            </test-case>
            <test-case id="1256" name="UnknownAndNonIdleShipsAreRejectedWithoutEvents" fullname="Tidebound.Tests.ShipMovementSystemTests.UnknownAndNonIdleShipsAreRejectedWithoutEvents" methodname="UnknownAndNonIdleShipsAreRejectedWithoutEvents" classname="Tidebound.Tests.ShipMovementSystemTests" runstate="Runnable" seed="1690862719" result="Passed" start-time="2026-09-18 14:15:06Z" end-time="2026-09-18 14:15:06Z" duration="0.000212" asserts="0">
              <properties />
            </test-case>
          </test-suite>
          <test-suite type="TestFixture" id="1258" name="TransitSystemTests" fullname="Tidebound.Tests.TransitSystemTests" classname="Tidebound.Tests.TransitSystemTests" runstate="Runnable" testcasecount="8" result="Passed" start-time="2026-09-18 14:15:06Z" end-time="2026-09-18 14:15:06Z" duration="0.005253" total="8" passed="8" failed="0" inconclusive="0" skipped="0" asserts="0">
            <properties />
            <test-case id="1265" name="DisposeUnsubscribesFromFutureExitEvents" fullname="Tidebound.Tests.TransitSystemTests.DisposeUnsubscribesFromFutureExitEvents" methodname="DisposeUnsubscribesFromFutureExitEvents" classname="Tidebound.Tests.TransitSystemTests" runstate="Runnable" seed="1310959435" result="Passed" start-time="2026-09-18 14:15:06Z" end-time="2026-09-18 14:15:06Z" duration="0.000260" asserts="0">
              <properties />
            </test-case>
            <test-case id="1260" name="ExitEventAutomaticallyTraversesAndEntersFleetAtDefinedTimes" fullname="Tidebound.Tests.TransitSystemTests.ExitEventAutomaticallyTraversesAndEntersFleetAtDefinedTimes" methodname="ExitEventAutomaticallyTraversesAndEntersFleetAtDefinedTimes" classname="Tidebound.Tests.TransitSystemTests" runstate="Runnable" seed="2141460452" result="Passed" start-time="2026-09-18 14:15:06Z" end-time="2026-09-18 14:15:06Z" duration="0.000950" asserts="0">
              <properties />
            </test-case>
            <test-case id="1264" name="InvalidDuplicateAndCrossSessionEventsCannotCreateExtraEntries" fullname="Tidebound.Tests.TransitSystemTests.InvalidDuplicateAndCrossSessionEventsCannotCreateExtraEntries" methodname="InvalidDuplicateAndCrossSessionEventsCannotCreateExtraEntries" classname="Tidebound.Tests.TransitSystemTests" runstate="Runnable" seed="613651630" result="Passed" start-time="2026-09-18 14:15:06Z" end-time="2026-09-18 14:15:06Z" duration="0.000396" asserts="0">
              <properties />
            </test-case>
            <test-case id="1262" name="LargeAdvancePreservesFifoAndEntranceSpacing" fullname="Tidebound.Tests.TransitSystemTests.LargeAdvancePreservesFifoAndEntranceSpacing" methodname="LargeAdvancePreservesFifoAndEntranceSpacing" classname="Tidebound.Tests.TransitSystemTests" runstate="Runnable" seed="1706310746" result="Passed" start-time="2026-09-18 14:15:06Z" end-time="2026-09-18 14:15:06Z" duration="0.000871" asserts="0">
              <properties />
            </test-case>
            <test-case id="1261" name="LaterSequenceWaitsEvenWhenItReachedEntranceFirst" fullname="Tidebound.Tests.TransitSystemTests.LaterSequenceWaitsEvenWhenItReachedEntranceFirst" methodname="LaterSequenceWaitsEvenWhenItReachedEntranceFirst" classname="Tidebound.Tests.TransitSystemTests" runstate="Runnable" seed="1679828305" result="Passed" start-time="2026-09-18 14:15:06Z" end-time="2026-09-18 14:15:06Z" duration="0.000425" asserts="0">
              <properties />
            </test-case>
            <test-case id="1263" name="PauseFreezesPathAndEntranceProgress" fullname="Tidebound.Tests.TransitSystemTests.PauseFreezesPathAndEntranceProgress" methodname="PauseFreezesPathAndEntranceProgress" classname="Tidebound.Tests.TransitSystemTests" runstate="Runnable" seed="1435929832" result="Passed" start-time="2026-09-18 14:15:06Z" end-time="2026-09-18 14:15:06Z" duration="0.000289" asserts="0">
              <properties />
            </test-case>
            <test-case id="1259" name="RouteResolverMapsFourEdgesAndBottomTieUsesRight" fullname="Tidebound.Tests.TransitSystemTests.RouteResolverMapsFourEdgesAndBottomTieUsesRight" methodname="RouteResolverMapsFourEdgesAndBottomTieUsesRight" classname="Tidebound.Tests.TransitSystemTests" runstate="Runnable" seed="1278304001" result="Passed" start-time="2026-09-18 14:15:06Z" end-time="2026-09-18 14:15:06Z" duration="0.000169" asserts="0">
              <properties />
            </test-case>
            <test-case id="1266" name="TestLevelReferenceSequenceMovesAllSevenShipsIntoFleetOnce" fullname="Tidebound.Tests.TransitSystemTests.TestLevelReferenceSequenceMovesAllSevenShipsIntoFleetOnce" methodname="TestLevelReferenceSequenceMovesAllSevenShipsIntoFleetOnce" classname="Tidebound.Tests.TransitSystemTests" runstate="Runnable" seed="1405314559" result="Passed" start-time="2026-09-18 14:15:06Z" end-time="2026-09-18 14:15:06Z" duration="0.001135" asserts="0">
              <properties />
            </test-case>
          </test-suite>
        </test-suite>
      </test-suite>
    </test-suite>
  </test-suite>
</test-run>