<?xml version="1.0" encoding="utf-8"?>
<test-run id="2" testcasecount="5" result="Passed" total="5" passed="5" failed="0" inconclusive="0" skipped="0" asserts="0" engine-version="3.5.0.0" clr-version="4.0.30319.42000" start-time="2026-09-18 14:16:18Z" end-time="2026-09-18 14:16:18Z" duration="0.3404466">
  <test-suite type="TestSuite" id="1000" name="Valet Parking 3D" fullname="Valet Parking 3D" runstate="Runnable" testcasecount="5" result="Passed" start-time="2026-09-18 14:16:18Z" end-time="2026-09-18 14:16:18Z" duration="0.340447" total="5" passed="5" failed="0" inconclusive="0" skipped="0" asserts="0">
    <properties />
    <test-suite type="Assembly" id="1008" name="Tidebound.Tests.PlayMode.dll" fullname="/Users/flyn_n/Documents/Tidebound Fleet（潮汐舰队）/10_开发工作区/TideboundFleet_Unity/Library/ScriptAssemblies/Tidebound.Tests.PlayMode.dll" runstate="Runnable" testcasecount="5" result="Passed" start-time="2026-09-18 14:16:18Z" end-time="2026-09-18 14:16:18Z" duration="0.336802" total="5" passed="5" failed="0" inconclusive="0" skipped="0" asserts="0">
      <properties>
        <property name="_PID" value="49842" />
        <property name="_APPDOMAIN" value="Unity Child Domain" />
        <property name="platform" value="PlayMode" />
      </properties>
      <test-suite type="TestSuite" id="1009" name="Tidebound" fullname="Tidebound" runstate="Runnable" testcasecount="5" result="Passed" start-time="2026-09-18 14:16:18Z" end-time="2026-09-18 14:16:18Z" duration="0.336551" total="5" passed="5" failed="0" inconclusive="0" skipped="0" asserts="0">
        <properties />
        <test-suite type="TestSuite" id="1010" name="Tests" fullname="Tidebound.Tests" runstate="Runnable" testcasecount="5" result="Passed" start-time="2026-09-18 14:16:18Z" end-time="2026-09-18 14:16:18Z" duration="0.336410" total="5" passed="5" failed="0" inconclusive="0" skipped="0" asserts="0">
          <properties />
          <test-suite type="TestFixture" id="1001" name="LaneTransitViewPlayModeTests" fullname="Tidebound.Tests.LaneTransitViewPlayModeTests" classname="Tidebound.Tests.LaneTransitViewPlayModeTests" runstate="Runnable" testcasecount="2" result="Passed" start-time="2026-09-18 14:16:18Z" end-time="2026-09-18 14:16:18Z" duration="0.033005" total="2" passed="2" failed="0" inconclusive="0" skipped="0" asserts="0">
            <properties />
            <test-case id="1002" name="RealViewFollowsLaneAndHidesAfterFleetEntry" fullname="Tidebound.Tests.LaneTransitViewPlayModeTests.RealViewFollowsLaneAndHidesAfterFleetEntry" methodname="RealViewFollowsLaneAndHidesAfterFleetEntry" classname="Tidebound.Tests.LaneTransitViewPlayModeTests" runstate="Runnable" seed="157324137" result="Passed" start-time="2026-09-18 14:16:18Z" end-time="2026-09-18 14:16:18Z" duration="0.024991" asserts="0">
              <properties>
                <property name="_JOINTYPE" value="UnityCombinatorial" />
              </properties>
            </test-case>
            <test-case id="1003" name="RealViewStaysFixedWhileSessionIsPaused" fullname="Tidebound.Tests.LaneTransitViewPlayModeTests.RealViewStaysFixedWhileSessionIsPaused" methodname="RealViewStaysFixedWhileSessionIsPaused" classname="Tidebound.Tests.LaneTransitViewPlayModeTests" runstate="Runnable" seed="484942120" result="Passed" start-time="2026-09-18 14:16:18Z" end-time="2026-09-18 14:16:18Z" duration="0.002049" asserts="0">
              <properties>
                <property name="_JOINTYPE" value="UnityCombinatorial" />
              </properties>
            </test-case>
          </test-suite>
          <test-suite type="TestFixture" id="1004" name="ShipMovementViewPlayModeTests" fullname="Tidebound.Tests.ShipMovementViewPlayModeTests" classname="Tidebound.Tests.ShipMovementViewPlayModeTests" runstate="Runnable" testcasecount="3" result="Passed" start-time="2026-09-18 14:16:18Z" end-time="2026-09-18 14:16:18Z" duration="0.302772" total="3" passed="3" failed="0" inconclusive="0" skipped="0" asserts="0">
            <properties />
            <test-case id="1007" name="BlockedFeedbackUsesOnlyLateralOffsetAndReturnsToAnchor" fullname="Tidebound.Tests.ShipMovementViewPlayModeTests.BlockedFeedbackUsesOnlyLateralOffsetAndReturnsToAnchor" methodname="BlockedFeedbackUsesOnlyLateralOffsetAndReturnsToAnchor" classname="Tidebound.Tests.ShipMovementViewPlayModeTests" runstate="Runnable" seed="871159483" result="Passed" start-time="2026-09-18 14:16:18Z" end-time="2026-09-18 14:16:18Z" duration="0.100477" asserts="0">
              <properties>
                <property name="_JOINTYPE" value="UnityCombinatorial" />
              </properties>
            </test-case>
            <test-case id="1006" name="PauseFreezesTravelAndResumeContinuesFromTheSameProgress" fullname="Tidebound.Tests.ShipMovementViewPlayModeTests.PauseFreezesTravelAndResumeContinuesFromTheSameProgress" methodname="PauseFreezesTravelAndResumeContinuesFromTheSameProgress" classname="Tidebound.Tests.ShipMovementViewPlayModeTests" runstate="Runnable" seed="1445202974" result="Passed" start-time="2026-09-18 14:16:18Z" end-time="2026-09-18 14:16:18Z" duration="0.150761" asserts="0">
              <properties>
                <property name="_JOINTYPE" value="UnityCombinatorial" />
              </properties>
            </test-case>
            <test-case id="1005" name="TravelReachesTargetAndCompletesExactlyOnce" fullname="Tidebound.Tests.ShipMovementViewPlayModeTests.TravelReachesTargetAndCompletesExactlyOnce" methodname="TravelReachesTargetAndCompletesExactlyOnce" classname="Tidebound.Tests.ShipMovementViewPlayModeTests" runstate="Runnable" seed="1866989964" result="Passed" start-time="2026-09-18 14:16:18Z" end-time="2026-09-18 14:16:18Z" duration="0.050903" asserts="0">
              <properties>
                <property name="_JOINTYPE" value="UnityCombinatorial" />
              </properties>
            </test-case>
          </test-suite>
        </test-suite>
      </test-suite>
    </test-suite>
  </test-suite>
</test-run>