<?xml version="1.0" encoding="utf-8"?>
<test-run id="2" testcasecount="91" result="Passed" total="91" passed="91" failed="0" inconclusive="0" skipped="0" asserts="0" engine-version="3.5.0.0" clr-version="4.0.30319.42000" start-time="2026-09-18 08:00:16Z" end-time="2026-09-18 08:00:17Z" duration="0.170268">
  <test-suite type="TestSuite" id="1114" name="Valet Parking 3D" fullname="Valet Parking 3D" runstate="Runnable" testcasecount="91" result="Passed" start-time="2026-09-18 08:00:16Z" end-time="2026-09-18 08:00:17Z" duration="0.170268" total="91" passed="91" failed="0" inconclusive="0" skipped="0" asserts="0">
    <properties />
    <test-suite type="Assembly" id="1221" name="Tidebound.Tests.EditMode.dll" fullname="/Users/flyn_n/Documents/Tidebound Fleet（潮汐舰队）/10_开发工作区/TideboundFleet_Unity/Library/ScriptAssemblies/Tidebound.Tests.EditMode.dll" runstate="Runnable" testcasecount="91" result="Passed" start-time="2026-09-18 08:00:16Z" end-time="2026-09-18 08:00:17Z" duration="0.152025" total="91" passed="91" failed="0" inconclusive="0" skipped="0" asserts="0">
      <properties>
        <property name="_PID" value="41490" />
        <property name="_APPDOMAIN" value="Unity Child Domain" />
        <property name="platform" value="EditMode" />
      </properties>
      <test-suite type="TestSuite" id="1222" name="Tidebound" fullname="Tidebound" runstate="Runnable" testcasecount="91" result="Passed" start-time="2026-09-18 08:00:16Z" end-time="2026-09-18 08:00:17Z" duration="0.151661" total="91" passed="91" failed="0" inconclusive="0" skipped="0" asserts="0">
        <properties />
        <test-suite type="TestSuite" id="1223" name="Tests" fullname="Tidebound.Tests" runstate="Runnable" testcasecount="91" result="Passed" start-time="2026-09-18 08:00:16Z" end-time="2026-09-18 08:00:17Z" duration="0.151480" total="91" passed="91" failed="0" inconclusive="0" skipped="0" asserts="0">
          <properties />
          <test-suite type="TestFixture" id="1115" name="AssemblyBoundaryTests" fullname="Tidebound.Tests.AssemblyBoundaryTests" classname="Tidebound.Tests.AssemblyBoundaryTests" runstate="Runnable" testcasecount="2" result="Passed" start-time="2026-09-18 08:00:16Z" end-time="2026-09-18 08:00:17Z" duration="0.056285" total="2" passed="2" failed="0" inconclusive="0" skipped="0" asserts="0">
            <properties />
            <test-case id="1116" name="LogicAssembliesCannotReferenceUnityOrLegacyGameplay" fullname="Tidebound.Tests.AssemblyBoundaryTests.LogicAssembliesCannotReferenceUnityOrLegacyGameplay" methodname="LogicAssembliesCannotReferenceUnityOrLegacyGameplay" classname="Tidebound.Tests.AssemblyBoundaryTests" runstate="Runnable" seed="1882919097" result="Passed" start-time="2026-09-18 08:00:16Z" end-time="2026-09-18 08:00:16Z" duration="0.004790" asserts="0">
              <properties />
            </test-case>
            <test-case id="1117" name="TideboundRuntimeDependenciesExcludeLegacyAndEditorAssemblies" fullname="Tidebound.Tests.AssemblyBoundaryTests.TideboundRuntimeDependenciesExcludeLegacyAndEditorAssemblies" methodname="TideboundRuntimeDependenciesExcludeLegacyAndEditorAssemblies" classname="Tidebound.Tests.AssemblyBoundaryTests" runstate="Runnable" seed="1153886812" result="Passed" start-time="2026-09-18 08:00:16Z" end-time="2026-09-18 08:00:17Z" duration="0.044201" asserts="0">
              <properties />
            </test-case>
          </test-suite>
          <test-suite type="TestFixture" id="1118" name="BoardQueryTests" fullname="Tidebound.Tests.BoardQueryTests" classname="Tidebound.Tests.BoardQueryTests" runstate="Runnable" testcasecount="14" result="Passed" start-time="2026-09-18 08:00:17Z" end-time="2026-09-18 08:00:17Z" duration="0.032818" total="14" passed="14" failed="0" inconclusive="0" skipped="0" asserts="0">
            <properties />
            <test-case id="1121" name="BlockAfterGapStopsAtTheLastLegalTailPosition" fullname="Tidebound.Tests.BoardQueryTests.BlockAfterGapStopsAtTheLastLegalTailPosition" methodname="BlockAfterGapStopsAtTheLastLegalTailPosition" classname="Tidebound.Tests.BoardQueryTests" runstate="Runnable" seed="116197884" result="Passed" start-time="2026-09-18 08:00:17Z" end-time="2026-09-18 08:00:17Z" duration="0.010539" asserts="0">
              <properties />
            </test-case>
            <test-case id="1122" name="BlockedTransactionMovesOccupancyAtomicallyAndPreservesTheSourceBoard" fullname="Tidebound.Tests.BoardQueryTests.BlockedTransactionMovesOccupancyAtomicallyAndPreservesTheSourceBoard" methodname="BlockedTransactionMovesOccupancyAtomicallyAndPreservesTheSourceBoard" classname="Tidebound.Tests.BoardQueryTests" runstate="Runnable" seed="703348370" result="Passed" start-time="2026-09-18 08:00:17Z" end-time="2026-09-18 08:00:17Z" duration="0.002546" asserts="0">
              <properties />
            </test-case>
            <test-case id="1119" name="BoardIndexesCompleteFootprintsAndExposesCopiedShipSnapshots" fullname="Tidebound.Tests.BoardQueryTests.BoardIndexesCompleteFootprintsAndExposesCopiedShipSnapshots" methodname="BoardIndexesCompleteFootprintsAndExposesCopiedShipSnapshots" classname="Tidebound.Tests.BoardQueryTests" runstate="Runnable" seed="941642122" result="Passed" start-time="2026-09-18 08:00:17Z" end-time="2026-09-18 08:00:17Z" duration="0.001344" asserts="0">
              <properties />
            </test-case>
            <test-case id="1132" name="BoardQueriesStayConsistentWhenRuntimeObjectsAreEditedDirectly" fullname="Tidebound.Tests.BoardQueryTests.BoardQueriesStayConsistentWhenRuntimeObjectsAreEditedDirectly" methodname="BoardQueriesStayConsistentWhenRuntimeObjectsAreEditedDirectly" classname="Tidebound.Tests.BoardQueryTests" runstate="Runnable" seed="316801276" result="Passed" start-time="2026-09-18 08:00:17Z" end-time="2026-09-18 08:00:17Z" duration="0.000372" asserts="0">
              <properties />
            </test-case>
            <test-suite type="ParameterizedMethod" id="1129" name="ClearPathInEveryDirectionTargetsACompletelyExitedTail" fullname="Tidebound.Tests.BoardQueryTests.ClearPathInEveryDirectionTargetsACompletelyExitedTail" classname="Tidebound.Tests.BoardQueryTests" runstate="Runnable" testcasecount="4" result="Passed" start-time="2026-09-18 08:00:17Z" end-time="2026-09-18 08:00:17Z" duration="0.001583" total="4" passed="4" failed="0" inconclusive="0" skipped="0" asserts="0">
              <properties />
              <test-case id="1125" name="ClearPathInEveryDirectionTargetsACompletelyExitedTail(Up,2,1,2,6)" fullname="Tidebound.Tests.BoardQueryTests.ClearPathInEveryDirectionTargetsACompletelyExitedTail(Up,2,1,2,6)" methodname="ClearPathInEveryDirectionTargetsACompletelyExitedTail" classname="Tidebound.Tests.BoardQueryTests" runstate="Runnable" seed="1562301788" result="Passed" start-time="2026-09-18 08:00:17Z" end-time="2026-09-18 08:00:17Z" duration="0.000480" asserts="0">
                <properties />
              </test-case>
              <test-case id="1126" name="ClearPathInEveryDirectionTargetsACompletelyExitedTail(Down,2,4,2,-1)" fullname="Tidebound.Tests.BoardQueryTests.ClearPathInEveryDirectionTargetsACompletelyExitedTail(Down,2,4,2,-1)" methodname="ClearPathInEveryDirectionTargetsACompletelyExitedTail" classname="Tidebound.Tests.BoardQueryTests" runstate="Runnable" seed="481959491" result="Passed" start-time="2026-09-18 08:00:17Z" end-time="2026-09-18 08:00:17Z" duration="0.000084" asserts="0">
                <properties />
              </test-case>
              <test-case id="1127" name="ClearPathInEveryDirectionTargetsACompletelyExitedTail(Left,4,2,-1,2)" fullname="Tidebound.Tests.BoardQueryTests.ClearPathInEveryDirectionTargetsACompletelyExitedTail(Left,4,2,-1,2)" methodname="ClearPathInEveryDirectionTargetsACompletelyExitedTail" classname="Tidebound.Tests.BoardQueryTests" runstate="Runnable" seed="1912476030" result="Passed" start-time="2026-09-18 08:00:17Z" end-time="2026-09-18 08:00:17Z" duration="0.000083" asserts="0">
                <properties />
              </test-case>
              <test-case id="1128" name="ClearPathInEveryDirectionTargetsACompletelyExitedTail(Right,1,2,6,2)" fullname="Tidebound.Tests.BoardQueryTests.ClearPathInEveryDirectionTargetsACompletelyExitedTail(Right,1,2,6,2)" methodname="ClearPathInEveryDirectionTargetsACompletelyExitedTail" classname="Tidebound.Tests.BoardQueryTests" runstate="Runnable" seed="1326732520" result="Passed" start-time="2026-09-18 08:00:17Z" end-time="2026-09-18 08:00:17Z" duration="0.000079" asserts="0">
                <properties />
              </test-case>
            </test-suite>
            <test-case id="1124" name="ExitTransactionRemovesOnlyTheDepartingShip" fullname="Tidebound.Tests.BoardQueryTests.ExitTransactionRemovesOnlyTheDepartingShip" methodname="ExitTransactionRemovesOnlyTheDepartingShip" classname="Tidebound.Tests.BoardQueryTests" runstate="Runnable" seed="1526773198" result="Passed" start-time="2026-09-18 08:00:17Z" end-time="2026-09-18 08:00:17Z" duration="0.000395" asserts="0">
              <properties />
            </test-case>
            <test-case id="1120" name="ImmediateBlockReturnsZeroTravelAndKeepsTheOriginTail" fullname="Tidebound.Tests.BoardQueryTests.ImmediateBlockReturnsZeroTravelAndKeepsTheOriginTail" methodname="ImmediateBlockReturnsZeroTravelAndKeepsTheOriginTail" classname="Tidebound.Tests.BoardQueryTests" runstate="Runnable" seed="308997846" result="Passed" start-time="2026-09-18 08:00:17Z" end-time="2026-09-18 08:00:17Z" duration="0.000408" asserts="0">
              <properties />
            </test-case>
            <test-case id="1130" name="TestLevelQueriesMatchTheAuthoredOpeningBlockers" fullname="Tidebound.Tests.BoardQueryTests.TestLevelQueriesMatchTheAuthoredOpeningBlockers" methodname="TestLevelQueriesMatchTheAuthoredOpeningBlockers" classname="Tidebound.Tests.BoardQueryTests" runstate="Runnable" seed="4901827" result="Passed" start-time="2026-09-18 08:00:17Z" end-time="2026-09-18 08:00:17Z" duration="0.010196" asserts="0">
              <properties />
            </test-case>
            <test-case id="1131" name="TestLevelReferenceSequenceClearsTheImmutableBoardWithoutEditingTheSession" fullname="Tidebound.Tests.BoardQueryTests.TestLevelReferenceSequenceClearsTheImmutableBoardWithoutEditingTheSession" methodname="TestLevelReferenceSequenceClearsTheImmutableBoardWithoutEditingTheSession" classname="Tidebound.Tests.BoardQueryTests" runstate="Runnable" seed="1505872747" result="Passed" start-time="2026-09-18 08:00:17Z" end-time="2026-09-18 08:00:17Z" duration="0.001173" asserts="0">
              <properties />
            </test-case>
            <test-case id="1133" name="UnknownOrEmptyShipIdsFailWithoutChangingTheBoard" fullname="Tidebound.Tests.BoardQueryTests.UnknownOrEmptyShipIdsFailWithoutChangingTheBoard" methodname="UnknownOrEmptyShipIdsFailWithoutChangingTheBoard" classname="Tidebound.Tests.BoardQueryTests" runstate="Runnable" seed="255907183" result="Passed" start-time="2026-09-18 08:00:17Z" end-time="2026-09-18 08:00:17Z" duration="0.000411" asserts="0">
              <properties />
            </test-case>
            <test-case id="1123" name="ZeroDistanceTransactionKeepsEveryOccupiedCell" fullname="Tidebound.Tests.BoardQueryTests.ZeroDistanceTransactionKeepsEveryOccupiedCell" methodname="ZeroDistanceTransactionKeepsEveryOccupiedCell" classname="Tidebound.Tests.BoardQueryTests" runstate="Runnable" seed="478638583" result="Passed" start-time="2026-09-18 08:00:17Z" end-time="2026-09-18 08:00:17Z" duration="0.000352" asserts="0">
              <properties />
            </test-case>
          </test-suite>
          <test-suite type="TestFixture" id="1134" name="BoardValidationTests" fullname="Tidebound.Tests.BoardValidationTests" classname="Tidebound.Tests.BoardValidationTests" runstate="Runnable" testcasecount="29" result="Passed" start-time="2026-09-18 08:00:17Z" end-time="2026-09-18 08:00:17Z" duration="0.015904" total="29" passed="29" failed="0" inconclusive="0" skipped="0" asserts="0">
            <properties />
            <test-case id="1165" name="DuplicateCatalogIdsAreRejectedInsteadOfChoosingAnArbitraryAsset" fullname="Tidebound.Tests.BoardValidationTests.DuplicateCatalogIdsAreRejectedInsteadOfChoosingAnArbitraryAsset" methodname="DuplicateCatalogIdsAreRejectedInsteadOfChoosingAnArbitraryAsset" classname="Tidebound.Tests.BoardValidationTests" runstate="Runnable" seed="2109707515" result="Passed" start-time="2026-09-18 08:00:17Z" end-time="2026-09-18 08:00:17Z" duration="0.001073" asserts="0">
              <properties />
            </test-case>
            <test-suite type="ParameterizedMethod" id="1158" name="InvalidLayoutsReturnSpecificDiagnosticsAndCannotStartSession" fullname="Tidebound.Tests.BoardValidationTests.InvalidLayoutsReturnSpecificDiagnosticsAndCannotStartSession" classname="Tidebound.Tests.BoardValidationTests" runstate="Runnable" testcasecount="18" result="Passed" start-time="2026-09-18 08:00:17Z" end-time="2026-09-18 08:00:17Z" duration="0.008771" total="18" passed="18" failed="0" inconclusive="0" skipped="0" asserts="0">
              <properties />
              <test-case id="1140" name="InvalidLayoutsReturnSpecificDiagnosticsAndCannotStartSession(&quot;null&quot;,&quot;LEVEL_NULL&quot;)" fullname="Tidebound.Tests.BoardValidationTests.InvalidLayoutsReturnSpecificDiagnosticsAndCannotStartSession(&quot;null&quot;,&quot;LEVEL_NULL&quot;)" methodname="InvalidLayoutsReturnSpecificDiagnosticsAndCannotStartSession" classname="Tidebound.Tests.BoardValidationTests" runstate="Runnable" seed="1509481450" result="Passed" start-time="2026-09-18 08:00:17Z" end-time="2026-09-18 08:00:17Z" duration="0.001471" asserts="0">
                <properties />
              </test-case>
              <test-case id="1141" name="InvalidLayoutsReturnSpecificDiagnosticsAndCannotStartSession(&quot;schema&quot;,&quot;SCHEMA_UNSUPPORTED&quot;)" fullname="Tidebound.Tests.BoardValidationTests.InvalidLayoutsReturnSpecificDiagnosticsAndCannotStartSession(&quot;schema&quot;,&quot;SCHEMA_UNSUPPORTED&quot;)" methodname="InvalidLayoutsReturnSpecificDiagnosticsAndCannotStartSession" classname="Tidebound.Tests.BoardValidationTests" runstate="Runnable" seed="1980612633" result="Passed" start-time="2026-09-18 08:00:17Z" end-time="2026-09-18 08:00:17Z" duration="0.000348" asserts="0">
                <properties />
              </test-case>
              <test-case id="1142" name="InvalidLayoutsReturnSpecificDiagnosticsAndCannotStartSession(&quot;levelId&quot;,&quot;ID_INVALID&quot;)" fullname="Tidebound.Tests.BoardValidationTests.InvalidLayoutsReturnSpecificDiagnosticsAndCannotStartSession(&quot;levelId&quot;,&quot;ID_INVALID&quot;)" methodname="InvalidLayoutsReturnSpecificDiagnosticsAndCannotStartSession" classname="Tidebound.Tests.BoardValidationTests" runstate="Runnable" seed="1120543463" result="Passed" start-time="2026-09-18 08:00:17Z" end-time="2026-09-18 08:00:17Z" duration="0.000329" asserts="0">
                <properties />
              </test-case>
              <test-case id="1143" name="InvalidLayoutsReturnSpecificDiagnosticsAndCannotStartSession(&quot;widthZero&quot;,&quot;BOARD_SIZE_INVALID&quot;)" fullname="Tidebound.Tests.BoardValidationTests.InvalidLayoutsReturnSpecificDiagnosticsAndCannotStartSession(&quot;widthZero&quot;,&quot;BOARD_SIZE_INVALID&quot;)" methodname="InvalidLayoutsReturnSpecificDiagnosticsAndCannotStartSession" classname="Tidebound.Tests.BoardValidationTests" runstate="Runnable" seed="2140649504" result="Passed" start-time="2026-09-18 08:00:17Z" end-time="2026-09-18 08:00:17Z" duration="0.000319" asserts="0">
                <properties />
              </test-case>
              <test-case id="1144" name="InvalidLayoutsReturnSpecificDiagnosticsAndCannotStartSession(&quot;widthLarge&quot;,&quot;BOARD_SIZE_INVALID&quot;)" fullname="Tidebound.Tests.BoardValidationTests.InvalidLayoutsReturnSpecificDiagnosticsAndCannotStartSession(&quot;widthLarge&quot;,&quot;BOARD_SIZE_INVALID&quot;)" methodname="InvalidLayoutsReturnSpecificDiagnosticsAndCannotStartSession" classname="Tidebound.Tests.BoardValidationTests" runstate="Runnable" seed="955554498" result="Passed" start-time="2026-09-18 08:00:17Z" end-time="2026-09-18 08:00:17Z" duration="0.000342" asserts="0">
                <properties />
              </test-case>
              <test-case id="1145" name="InvalidLayoutsReturnSpecificDiagnosticsAndCannotStartSession(&quot;heightLarge&quot;,&quot;BOARD_SIZE_INVALID&quot;)" fullname="Tidebound.Tests.BoardValidationTests.InvalidLayoutsReturnSpecificDiagnosticsAndCannotStartSession(&quot;heightLarge&quot;,&quot;BOARD_SIZE_INVALID&quot;)" methodname="InvalidLayoutsReturnSpecificDiagnosticsAndCannotStartSession" classname="Tidebound.Tests.BoardValidationTests" runstate="Runnable" seed="1265894175" result="Passed" start-time="2026-09-18 08:00:17Z" end-time="2026-09-18 08:00:17Z" duration="0.000319" asserts="0">
                <properties />
              </test-case>
              <test-case id="1146" name="InvalidLayoutsReturnSpecificDiagnosticsAndCannotStartSession(&quot;boss&quot;,&quot;BOSS_UNKNOWN&quot;)" fullname="Tidebound.Tests.BoardValidationTests.InvalidLayoutsReturnSpecificDiagnosticsAndCannotStartSession(&quot;boss&quot;,&quot;BOSS_UNKNOWN&quot;)" methodname="InvalidLayoutsReturnSpecificDiagnosticsAndCannotStartSession" classname="Tidebound.Tests.BoardValidationTests" runstate="Runnable" seed="144527772" result="Passed" start-time="2026-09-18 08:00:17Z" end-time="2026-09-18 08:00:17Z" duration="0.000322" asserts="0">
                <properties />
              </test-case>
              <test-case id="1147" name="InvalidLayoutsReturnSpecificDiagnosticsAndCannotStartSession(&quot;empty&quot;,&quot;SHIPS_EMPTY&quot;)" fullname="Tidebound.Tests.BoardValidationTests.InvalidLayoutsReturnSpecificDiagnosticsAndCannotStartSession(&quot;empty&quot;,&quot;SHIPS_EMPTY&quot;)" methodname="InvalidLayoutsReturnSpecificDiagnosticsAndCannotStartSession" classname="Tidebound.Tests.BoardValidationTests" runstate="Runnable" seed="1323643650" result="Passed" start-time="2026-09-18 08:00:17Z" end-time="2026-09-18 08:00:17Z" duration="0.000307" asserts="0">
                <properties />
              </test-case>
              <test-case id="1148" name="InvalidLayoutsReturnSpecificDiagnosticsAndCannotStartSession(&quot;nullShips&quot;,&quot;SHIPS_EMPTY&quot;)" fullname="Tidebound.Tests.BoardValidationTests.InvalidLayoutsReturnSpecificDiagnosticsAndCannotStartSession(&quot;nullShips&quot;,&quot;SHIPS_EMPTY&quot;)" methodname="InvalidLayoutsReturnSpecificDiagnosticsAndCannotStartSession" classname="Tidebound.Tests.BoardValidationTests" runstate="Runnable" seed="707849731" result="Passed" start-time="2026-09-18 08:00:17Z" end-time="2026-09-18 08:00:17Z" duration="0.000297" asserts="0">
                <properties />
              </test-case>
              <test-case id="1149" name="InvalidLayoutsReturnSpecificDiagnosticsAndCannotStartSession(&quot;nullShip&quot;,&quot;SHIP_NULL&quot;)" fullname="Tidebound.Tests.BoardValidationTests.InvalidLayoutsReturnSpecificDiagnosticsAndCannotStartSession(&quot;nullShip&quot;,&quot;SHIP_NULL&quot;)" methodname="InvalidLayoutsReturnSpecificDiagnosticsAndCannotStartSession" classname="Tidebound.Tests.BoardValidationTests" runstate="Runnable" seed="1915741445" result="Passed" start-time="2026-09-18 08:00:17Z" end-time="2026-09-18 08:00:17Z" duration="0.000329" asserts="0">
                <properties />
              </test-case>
              <test-case id="1150" name="InvalidLayoutsReturnSpecificDiagnosticsAndCannotStartSession(&quot;shipId&quot;,&quot;ID_INVALID&quot;)" fullname="Tidebound.Tests.BoardValidationTests.InvalidLayoutsReturnSpecificDiagnosticsAndCannotStartSession(&quot;shipId&quot;,&quot;ID_INVALID&quot;)" methodname="InvalidLayoutsReturnSpecificDiagnosticsAndCannotStartSession" classname="Tidebound.Tests.BoardValidationTests" runstate="Runnable" seed="928688522" result="Passed" start-time="2026-09-18 08:00:17Z" end-time="2026-09-18 08:00:17Z" duration="0.000333" asserts="0">
                <properties />
              </test-case>
              <test-case id="1151" name="InvalidLayoutsReturnSpecificDiagnosticsAndCannotStartSession(&quot;duplicateId&quot;,&quot;SHIP_DUPLICATE&quot;)" fullname="Tidebound.Tests.BoardValidationTests.InvalidLayoutsReturnSpecificDiagnosticsAndCannotStartSession(&quot;duplicateId&quot;,&quot;SHIP_DUPLICATE&quot;)" methodname="InvalidLayoutsReturnSpecificDiagnosticsAndCannotStartSession" classname="Tidebound.Tests.BoardValidationTests" runstate="Runnable" seed="1524760231" result="Passed" start-time="2026-09-18 08:00:17Z" end-time="2026-09-18 08:00:17Z" duration="0.000328" asserts="0">
                <properties />
              </test-case>
              <test-case id="1152" name="InvalidLayoutsReturnSpecificDiagnosticsAndCannotStartSession(&quot;type&quot;,&quot;TYPE_UNKNOWN&quot;)" fullname="Tidebound.Tests.BoardValidationTests.InvalidLayoutsReturnSpecificDiagnosticsAndCannotStartSession(&quot;type&quot;,&quot;TYPE_UNKNOWN&quot;)" methodname="InvalidLayoutsReturnSpecificDiagnosticsAndCannotStartSession" classname="Tidebound.Tests.BoardValidationTests" runstate="Runnable" seed="1151180570" result="Passed" start-time="2026-09-18 08:00:17Z" end-time="2026-09-18 08:00:17Z" duration="0.000328" asserts="0">
                <properties />
              </test-case>
              <test-case id="1153" name="InvalidLayoutsReturnSpecificDiagnosticsAndCannotStartSession(&quot;direction&quot;,&quot;DIRECTION_INVALID&quot;)" fullname="Tidebound.Tests.BoardValidationTests.InvalidLayoutsReturnSpecificDiagnosticsAndCannotStartSession(&quot;direction&quot;,&quot;DIRECTION_INVALID&quot;)" methodname="InvalidLayoutsReturnSpecificDiagnosticsAndCannotStartSession" classname="Tidebound.Tests.BoardValidationTests" runstate="Runnable" seed="1932116748" result="Passed" start-time="2026-09-18 08:00:17Z" end-time="2026-09-18 08:00:17Z" duration="0.000337" asserts="0">
                <properties />
              </test-case>
              <test-case id="1154" name="InvalidLayoutsReturnSpecificDiagnosticsAndCannotStartSession(&quot;tailOutside&quot;,&quot;OUT_OF_BOUNDS&quot;)" fullname="Tidebound.Tests.BoardValidationTests.InvalidLayoutsReturnSpecificDiagnosticsAndCannotStartSession(&quot;tailOutside&quot;,&quot;OUT_OF_BOUNDS&quot;)" methodname="InvalidLayoutsReturnSpecificDiagnosticsAndCannotStartSession" classname="Tidebound.Tests.BoardValidationTests" runstate="Runnable" seed="1538493407" result="Passed" start-time="2026-09-18 08:00:17Z" end-time="2026-09-18 08:00:17Z" duration="0.000328" asserts="0">
                <properties />
              </test-case>
              <test-case id="1155" name="InvalidLayoutsReturnSpecificDiagnosticsAndCannotStartSession(&quot;headOutside&quot;,&quot;OUT_OF_BOUNDS&quot;)" fullname="Tidebound.Tests.BoardValidationTests.InvalidLayoutsReturnSpecificDiagnosticsAndCannotStartSession(&quot;headOutside&quot;,&quot;OUT_OF_BOUNDS&quot;)" methodname="InvalidLayoutsReturnSpecificDiagnosticsAndCannotStartSession" classname="Tidebound.Tests.BoardValidationTests" runstate="Runnable" seed="1174505148" result="Passed" start-time="2026-09-18 08:00:17Z" end-time="2026-09-18 08:00:17Z" duration="0.000329" asserts="0">
                <properties />
              </test-case>
              <test-case id="1156" name="InvalidLayoutsReturnSpecificDiagnosticsAndCannotStartSession(&quot;overflowCoordinate&quot;,&quot;OUT_OF_BOUNDS&quot;)" fullname="Tidebound.Tests.BoardValidationTests.InvalidLayoutsReturnSpecificDiagnosticsAndCannotStartSession(&quot;overflowCoordinate&quot;,&quot;OUT_OF_BOUNDS&quot;)" methodname="InvalidLayoutsReturnSpecificDiagnosticsAndCannotStartSession" classname="Tidebound.Tests.BoardValidationTests" runstate="Runnable" seed="618816687" result="Passed" start-time="2026-09-18 08:00:17Z" end-time="2026-09-18 08:00:17Z" duration="0.000330" asserts="0">
                <properties />
              </test-case>
              <test-case id="1157" name="InvalidLayoutsReturnSpecificDiagnosticsAndCannotStartSession(&quot;overlap&quot;,&quot;OVERLAP&quot;)" fullname="Tidebound.Tests.BoardValidationTests.InvalidLayoutsReturnSpecificDiagnosticsAndCannotStartSession(&quot;overlap&quot;,&quot;OVERLAP&quot;)" methodname="InvalidLayoutsReturnSpecificDiagnosticsAndCannotStartSession" classname="Tidebound.Tests.BoardValidationTests" runstate="Runnable" seed="1777256672" result="Passed" start-time="2026-09-18 08:00:17Z" end-time="2026-09-18 08:00:17Z" duration="0.000382" asserts="0">
                <properties />
              </test-case>
            </test-suite>
            <test-suite type="ParameterizedMethod" id="1164" name="InvalidLogicConfigsAndDamageOverflowAreRejected" fullname="Tidebound.Tests.BoardValidationTests.InvalidLogicConfigsAndDamageOverflowAreRejected" classname="Tidebound.Tests.BoardValidationTests" runstate="Runnable" testcasecount="5" result="Passed" start-time="2026-09-18 08:00:17Z" end-time="2026-09-18 08:00:17Z" duration="0.002823" total="5" passed="5" failed="0" inconclusive="0" skipped="0" asserts="0">
              <properties />
              <test-case id="1159" name="InvalidLogicConfigsAndDamageOverflowAreRejected(0,10,&quot;LENGTH_INVALID&quot;)" fullname="Tidebound.Tests.BoardValidationTests.InvalidLogicConfigsAndDamageOverflowAreRejected(0,10,&quot;LENGTH_INVALID&quot;)" methodname="InvalidLogicConfigsAndDamageOverflowAreRejected" classname="Tidebound.Tests.BoardValidationTests" runstate="Runnable" seed="2095778053" result="Passed" start-time="2026-09-18 08:00:17Z" end-time="2026-09-18 08:00:17Z" duration="0.000804" asserts="0">
                <properties />
              </test-case>
              <test-case id="1160" name="InvalidLogicConfigsAndDamageOverflowAreRejected(5,10,&quot;LENGTH_INVALID&quot;)" fullname="Tidebound.Tests.BoardValidationTests.InvalidLogicConfigsAndDamageOverflowAreRejected(5,10,&quot;LENGTH_INVALID&quot;)" methodname="InvalidLogicConfigsAndDamageOverflowAreRejected" classname="Tidebound.Tests.BoardValidationTests" runstate="Runnable" seed="1720322113" result="Passed" start-time="2026-09-18 08:00:17Z" end-time="2026-09-18 08:00:17Z" duration="0.000342" asserts="0">
                <properties />
              </test-case>
              <test-case id="1161" name="InvalidLogicConfigsAndDamageOverflowAreRejected(2,0,&quot;DAMAGE_INVALID&quot;)" fullname="Tidebound.Tests.BoardValidationTests.InvalidLogicConfigsAndDamageOverflowAreRejected(2,0,&quot;DAMAGE_INVALID&quot;)" methodname="InvalidLogicConfigsAndDamageOverflowAreRejected" classname="Tidebound.Tests.BoardValidationTests" runstate="Runnable" seed="2043757723" result="Passed" start-time="2026-09-18 08:00:17Z" end-time="2026-09-18 08:00:17Z" duration="0.000320" asserts="0">
                <properties />
              </test-case>
              <test-case id="1162" name="InvalidLogicConfigsAndDamageOverflowAreRejected(2,-1,&quot;DAMAGE_INVALID&quot;)" fullname="Tidebound.Tests.BoardValidationTests.InvalidLogicConfigsAndDamageOverflowAreRejected(2,-1,&quot;DAMAGE_INVALID&quot;)" methodname="InvalidLogicConfigsAndDamageOverflowAreRejected" classname="Tidebound.Tests.BoardValidationTests" runstate="Runnable" seed="35966506" result="Passed" start-time="2026-09-18 08:00:17Z" end-time="2026-09-18 08:00:17Z" duration="0.000324" asserts="0">
                <properties />
              </test-case>
              <test-case id="1163" name="InvalidLogicConfigsAndDamageOverflowAreRejected(2,int.MaxValue,&quot;TOTAL_DAMAGE_INVALID&quot;)" fullname="Tidebound.Tests.BoardValidationTests.InvalidLogicConfigsAndDamageOverflowAreRejected(2,int.MaxValue,&quot;TOTAL_DAMAGE_INVALID&quot;)" methodname="InvalidLogicConfigsAndDamageOverflowAreRejected" classname="Tidebound.Tests.BoardValidationTests" runstate="Runnable" seed="1091669107" result="Passed" start-time="2026-09-18 08:00:17Z" end-time="2026-09-18 08:00:17Z" duration="0.000321" asserts="0">
                <properties />
              </test-case>
            </test-suite>
            <test-case id="1166" name="MixedTypesDetermineLengthAndHpFromTheCatalog" fullname="Tidebound.Tests.BoardValidationTests.MixedTypesDetermineLengthAndHpFromTheCatalog" methodname="MixedTypesDetermineLengthAndHpFromTheCatalog" classname="Tidebound.Tests.BoardValidationTests" runstate="Runnable" seed="1785745097" result="Passed" start-time="2026-09-18 08:00:17Z" end-time="2026-09-18 08:00:17Z" duration="0.000374" asserts="0">
              <properties />
            </test-case>
            <test-suite type="ParameterizedMethod" id="1139" name="TailAnchorCoversEveryCellInEachDirection" fullname="Tidebound.Tests.BoardValidationTests.TailAnchorCoversEveryCellInEachDirection" classname="Tidebound.Tests.BoardValidationTests" runstate="Runnable" testcasecount="4" result="Passed" start-time="2026-09-18 08:00:17Z" end-time="2026-09-18 08:00:17Z" duration="0.001852" total="4" passed="4" failed="0" inconclusive="0" skipped="0" asserts="0">
              <properties />
              <test-case id="1135" name="TailAnchorCoversEveryCellInEachDirection(Up,2,1,2,2,2,3)" fullname="Tidebound.Tests.BoardValidationTests.TailAnchorCoversEveryCellInEachDirection(Up,2,1,2,2,2,3)" methodname="TailAnchorCoversEveryCellInEachDirection" classname="Tidebound.Tests.BoardValidationTests" runstate="Runnable" seed="1000435654" result="Passed" start-time="2026-09-18 08:00:17Z" end-time="2026-09-18 08:00:17Z" duration="0.000968" asserts="0">
                <properties />
              </test-case>
              <test-case id="1136" name="TailAnchorCoversEveryCellInEachDirection(Down,2,3,2,2,2,1)" fullname="Tidebound.Tests.BoardValidationTests.TailAnchorCoversEveryCellInEachDirection(Down,2,3,2,2,2,1)" methodname="TailAnchorCoversEveryCellInEachDirection" classname="Tidebound.Tests.BoardValidationTests" runstate="Runnable" seed="503850899" result="Passed" start-time="2026-09-18 08:00:17Z" end-time="2026-09-18 08:00:17Z" duration="0.000081" asserts="0">
                <properties />
              </test-case>
              <test-case id="1137" name="TailAnchorCoversEveryCellInEachDirection(Left,3,2,2,2,1,2)" fullname="Tidebound.Tests.BoardValidationTests.TailAnchorCoversEveryCellInEachDirection(Left,3,2,2,2,1,2)" methodname="TailAnchorCoversEveryCellInEachDirection" classname="Tidebound.Tests.BoardValidationTests" runstate="Runnable" seed="1723320062" result="Passed" start-time="2026-09-18 08:00:17Z" end-time="2026-09-18 08:00:17Z" duration="0.000064" asserts="0">
                <properties />
              </test-case>
              <test-case id="1138" name="TailAnchorCoversEveryCellInEachDirection(Right,1,2,2,2,3,2)" fullname="Tidebound.Tests.BoardValidationTests.TailAnchorCoversEveryCellInEachDirection(Right,1,2,2,2,3,2)" methodname="TailAnchorCoversEveryCellInEachDirection" classname="Tidebound.Tests.BoardValidationTests" runstate="Runnable" seed="1783388521" result="Passed" start-time="2026-09-18 08:00:17Z" end-time="2026-09-18 08:00:17Z" duration="0.000061" asserts="0">
                <properties />
              </test-case>
            </test-suite>
          </test-suite>
          <test-suite type="TestFixture" id="1167" name="EventBusTests" fullname="Tidebound.Tests.EventBusTests" classname="Tidebound.Tests.EventBusTests" runstate="Runnable" testcasecount="6" result="Passed" start-time="2026-09-18 08:00:17Z" end-time="2026-09-18 08:00:17Z" duration="0.008616" total="6" passed="6" failed="0" inconclusive="0" skipped="0" asserts="0">
            <properties />
            <test-case id="1168" name="AllSevenContractsDeliverTheirImmutablePayload" fullname="Tidebound.Tests.EventBusTests.AllSevenContractsDeliverTheirImmutablePayload" methodname="AllSevenContractsDeliverTheirImmutablePayload" classname="Tidebound.Tests.EventBusTests" runstate="Runnable" seed="1181084633" result="Passed" start-time="2026-09-18 08:00:17Z" end-time="2026-09-18 08:00:17Z" duration="0.003762" asserts="0">
              <properties />
            </test-case>
            <test-case id="1172" name="DisposedSessionRejectsFurtherPublicationAndSubscription" fullname="Tidebound.Tests.EventBusTests.DisposedSessionRejectsFurtherPublicationAndSubscription" methodname="DisposedSessionRejectsFurtherPublicationAndSubscription" classname="Tidebound.Tests.EventBusTests" runstate="Runnable" seed="1095214616" result="Passed" start-time="2026-09-18 08:00:17Z" end-time="2026-09-18 08:00:17Z" duration="0.000722" asserts="0">
              <properties />
            </test-case>
            <test-case id="1170" name="RemovingOneDuplicateSubscriptionDoesNotRemoveTheOther" fullname="Tidebound.Tests.EventBusTests.RemovingOneDuplicateSubscriptionDoesNotRemoveTheOther" methodname="RemovingOneDuplicateSubscriptionDoesNotRemoveTheOther" classname="Tidebound.Tests.EventBusTests" runstate="Runnable" seed="183470573" result="Passed" start-time="2026-09-18 08:00:17Z" end-time="2026-09-18 08:00:17Z" duration="0.000343" asserts="0">
              <properties />
            </test-case>
            <test-case id="1173" name="SubscriberErrorsAreVisibleAndStopTheCurrentDispatch" fullname="Tidebound.Tests.EventBusTests.SubscriberErrorsAreVisibleAndStopTheCurrentDispatch" methodname="SubscriberErrorsAreVisibleAndStopTheCurrentDispatch" classname="Tidebound.Tests.EventBusTests" runstate="Runnable" seed="1858648488" result="Passed" start-time="2026-09-18 08:00:17Z" end-time="2026-09-18 08:00:17Z" duration="0.000286" asserts="0">
              <properties />
            </test-case>
            <test-case id="1171" name="SubscriptionChangesApplyToTheNextPublicationAndPreserveOrder" fullname="Tidebound.Tests.EventBusTests.SubscriptionChangesApplyToTheNextPublicationAndPreserveOrder" methodname="SubscriptionChangesApplyToTheNextPublicationAndPreserveOrder" classname="Tidebound.Tests.EventBusTests" runstate="Runnable" seed="970331709" result="Passed" start-time="2026-09-18 08:00:17Z" end-time="2026-09-18 08:00:17Z" duration="0.000764" asserts="0">
              <properties />
            </test-case>
            <test-case id="1169" name="TypesAndSessionsAreIsolatedAndSubscriptionsAreDisposable" fullname="Tidebound.Tests.EventBusTests.TypesAndSessionsAreIsolatedAndSubscriptionsAreDisposable" methodname="TypesAndSessionsAreIsolatedAndSubscriptionsAreDisposable" classname="Tidebound.Tests.EventBusTests" runstate="Runnable" seed="532073587" result="Passed" start-time="2026-09-18 08:00:17Z" end-time="2026-09-18 08:00:17Z" duration="0.001677" asserts="0">
              <properties />
            </test-case>
          </test-suite>
          <test-suite type="TestFixture" id="1174" name="LevelJsonReaderTests" fullname="Tidebound.Tests.LevelJsonReaderTests" classname="Tidebound.Tests.LevelJsonReaderTests" runstate="Runnable" testcasecount="20" result="Passed" start-time="2026-09-18 08:00:17Z" end-time="2026-09-18 08:00:17Z" duration="0.013505" total="20" passed="20" failed="0" inconclusive="0" skipped="0" asserts="0">
            <properties />
            <test-suite type="ParameterizedMethod" id="1180" name="MalformedOrDuplicateJsonIsRejected" fullname="Tidebound.Tests.LevelJsonReaderTests.MalformedOrDuplicateJsonIsRejected" classname="Tidebound.Tests.LevelJsonReaderTests" runstate="Runnable" testcasecount="5" result="Passed" start-time="2026-09-18 08:00:17Z" end-time="2026-09-18 08:00:17Z" duration="0.001608" total="5" passed="5" failed="0" inconclusive="0" skipped="0" asserts="0">
              <properties />
              <test-case id="1175" name="MalformedOrDuplicateJsonIsRejected(&quot;&quot;)" fullname="Tidebound.Tests.LevelJsonReaderTests.MalformedOrDuplicateJsonIsRejected(&quot;&quot;)" methodname="MalformedOrDuplicateJsonIsRejected" classname="Tidebound.Tests.LevelJsonReaderTests" runstate="Runnable" seed="922557464" result="Passed" start-time="2026-09-18 08:00:17Z" end-time="2026-09-18 08:00:17Z" duration="0.000203" asserts="0">
                <properties />
              </test-case>
              <test-case id="1176" name="MalformedOrDuplicateJsonIsRejected(&quot;null&quot;)" fullname="Tidebound.Tests.LevelJsonReaderTests.MalformedOrDuplicateJsonIsRejected(&quot;null&quot;)" methodname="MalformedOrDuplicateJsonIsRejected" classname="Tidebound.Tests.LevelJsonReaderTests" runstate="Runnable" seed="1941214513" result="Passed" start-time="2026-09-18 08:00:17Z" end-time="2026-09-18 08:00:17Z" duration="0.000112" asserts="0">
                <properties />
              </test-case>
              <test-case id="1177" name="MalformedOrDuplicateJsonIsRejected(&quot;[]&quot;)" fullname="Tidebound.Tests.LevelJsonReaderTests.MalformedOrDuplicateJsonIsRejected(&quot;[]&quot;)" methodname="MalformedOrDuplicateJsonIsRejected" classname="Tidebound.Tests.LevelJsonReaderTests" runstate="Runnable" seed="286189773" result="Passed" start-time="2026-09-18 08:00:17Z" end-time="2026-09-18 08:00:17Z" duration="0.000245" asserts="0">
                <properties />
              </test-case>
              <test-case id="1178" name="MalformedOrDuplicateJsonIsRejected(&quot;{broken&quot;)" fullname="Tidebound.Tests.LevelJsonReaderTests.MalformedOrDuplicateJsonIsRejected(&quot;{broken&quot;)" methodname="MalformedOrDuplicateJsonIsRejected" classname="Tidebound.Tests.LevelJsonReaderTests" runstate="Runnable" seed="1090672199" result="Passed" start-time="2026-09-18 08:00:17Z" end-time="2026-09-18 08:00:17Z" duration="0.000208" asserts="0">
                <properties />
              </test-case>
              <test-case id="1179" name="MalformedOrDuplicateJsonIsRejected(&quot;{\&quot;schemaVersion\&quot;:1,\&quot;schemaVersion\&quot;:1}&quot;)" fullname="Tidebound.Tests.LevelJsonReaderTests.MalformedOrDuplicateJsonIsRejected(&quot;{\&quot;schemaVersion\&quot;:1,\&quot;schemaVersion\&quot;:1}&quot;)" methodname="MalformedOrDuplicateJsonIsRejected" classname="Tidebound.Tests.LevelJsonReaderTests" runstate="Runnable" seed="1247206014" result="Passed" start-time="2026-09-18 08:00:17Z" end-time="2026-09-18 08:00:17Z" duration="0.000190" asserts="0">
                <properties />
              </test-case>
            </test-suite>
            <test-suite type="ParameterizedMethod" id="1196" name="SchemaRejectsMissingFieldsImplicitConversionsAndDuplicateConfigurationSources" fullname="Tidebound.Tests.LevelJsonReaderTests.SchemaRejectsMissingFieldsImplicitConversionsAndDuplicateConfigurationSources" classname="Tidebound.Tests.LevelJsonReaderTests" runstate="Runnable" testcasecount="15" result="Passed" start-time="2026-09-18 08:00:17Z" end-time="2026-09-18 08:00:17Z" duration="0.010828" total="15" passed="15" failed="0" inconclusive="0" skipped="0" asserts="0">
              <properties />
              <test-case id="1181" name="SchemaRejectsMissingFieldsImplicitConversionsAndDuplicateConfigurationSources(&quot;missing&quot;)" fullname="Tidebound.Tests.LevelJsonReaderTests.SchemaRejectsMissingFieldsImplicitConversionsAndDuplicateConfigurationSources(&quot;missing&quot;)" methodname="SchemaRejectsMissingFieldsImplicitConversionsAndDuplicateConfigurationSources" classname="Tidebound.Tests.LevelJsonReaderTests" runstate="Runnable" seed="1025319273" result="Passed" start-time="2026-09-18 08:00:17Z" end-time="2026-09-18 08:00:17Z" duration="0.001912" asserts="0">
                <properties />
              </test-case>
              <test-case id="1182" name="SchemaRejectsMissingFieldsImplicitConversionsAndDuplicateConfigurationSources(&quot;hp&quot;)" fullname="Tidebound.Tests.LevelJsonReaderTests.SchemaRejectsMissingFieldsImplicitConversionsAndDuplicateConfigurationSources(&quot;hp&quot;)" methodname="SchemaRejectsMissingFieldsImplicitConversionsAndDuplicateConfigurationSources" classname="Tidebound.Tests.LevelJsonReaderTests" runstate="Runnable" seed="1356758026" result="Passed" start-time="2026-09-18 08:00:17Z" end-time="2026-09-18 08:00:17Z" duration="0.000761" asserts="0">
                <properties />
              </test-case>
              <test-case id="1183" name="SchemaRejectsMissingFieldsImplicitConversionsAndDuplicateConfigurationSources(&quot;length&quot;)" fullname="Tidebound.Tests.LevelJsonReaderTests.SchemaRejectsMissingFieldsImplicitConversionsAndDuplicateConfigurationSources(&quot;length&quot;)" methodname="SchemaRejectsMissingFieldsImplicitConversionsAndDuplicateConfigurationSources" classname="Tidebound.Tests.LevelJsonReaderTests" runstate="Runnable" seed="1588469902" result="Passed" start-time="2026-09-18 08:00:17Z" end-time="2026-09-18 08:00:17Z" duration="0.000366" asserts="0">
                <properties />
              </test-case>
              <test-case id="1184" name="SchemaRejectsMissingFieldsImplicitConversionsAndDuplicateConfigurationSources(&quot;damage&quot;)" fullname="Tidebound.Tests.LevelJsonReaderTests.SchemaRejectsMissingFieldsImplicitConversionsAndDuplicateConfigurationSources(&quot;damage&quot;)" methodname="SchemaRejectsMissingFieldsImplicitConversionsAndDuplicateConfigurationSources" classname="Tidebound.Tests.LevelJsonReaderTests" runstate="Runnable" seed="1503571397" result="Passed" start-time="2026-09-18 08:00:17Z" end-time="2026-09-18 08:00:17Z" duration="0.000373" asserts="0">
                <properties />
              </test-case>
              <test-case id="1185" name="SchemaRejectsMissingFieldsImplicitConversionsAndDuplicateConfigurationSources(&quot;state&quot;)" fullname="Tidebound.Tests.LevelJsonReaderTests.SchemaRejectsMissingFieldsImplicitConversionsAndDuplicateConfigurationSources(&quot;state&quot;)" methodname="SchemaRejectsMissingFieldsImplicitConversionsAndDuplicateConfigurationSources" classname="Tidebound.Tests.LevelJsonReaderTests" runstate="Runnable" seed="405442529" result="Passed" start-time="2026-09-18 08:00:17Z" end-time="2026-09-18 08:00:17Z" duration="0.000443" asserts="0">
                <properties />
              </test-case>
              <test-case id="1186" name="SchemaRejectsMissingFieldsImplicitConversionsAndDuplicateConfigurationSources(&quot;stringWidth&quot;)" fullname="Tidebound.Tests.LevelJsonReaderTests.SchemaRejectsMissingFieldsImplicitConversionsAndDuplicateConfigurationSources(&quot;stringWidth&quot;)" methodname="SchemaRejectsMissingFieldsImplicitConversionsAndDuplicateConfigurationSources" classname="Tidebound.Tests.LevelJsonReaderTests" runstate="Runnable" seed="1389801174" result="Passed" start-time="2026-09-18 08:00:17Z" end-time="2026-09-18 08:00:17Z" duration="0.000797" asserts="0">
                <properties />
              </test-case>
              <test-case id="1187" name="SchemaRejectsMissingFieldsImplicitConversionsAndDuplicateConfigurationSources(&quot;decimalWidth&quot;)" fullname="Tidebound.Tests.LevelJsonReaderTests.SchemaRejectsMissingFieldsImplicitConversionsAndDuplicateConfigurationSources(&quot;decimalWidth&quot;)" methodname="SchemaRejectsMissingFieldsImplicitConversionsAndDuplicateConfigurationSources" classname="Tidebound.Tests.LevelJsonReaderTests" runstate="Runnable" seed="2009940459" result="Passed" start-time="2026-09-18 08:00:17Z" end-time="2026-09-18 08:00:17Z" duration="0.000754" asserts="0">
                <properties />
              </test-case>
              <test-case id="1188" name="SchemaRejectsMissingFieldsImplicitConversionsAndDuplicateConfigurationSources(&quot;overflowWidth&quot;)" fullname="Tidebound.Tests.LevelJsonReaderTests.SchemaRejectsMissingFieldsImplicitConversionsAndDuplicateConfigurationSources(&quot;overflowWidth&quot;)" methodname="SchemaRejectsMissingFieldsImplicitConversionsAndDuplicateConfigurationSources" classname="Tidebound.Tests.LevelJsonReaderTests" runstate="Runnable" seed="1097494099" result="Passed" start-time="2026-09-18 08:00:17Z" end-time="2026-09-18 08:00:17Z" duration="0.001144" asserts="0">
                <properties />
              </test-case>
              <test-case id="1189" name="SchemaRejectsMissingFieldsImplicitConversionsAndDuplicateConfigurationSources(&quot;numericDirection&quot;)" fullname="Tidebound.Tests.LevelJsonReaderTests.SchemaRejectsMissingFieldsImplicitConversionsAndDuplicateConfigurationSources(&quot;numericDirection&quot;)" methodname="SchemaRejectsMissingFieldsImplicitConversionsAndDuplicateConfigurationSources" classname="Tidebound.Tests.LevelJsonReaderTests" runstate="Runnable" seed="429332116" result="Passed" start-time="2026-09-18 08:00:17Z" end-time="2026-09-18 08:00:17Z" duration="0.000395" asserts="0">
                <properties />
              </test-case>
              <test-case id="1190" name="SchemaRejectsMissingFieldsImplicitConversionsAndDuplicateConfigurationSources(&quot;numericStringDirection&quot;)" fullname="Tidebound.Tests.LevelJsonReaderTests.SchemaRejectsMissingFieldsImplicitConversionsAndDuplicateConfigurationSources(&quot;numericStringDirection&quot;)" methodname="SchemaRejectsMissingFieldsImplicitConversionsAndDuplicateConfigurationSources" classname="Tidebound.Tests.LevelJsonReaderTests" runstate="Runnable" seed="892819146" result="Passed" start-time="2026-09-18 08:00:17Z" end-time="2026-09-18 08:00:17Z" duration="0.000638" asserts="0">
                <properties />
              </test-case>
              <test-case id="1191" name="SchemaRejectsMissingFieldsImplicitConversionsAndDuplicateConfigurationSources(&quot;lowercaseDirection&quot;)" fullname="Tidebound.Tests.LevelJsonReaderTests.SchemaRejectsMissingFieldsImplicitConversionsAndDuplicateConfigurationSources(&quot;lowercaseDirection&quot;)" methodname="SchemaRejectsMissingFieldsImplicitConversionsAndDuplicateConfigurationSources" classname="Tidebound.Tests.LevelJsonReaderTests" runstate="Runnable" seed="1307199435" result="Passed" start-time="2026-09-18 08:00:17Z" end-time="2026-09-18 08:00:17Z" duration="0.000367" asserts="0">
                <properties />
              </test-case>
              <test-case id="1192" name="SchemaRejectsMissingFieldsImplicitConversionsAndDuplicateConfigurationSources(&quot;diagonalDirection&quot;)" fullname="Tidebound.Tests.LevelJsonReaderTests.SchemaRejectsMissingFieldsImplicitConversionsAndDuplicateConfigurationSources(&quot;diagonalDirection&quot;)" methodname="SchemaRejectsMissingFieldsImplicitConversionsAndDuplicateConfigurationSources" classname="Tidebound.Tests.LevelJsonReaderTests" runstate="Runnable" seed="1014602283" result="Passed" start-time="2026-09-18 08:00:17Z" end-time="2026-09-18 08:00:17Z" duration="0.000356" asserts="0">
                <properties />
              </test-case>
              <test-case id="1193" name="SchemaRejectsMissingFieldsImplicitConversionsAndDuplicateConfigurationSources(&quot;missingX&quot;)" fullname="Tidebound.Tests.LevelJsonReaderTests.SchemaRejectsMissingFieldsImplicitConversionsAndDuplicateConfigurationSources(&quot;missingX&quot;)" methodname="SchemaRejectsMissingFieldsImplicitConversionsAndDuplicateConfigurationSources" classname="Tidebound.Tests.LevelJsonReaderTests" runstate="Runnable" seed="1563688057" result="Passed" start-time="2026-09-18 08:00:17Z" end-time="2026-09-18 08:00:17Z" duration="0.000366" asserts="0">
                <properties />
              </test-case>
              <test-case id="1194" name="SchemaRejectsMissingFieldsImplicitConversionsAndDuplicateConfigurationSources(&quot;nullShip&quot;)" fullname="Tidebound.Tests.LevelJsonReaderTests.SchemaRejectsMissingFieldsImplicitConversionsAndDuplicateConfigurationSources(&quot;nullShip&quot;)" methodname="SchemaRejectsMissingFieldsImplicitConversionsAndDuplicateConfigurationSources" classname="Tidebound.Tests.LevelJsonReaderTests" runstate="Runnable" seed="812155060" result="Passed" start-time="2026-09-18 08:00:17Z" end-time="2026-09-18 08:00:17Z" duration="0.000423" asserts="0">
                <properties />
              </test-case>
              <test-case id="1195" name="SchemaRejectsMissingFieldsImplicitConversionsAndDuplicateConfigurationSources(&quot;trailingDocument&quot;)" fullname="Tidebound.Tests.LevelJsonReaderTests.SchemaRejectsMissingFieldsImplicitConversionsAndDuplicateConfigurationSources(&quot;trailingDocument&quot;)" methodname="SchemaRejectsMissingFieldsImplicitConversionsAndDuplicateConfigurationSources" classname="Tidebound.Tests.LevelJsonReaderTests" runstate="Runnable" seed="1606630010" result="Passed" start-time="2026-09-18 08:00:17Z" end-time="2026-09-18 08:00:17Z" duration="0.000351" asserts="0">
                <properties />
              </test-case>
            </test-suite>
          </test-suite>
          <test-suite type="TestFixture" id="1197" name="LevelLoadingTests" fullname="Tidebound.Tests.LevelLoadingTests" classname="Tidebound.Tests.LevelLoadingTests" runstate="Runnable" testcasecount="8" result="Passed" start-time="2026-09-18 08:00:17Z" end-time="2026-09-18 08:00:17Z" duration="0.008963" total="8" passed="8" failed="0" inconclusive="0" skipped="0" asserts="0">
            <properties />
            <test-case id="1198" name="CommittedFixtureLoadsSevenLv1BoatsAndSeventyHp" fullname="Tidebound.Tests.LevelLoadingTests.CommittedFixtureLoadsSevenLv1BoatsAndSeventyHp" methodname="CommittedFixtureLoadsSevenLv1BoatsAndSeventyHp" classname="Tidebound.Tests.LevelLoadingTests" runstate="Runnable" seed="1994941660" result="Passed" start-time="2026-09-18 08:00:17Z" end-time="2026-09-18 08:00:17Z" duration="0.001272" asserts="0">
              <properties />
            </test-case>
            <test-case id="1202" name="ConfigChangesOnlyAffectSubsequentLoads" fullname="Tidebound.Tests.LevelLoadingTests.ConfigChangesOnlyAffectSubsequentLoads" methodname="ConfigChangesOnlyAffectSubsequentLoads" classname="Tidebound.Tests.LevelLoadingTests" runstate="Runnable" seed="275299532" result="Passed" start-time="2026-09-18 08:00:17Z" end-time="2026-09-18 08:00:17Z" duration="0.002001" asserts="0">
              <properties />
            </test-case>
            <test-suite type="ParameterizedMethod" id="1206" name="MissingUnityReferencesFailClearly" fullname="Tidebound.Tests.LevelLoadingTests.MissingUnityReferencesFailClearly" classname="Tidebound.Tests.LevelLoadingTests" runstate="Runnable" testcasecount="3" result="Passed" start-time="2026-09-18 08:00:17Z" end-time="2026-09-18 08:00:17Z" duration="0.001788" total="3" passed="3" failed="0" inconclusive="0" skipped="0" asserts="0">
              <properties />
              <test-case id="1203" name="MissingUnityReferencesFailClearly(&quot;levelJson&quot;)" fullname="Tidebound.Tests.LevelLoadingTests.MissingUnityReferencesFailClearly(&quot;levelJson&quot;)" methodname="MissingUnityReferencesFailClearly" classname="Tidebound.Tests.LevelLoadingTests" runstate="Runnable" seed="1650007980" result="Passed" start-time="2026-09-18 08:00:17Z" end-time="2026-09-18 08:00:17Z" duration="0.000476" asserts="0">
                <properties />
              </test-case>
              <test-case id="1204" name="MissingUnityReferencesFailClearly(&quot;shipConfigs&quot;)" fullname="Tidebound.Tests.LevelLoadingTests.MissingUnityReferencesFailClearly(&quot;shipConfigs&quot;)" methodname="MissingUnityReferencesFailClearly" classname="Tidebound.Tests.LevelLoadingTests" runstate="Runnable" seed="234659379" result="Passed" start-time="2026-09-18 08:00:17Z" end-time="2026-09-18 08:00:17Z" duration="0.000397" asserts="0">
                <properties />
              </test-case>
              <test-case id="1205" name="MissingUnityReferencesFailClearly(&quot;bossConfigs&quot;)" fullname="Tidebound.Tests.LevelLoadingTests.MissingUnityReferencesFailClearly(&quot;bossConfigs&quot;)" methodname="MissingUnityReferencesFailClearly" classname="Tidebound.Tests.LevelLoadingTests" runstate="Runnable" seed="892600897" result="Passed" start-time="2026-09-18 08:00:17Z" end-time="2026-09-18 08:00:17Z" duration="0.000353" asserts="0">
                <properties />
              </test-case>
            </test-suite>
            <test-case id="1200" name="ParsedDocumentIsCopiedAndShipStateChangesNeverRecomputeBossHp" fullname="Tidebound.Tests.LevelLoadingTests.ParsedDocumentIsCopiedAndShipStateChangesNeverRecomputeBossHp" methodname="ParsedDocumentIsCopiedAndShipStateChangesNeverRecomputeBossHp" classname="Tidebound.Tests.LevelLoadingTests" runstate="Runnable" seed="500347436" result="Passed" start-time="2026-09-18 08:00:17Z" end-time="2026-09-18 08:00:17Z" duration="0.000846" asserts="0">
              <properties />
            </test-case>
            <test-case id="1201" name="PresentationScaleAndPrefabAreNotLogicalInputs" fullname="Tidebound.Tests.LevelLoadingTests.PresentationScaleAndPrefabAreNotLogicalInputs" methodname="PresentationScaleAndPrefabAreNotLogicalInputs" classname="Tidebound.Tests.LevelLoadingTests" runstate="Runnable" seed="1810654573" result="Passed" start-time="2026-09-18 08:00:17Z" end-time="2026-09-18 08:00:17Z" duration="0.000958" asserts="0">
              <properties />
            </test-case>
            <test-case id="1199" name="RuntimeEditsCannotLeakIntoAnotherLoadOrAuthoredAssets" fullname="Tidebound.Tests.LevelLoadingTests.RuntimeEditsCannotLeakIntoAnotherLoadOrAuthoredAssets" methodname="RuntimeEditsCannotLeakIntoAnotherLoadOrAuthoredAssets" classname="Tidebound.Tests.LevelLoadingTests" runstate="Runnable" seed="537558243" result="Passed" start-time="2026-09-18 08:00:17Z" end-time="2026-09-18 08:00:17Z" duration="0.001207" asserts="0">
              <properties />
            </test-case>
          </test-suite>
          <test-suite type="TestFixture" id="1207" name="ShipMovementControllerTests" fullname="Tidebound.Tests.ShipMovementControllerTests" classname="Tidebound.Tests.ShipMovementControllerTests" runstate="Runnable" testcasecount="6" result="Passed" start-time="2026-09-18 08:00:17Z" end-time="2026-09-18 08:00:17Z" duration="0.006873" total="6" passed="6" failed="0" inconclusive="0" skipped="0" asserts="0">
            <properties />
            <test-case id="1208" name="ClickWaitsForTravelAndFeedbackCallbacksBeforeUnlocking" fullname="Tidebound.Tests.ShipMovementControllerTests.ClickWaitsForTravelAndFeedbackCallbacksBeforeUnlocking" methodname="ClickWaitsForTravelAndFeedbackCallbacksBeforeUnlocking" classname="Tidebound.Tests.ShipMovementControllerTests" runstate="Runnable" seed="1694296463" result="Passed" start-time="2026-09-18 08:00:17Z" end-time="2026-09-18 08:00:17Z" duration="0.004116" asserts="0">
              <properties />
            </test-case>
            <test-case id="1210" name="CompletionThatRacesWithPauseIsAppliedOnceAfterResume" fullname="Tidebound.Tests.ShipMovementControllerTests.CompletionThatRacesWithPauseIsAppliedOnceAfterResume" methodname="CompletionThatRacesWithPauseIsAppliedOnceAfterResume" classname="Tidebound.Tests.ShipMovementControllerTests" runstate="Runnable" seed="56442443" result="Passed" start-time="2026-09-18 08:00:17Z" end-time="2026-09-18 08:00:17Z" duration="0.000640" asserts="0">
              <properties />
            </test-case>
            <test-case id="1211" name="ConstructorRejectsMissingAndDuplicateViewsBeforeBindingClicks" fullname="Tidebound.Tests.ShipMovementControllerTests.ConstructorRejectsMissingAndDuplicateViewsBeforeBindingClicks" methodname="ConstructorRejectsMissingAndDuplicateViewsBeforeBindingClicks" classname="Tidebound.Tests.ShipMovementControllerTests" runstate="Runnable" seed="1200104411" result="Passed" start-time="2026-09-18 08:00:17Z" end-time="2026-09-18 08:00:17Z" duration="0.000318" asserts="0">
              <properties />
            </test-case>
            <test-case id="1212" name="DisposeUnbindsClicksAndRejectsDirectRequests" fullname="Tidebound.Tests.ShipMovementControllerTests.DisposeUnbindsClicksAndRejectsDirectRequests" methodname="DisposeUnbindsClicksAndRejectsDirectRequests" classname="Tidebound.Tests.ShipMovementControllerTests" runstate="Runnable" seed="630826467" result="Passed" start-time="2026-09-18 08:00:17Z" end-time="2026-09-18 08:00:17Z" duration="0.000271" asserts="0">
              <properties />
            </test-case>
            <test-case id="1209" name="ImmediateBlockStartsFeedbackWithoutTravelAnimation" fullname="Tidebound.Tests.ShipMovementControllerTests.ImmediateBlockStartsFeedbackWithoutTravelAnimation" methodname="ImmediateBlockStartsFeedbackWithoutTravelAnimation" classname="Tidebound.Tests.ShipMovementControllerTests" runstate="Runnable" seed="1763095892" result="Passed" start-time="2026-09-18 08:00:17Z" end-time="2026-09-18 08:00:17Z" duration="0.000312" asserts="0">
              <properties />
            </test-case>
            <test-case id="1213" name="TimingUsesConfiguredSpeedAndDurationBounds" fullname="Tidebound.Tests.ShipMovementControllerTests.TimingUsesConfiguredSpeedAndDurationBounds" methodname="TimingUsesConfiguredSpeedAndDurationBounds" classname="Tidebound.Tests.ShipMovementControllerTests" runstate="Runnable" seed="1505868399" result="Passed" start-time="2026-09-18 08:00:17Z" end-time="2026-09-18 08:00:17Z" duration="0.000278" asserts="0">
              <properties />
            </test-case>
          </test-suite>
          <test-suite type="TestFixture" id="1214" name="ShipMovementSystemTests" fullname="Tidebound.Tests.ShipMovementSystemTests" classname="Tidebound.Tests.ShipMovementSystemTests" runstate="Runnable" testcasecount="6" result="Passed" start-time="2026-09-18 08:00:17Z" end-time="2026-09-18 08:00:17Z" duration="0.007045" total="6" passed="6" failed="0" inconclusive="0" skipped="0" asserts="0">
            <properties />
            <test-case id="1216" name="BlockedTravelCommitsAtArrivalThenUnlocksAfterFeedback" fullname="Tidebound.Tests.ShipMovementSystemTests.BlockedTravelCommitsAtArrivalThenUnlocksAfterFeedback" methodname="BlockedTravelCommitsAtArrivalThenUnlocksAfterFeedback" classname="Tidebound.Tests.ShipMovementSystemTests" runstate="Runnable" seed="268522489" result="Passed" start-time="2026-09-18 08:00:17Z" end-time="2026-09-18 08:00:17Z" duration="0.001418" asserts="0">
              <properties />
            </test-case>
            <test-case id="1218" name="CompleteExitReleasesBoardSetsInLaneAndAllocatesStableSequence" fullname="Tidebound.Tests.ShipMovementSystemTests.CompleteExitReleasesBoardSetsInLaneAndAllocatesStableSequence" methodname="CompleteExitReleasesBoardSetsInLaneAndAllocatesStableSequence" classname="Tidebound.Tests.ShipMovementSystemTests" runstate="Runnable" seed="234306466" result="Passed" start-time="2026-09-18 08:00:17Z" end-time="2026-09-18 08:00:17Z" duration="0.001843" asserts="0">
              <properties />
            </test-case>
            <test-case id="1217" name="ImmediateBlockPublishesCompletionBeforeFeedbackWithoutLosingOccupancy" fullname="Tidebound.Tests.ShipMovementSystemTests.ImmediateBlockPublishesCompletionBeforeFeedbackWithoutLosingOccupancy" methodname="ImmediateBlockPublishesCompletionBeforeFeedbackWithoutLosingOccupancy" classname="Tidebound.Tests.ShipMovementSystemTests" runstate="Runnable" seed="154383502" result="Passed" start-time="2026-09-18 08:00:17Z" end-time="2026-09-18 08:00:17Z" duration="0.000575" asserts="0">
              <properties />
            </test-case>
            <test-case id="1215" name="SessionLifecycleControlsWhetherClicksAndCompletionAreAccepted" fullname="Tidebound.Tests.ShipMovementSystemTests.SessionLifecycleControlsWhetherClicksAndCompletionAreAccepted" methodname="SessionLifecycleControlsWhetherClicksAndCompletionAreAccepted" classname="Tidebound.Tests.ShipMovementSystemTests" runstate="Runnable" seed="121759670" result="Passed" start-time="2026-09-18 08:00:17Z" end-time="2026-09-18 08:00:17Z" duration="0.000408" asserts="0">
              <properties />
            </test-case>
            <test-case id="1220" name="TestLevelReferenceSequenceProducesSevenOrderedExits" fullname="Tidebound.Tests.ShipMovementSystemTests.TestLevelReferenceSequenceProducesSevenOrderedExits" methodname="TestLevelReferenceSequenceProducesSevenOrderedExits" classname="Tidebound.Tests.ShipMovementSystemTests" runstate="Runnable" seed="1305400746" result="Passed" start-time="2026-09-18 08:00:17Z" end-time="2026-09-18 08:00:17Z" duration="0.001415" asserts="0">
              <properties />
            </test-case>
            <test-case id="1219" name="UnknownAndNonIdleShipsAreRejectedWithoutEvents" fullname="Tidebound.Tests.ShipMovementSystemTests.UnknownAndNonIdleShipsAreRejectedWithoutEvents" methodname="UnknownAndNonIdleShipsAreRejectedWithoutEvents" classname="Tidebound.Tests.ShipMovementSystemTests" runstate="Runnable" seed="1216787001" result="Passed" start-time="2026-09-18 08:00:17Z" end-time="2026-09-18 08:00:17Z" duration="0.000295" asserts="0">
              <properties />
            </test-case>
          </test-suite>
        </test-suite>
      </test-suite>
    </test-suite>
  </test-suite>
</test-run>