<?xml version="1.0" encoding="utf-8"?>
<test-run id="2" testcasecount="65" result="Passed" total="65" passed="65" failed="0" inconclusive="0" skipped="0" asserts="0" engine-version="3.5.0.0" clr-version="4.0.30319.42000" start-time="2026-09-18 06:40:41Z" end-time="2026-09-18 06:40:41Z" duration="0.1450696">
  <test-suite type="TestSuite" id="1084" name="Valet Parking 3D" fullname="Valet Parking 3D" runstate="Runnable" testcasecount="65" result="Passed" start-time="2026-09-18 06:40:41Z" end-time="2026-09-18 06:40:41Z" duration="0.145070" total="65" passed="65" failed="0" inconclusive="0" skipped="0" asserts="0">
    <properties />
    <test-suite type="Assembly" id="1161" name="Tidebound.Tests.EditMode.dll" fullname="/Users/flyn_n/Documents/Tidebound Fleet（潮汐舰队）/Development/TideboundFleet_Unity/Library/ScriptAssemblies/Tidebound.Tests.EditMode.dll" runstate="Runnable" testcasecount="65" result="Passed" start-time="2026-09-18 06:40:41Z" end-time="2026-09-18 06:40:41Z" duration="0.127710" total="65" passed="65" failed="0" inconclusive="0" skipped="0" asserts="0">
      <properties>
        <property name="_PID" value="30981" />
        <property name="_APPDOMAIN" value="Unity Child Domain" />
        <property name="platform" value="EditMode" />
      </properties>
      <test-suite type="TestSuite" id="1162" name="Tidebound" fullname="Tidebound" runstate="Runnable" testcasecount="65" result="Passed" start-time="2026-09-18 06:40:41Z" end-time="2026-09-18 06:40:41Z" duration="0.127420" total="65" passed="65" failed="0" inconclusive="0" skipped="0" asserts="0">
        <properties />
        <test-suite type="TestSuite" id="1163" name="Tests" fullname="Tidebound.Tests" runstate="Runnable" testcasecount="65" result="Passed" start-time="2026-09-18 06:40:41Z" end-time="2026-09-18 06:40:41Z" duration="0.127270" total="65" passed="65" failed="0" inconclusive="0" skipped="0" asserts="0">
          <properties />
          <test-suite type="TestFixture" id="1085" name="AssemblyBoundaryTests" fullname="Tidebound.Tests.AssemblyBoundaryTests" classname="Tidebound.Tests.AssemblyBoundaryTests" runstate="Runnable" testcasecount="2" result="Passed" start-time="2026-09-18 06:40:41Z" end-time="2026-09-18 06:40:41Z" duration="0.054518" total="2" passed="2" failed="0" inconclusive="0" skipped="0" asserts="0">
            <properties />
            <test-case id="1086" name="LogicAssembliesCannotReferenceUnityOrLegacyGameplay" fullname="Tidebound.Tests.AssemblyBoundaryTests.LogicAssembliesCannotReferenceUnityOrLegacyGameplay" methodname="LogicAssembliesCannotReferenceUnityOrLegacyGameplay" classname="Tidebound.Tests.AssemblyBoundaryTests" runstate="Runnable" seed="304327161" result="Passed" start-time="2026-09-18 06:40:41Z" end-time="2026-09-18 06:40:41Z" duration="0.004899" asserts="0">
              <properties />
            </test-case>
            <test-case id="1087" name="TideboundRuntimeDependenciesExcludeLegacyAndEditorAssemblies" fullname="Tidebound.Tests.AssemblyBoundaryTests.TideboundRuntimeDependenciesExcludeLegacyAndEditorAssemblies" methodname="TideboundRuntimeDependenciesExcludeLegacyAndEditorAssemblies" classname="Tidebound.Tests.AssemblyBoundaryTests" runstate="Runnable" seed="97081206" result="Passed" start-time="2026-09-18 06:40:41Z" end-time="2026-09-18 06:40:41Z" duration="0.041865" asserts="0">
              <properties />
            </test-case>
          </test-suite>
          <test-suite type="TestFixture" id="1088" name="BoardValidationTests" fullname="Tidebound.Tests.BoardValidationTests" classname="Tidebound.Tests.BoardValidationTests" runstate="Runnable" testcasecount="29" result="Passed" start-time="2026-09-18 06:40:41Z" end-time="2026-09-18 06:40:41Z" duration="0.038542" total="29" passed="29" failed="0" inconclusive="0" skipped="0" asserts="0">
            <properties />
            <test-case id="1119" name="DuplicateCatalogIdsAreRejectedInsteadOfChoosingAnArbitraryAsset" fullname="Tidebound.Tests.BoardValidationTests.DuplicateCatalogIdsAreRejectedInsteadOfChoosingAnArbitraryAsset" methodname="DuplicateCatalogIdsAreRejectedInsteadOfChoosingAnArbitraryAsset" classname="Tidebound.Tests.BoardValidationTests" runstate="Runnable" seed="452700904" result="Passed" start-time="2026-09-18 06:40:41Z" end-time="2026-09-18 06:40:41Z" duration="0.013873" asserts="0">
              <properties />
            </test-case>
            <test-suite type="ParameterizedMethod" id="1112" name="InvalidLayoutsReturnSpecificDiagnosticsAndCannotStartSession" fullname="Tidebound.Tests.BoardValidationTests.InvalidLayoutsReturnSpecificDiagnosticsAndCannotStartSession" classname="Tidebound.Tests.BoardValidationTests" runstate="Runnable" testcasecount="18" result="Passed" start-time="2026-09-18 06:40:41Z" end-time="2026-09-18 06:40:41Z" duration="0.012229" total="18" passed="18" failed="0" inconclusive="0" skipped="0" asserts="0">
              <properties />
              <test-case id="1094" name="InvalidLayoutsReturnSpecificDiagnosticsAndCannotStartSession(&quot;null&quot;,&quot;LEVEL_NULL&quot;)" fullname="Tidebound.Tests.BoardValidationTests.InvalidLayoutsReturnSpecificDiagnosticsAndCannotStartSession(&quot;null&quot;,&quot;LEVEL_NULL&quot;)" methodname="InvalidLayoutsReturnSpecificDiagnosticsAndCannotStartSession" classname="Tidebound.Tests.BoardValidationTests" runstate="Runnable" seed="642060534" result="Passed" start-time="2026-09-18 06:40:41Z" end-time="2026-09-18 06:40:41Z" duration="0.003374" asserts="0">
                <properties />
              </test-case>
              <test-case id="1095" name="InvalidLayoutsReturnSpecificDiagnosticsAndCannotStartSession(&quot;schema&quot;,&quot;SCHEMA_UNSUPPORTED&quot;)" fullname="Tidebound.Tests.BoardValidationTests.InvalidLayoutsReturnSpecificDiagnosticsAndCannotStartSession(&quot;schema&quot;,&quot;SCHEMA_UNSUPPORTED&quot;)" methodname="InvalidLayoutsReturnSpecificDiagnosticsAndCannotStartSession" classname="Tidebound.Tests.BoardValidationTests" runstate="Runnable" seed="74031065" result="Passed" start-time="2026-09-18 06:40:41Z" end-time="2026-09-18 06:40:41Z" duration="0.000471" asserts="0">
                <properties />
              </test-case>
              <test-case id="1096" name="InvalidLayoutsReturnSpecificDiagnosticsAndCannotStartSession(&quot;levelId&quot;,&quot;ID_INVALID&quot;)" fullname="Tidebound.Tests.BoardValidationTests.InvalidLayoutsReturnSpecificDiagnosticsAndCannotStartSession(&quot;levelId&quot;,&quot;ID_INVALID&quot;)" methodname="InvalidLayoutsReturnSpecificDiagnosticsAndCannotStartSession" classname="Tidebound.Tests.BoardValidationTests" runstate="Runnable" seed="1423098443" result="Passed" start-time="2026-09-18 06:40:41Z" end-time="2026-09-18 06:40:41Z" duration="0.000397" asserts="0">
                <properties />
              </test-case>
              <test-case id="1097" name="InvalidLayoutsReturnSpecificDiagnosticsAndCannotStartSession(&quot;widthZero&quot;,&quot;BOARD_SIZE_INVALID&quot;)" fullname="Tidebound.Tests.BoardValidationTests.InvalidLayoutsReturnSpecificDiagnosticsAndCannotStartSession(&quot;widthZero&quot;,&quot;BOARD_SIZE_INVALID&quot;)" methodname="InvalidLayoutsReturnSpecificDiagnosticsAndCannotStartSession" classname="Tidebound.Tests.BoardValidationTests" runstate="Runnable" seed="2021889956" result="Passed" start-time="2026-09-18 06:40:41Z" end-time="2026-09-18 06:40:41Z" duration="0.000388" asserts="0">
                <properties />
              </test-case>
              <test-case id="1098" name="InvalidLayoutsReturnSpecificDiagnosticsAndCannotStartSession(&quot;widthLarge&quot;,&quot;BOARD_SIZE_INVALID&quot;)" fullname="Tidebound.Tests.BoardValidationTests.InvalidLayoutsReturnSpecificDiagnosticsAndCannotStartSession(&quot;widthLarge&quot;,&quot;BOARD_SIZE_INVALID&quot;)" methodname="InvalidLayoutsReturnSpecificDiagnosticsAndCannotStartSession" classname="Tidebound.Tests.BoardValidationTests" runstate="Runnable" seed="1319256355" result="Passed" start-time="2026-09-18 06:40:41Z" end-time="2026-09-18 06:40:41Z" duration="0.000431" asserts="0">
                <properties />
              </test-case>
              <test-case id="1099" name="InvalidLayoutsReturnSpecificDiagnosticsAndCannotStartSession(&quot;heightLarge&quot;,&quot;BOARD_SIZE_INVALID&quot;)" fullname="Tidebound.Tests.BoardValidationTests.InvalidLayoutsReturnSpecificDiagnosticsAndCannotStartSession(&quot;heightLarge&quot;,&quot;BOARD_SIZE_INVALID&quot;)" methodname="InvalidLayoutsReturnSpecificDiagnosticsAndCannotStartSession" classname="Tidebound.Tests.BoardValidationTests" runstate="Runnable" seed="1385492078" result="Passed" start-time="2026-09-18 06:40:41Z" end-time="2026-09-18 06:40:41Z" duration="0.000380" asserts="0">
                <properties />
              </test-case>
              <test-case id="1100" name="InvalidLayoutsReturnSpecificDiagnosticsAndCannotStartSession(&quot;boss&quot;,&quot;BOSS_UNKNOWN&quot;)" fullname="Tidebound.Tests.BoardValidationTests.InvalidLayoutsReturnSpecificDiagnosticsAndCannotStartSession(&quot;boss&quot;,&quot;BOSS_UNKNOWN&quot;)" methodname="InvalidLayoutsReturnSpecificDiagnosticsAndCannotStartSession" classname="Tidebound.Tests.BoardValidationTests" runstate="Runnable" seed="212285749" result="Passed" start-time="2026-09-18 06:40:41Z" end-time="2026-09-18 06:40:41Z" duration="0.000347" asserts="0">
                <properties />
              </test-case>
              <test-case id="1101" name="InvalidLayoutsReturnSpecificDiagnosticsAndCannotStartSession(&quot;empty&quot;,&quot;SHIPS_EMPTY&quot;)" fullname="Tidebound.Tests.BoardValidationTests.InvalidLayoutsReturnSpecificDiagnosticsAndCannotStartSession(&quot;empty&quot;,&quot;SHIPS_EMPTY&quot;)" methodname="InvalidLayoutsReturnSpecificDiagnosticsAndCannotStartSession" classname="Tidebound.Tests.BoardValidationTests" runstate="Runnable" seed="1101304690" result="Passed" start-time="2026-09-18 06:40:41Z" end-time="2026-09-18 06:40:41Z" duration="0.000316" asserts="0">
                <properties />
              </test-case>
              <test-case id="1102" name="InvalidLayoutsReturnSpecificDiagnosticsAndCannotStartSession(&quot;nullShips&quot;,&quot;SHIPS_EMPTY&quot;)" fullname="Tidebound.Tests.BoardValidationTests.InvalidLayoutsReturnSpecificDiagnosticsAndCannotStartSession(&quot;nullShips&quot;,&quot;SHIPS_EMPTY&quot;)" methodname="InvalidLayoutsReturnSpecificDiagnosticsAndCannotStartSession" classname="Tidebound.Tests.BoardValidationTests" runstate="Runnable" seed="772099194" result="Passed" start-time="2026-09-18 06:40:41Z" end-time="2026-09-18 06:40:41Z" duration="0.000326" asserts="0">
                <properties />
              </test-case>
              <test-case id="1103" name="InvalidLayoutsReturnSpecificDiagnosticsAndCannotStartSession(&quot;nullShip&quot;,&quot;SHIP_NULL&quot;)" fullname="Tidebound.Tests.BoardValidationTests.InvalidLayoutsReturnSpecificDiagnosticsAndCannotStartSession(&quot;nullShip&quot;,&quot;SHIP_NULL&quot;)" methodname="InvalidLayoutsReturnSpecificDiagnosticsAndCannotStartSession" classname="Tidebound.Tests.BoardValidationTests" runstate="Runnable" seed="1342990493" result="Passed" start-time="2026-09-18 06:40:41Z" end-time="2026-09-18 06:40:41Z" duration="0.000331" asserts="0">
                <properties />
              </test-case>
              <test-case id="1104" name="InvalidLayoutsReturnSpecificDiagnosticsAndCannotStartSession(&quot;shipId&quot;,&quot;ID_INVALID&quot;)" fullname="Tidebound.Tests.BoardValidationTests.InvalidLayoutsReturnSpecificDiagnosticsAndCannotStartSession(&quot;shipId&quot;,&quot;ID_INVALID&quot;)" methodname="InvalidLayoutsReturnSpecificDiagnosticsAndCannotStartSession" classname="Tidebound.Tests.BoardValidationTests" runstate="Runnable" seed="1377717764" result="Passed" start-time="2026-09-18 06:40:41Z" end-time="2026-09-18 06:40:41Z" duration="0.000366" asserts="0">
                <properties />
              </test-case>
              <test-case id="1105" name="InvalidLayoutsReturnSpecificDiagnosticsAndCannotStartSession(&quot;duplicateId&quot;,&quot;SHIP_DUPLICATE&quot;)" fullname="Tidebound.Tests.BoardValidationTests.InvalidLayoutsReturnSpecificDiagnosticsAndCannotStartSession(&quot;duplicateId&quot;,&quot;SHIP_DUPLICATE&quot;)" methodname="InvalidLayoutsReturnSpecificDiagnosticsAndCannotStartSession" classname="Tidebound.Tests.BoardValidationTests" runstate="Runnable" seed="729423090" result="Passed" start-time="2026-09-18 06:40:41Z" end-time="2026-09-18 06:40:41Z" duration="0.000336" asserts="0">
                <properties />
              </test-case>
              <test-case id="1106" name="InvalidLayoutsReturnSpecificDiagnosticsAndCannotStartSession(&quot;type&quot;,&quot;TYPE_UNKNOWN&quot;)" fullname="Tidebound.Tests.BoardValidationTests.InvalidLayoutsReturnSpecificDiagnosticsAndCannotStartSession(&quot;type&quot;,&quot;TYPE_UNKNOWN&quot;)" methodname="InvalidLayoutsReturnSpecificDiagnosticsAndCannotStartSession" classname="Tidebound.Tests.BoardValidationTests" runstate="Runnable" seed="1446359348" result="Passed" start-time="2026-09-18 06:40:41Z" end-time="2026-09-18 06:40:41Z" duration="0.000323" asserts="0">
                <properties />
              </test-case>
              <test-case id="1107" name="InvalidLayoutsReturnSpecificDiagnosticsAndCannotStartSession(&quot;direction&quot;,&quot;DIRECTION_INVALID&quot;)" fullname="Tidebound.Tests.BoardValidationTests.InvalidLayoutsReturnSpecificDiagnosticsAndCannotStartSession(&quot;direction&quot;,&quot;DIRECTION_INVALID&quot;)" methodname="InvalidLayoutsReturnSpecificDiagnosticsAndCannotStartSession" classname="Tidebound.Tests.BoardValidationTests" runstate="Runnable" seed="1282673209" result="Passed" start-time="2026-09-18 06:40:41Z" end-time="2026-09-18 06:40:41Z" duration="0.000437" asserts="0">
                <properties />
              </test-case>
              <test-case id="1108" name="InvalidLayoutsReturnSpecificDiagnosticsAndCannotStartSession(&quot;tailOutside&quot;,&quot;OUT_OF_BOUNDS&quot;)" fullname="Tidebound.Tests.BoardValidationTests.InvalidLayoutsReturnSpecificDiagnosticsAndCannotStartSession(&quot;tailOutside&quot;,&quot;OUT_OF_BOUNDS&quot;)" methodname="InvalidLayoutsReturnSpecificDiagnosticsAndCannotStartSession" classname="Tidebound.Tests.BoardValidationTests" runstate="Runnable" seed="713769074" result="Passed" start-time="2026-09-18 06:40:41Z" end-time="2026-09-18 06:40:41Z" duration="0.000453" asserts="0">
                <properties />
              </test-case>
              <test-case id="1109" name="InvalidLayoutsReturnSpecificDiagnosticsAndCannotStartSession(&quot;headOutside&quot;,&quot;OUT_OF_BOUNDS&quot;)" fullname="Tidebound.Tests.BoardValidationTests.InvalidLayoutsReturnSpecificDiagnosticsAndCannotStartSession(&quot;headOutside&quot;,&quot;OUT_OF_BOUNDS&quot;)" methodname="InvalidLayoutsReturnSpecificDiagnosticsAndCannotStartSession" classname="Tidebound.Tests.BoardValidationTests" runstate="Runnable" seed="1452877772" result="Passed" start-time="2026-09-18 06:40:41Z" end-time="2026-09-18 06:40:41Z" duration="0.000383" asserts="0">
                <properties />
              </test-case>
              <test-case id="1110" name="InvalidLayoutsReturnSpecificDiagnosticsAndCannotStartSession(&quot;overflowCoordinate&quot;,&quot;OUT_OF_BOUNDS&quot;)" fullname="Tidebound.Tests.BoardValidationTests.InvalidLayoutsReturnSpecificDiagnosticsAndCannotStartSession(&quot;overflowCoordinate&quot;,&quot;OUT_OF_BOUNDS&quot;)" methodname="InvalidLayoutsReturnSpecificDiagnosticsAndCannotStartSession" classname="Tidebound.Tests.BoardValidationTests" runstate="Runnable" seed="694093760" result="Passed" start-time="2026-09-18 06:40:41Z" end-time="2026-09-18 06:40:41Z" duration="0.000393" asserts="0">
                <properties />
              </test-case>
              <test-case id="1111" name="InvalidLayoutsReturnSpecificDiagnosticsAndCannotStartSession(&quot;overlap&quot;,&quot;OVERLAP&quot;)" fullname="Tidebound.Tests.BoardValidationTests.InvalidLayoutsReturnSpecificDiagnosticsAndCannotStartSession(&quot;overlap&quot;,&quot;OVERLAP&quot;)" methodname="InvalidLayoutsReturnSpecificDiagnosticsAndCannotStartSession" classname="Tidebound.Tests.BoardValidationTests" runstate="Runnable" seed="68894071" result="Passed" start-time="2026-09-18 06:40:41Z" end-time="2026-09-18 06:40:41Z" duration="0.000578" asserts="0">
                <properties />
              </test-case>
            </test-suite>
            <test-suite type="ParameterizedMethod" id="1118" name="InvalidLogicConfigsAndDamageOverflowAreRejected" fullname="Tidebound.Tests.BoardValidationTests.InvalidLogicConfigsAndDamageOverflowAreRejected" classname="Tidebound.Tests.BoardValidationTests" runstate="Runnable" testcasecount="5" result="Passed" start-time="2026-09-18 06:40:41Z" end-time="2026-09-18 06:40:41Z" duration="0.002743" total="5" passed="5" failed="0" inconclusive="0" skipped="0" asserts="0">
              <properties />
              <test-case id="1113" name="InvalidLogicConfigsAndDamageOverflowAreRejected(0,10,&quot;LENGTH_INVALID&quot;)" fullname="Tidebound.Tests.BoardValidationTests.InvalidLogicConfigsAndDamageOverflowAreRejected(0,10,&quot;LENGTH_INVALID&quot;)" methodname="InvalidLogicConfigsAndDamageOverflowAreRejected" classname="Tidebound.Tests.BoardValidationTests" runstate="Runnable" seed="1227946267" result="Passed" start-time="2026-09-18 06:40:41Z" end-time="2026-09-18 06:40:41Z" duration="0.000617" asserts="0">
                <properties />
              </test-case>
              <test-case id="1114" name="InvalidLogicConfigsAndDamageOverflowAreRejected(5,10,&quot;LENGTH_INVALID&quot;)" fullname="Tidebound.Tests.BoardValidationTests.InvalidLogicConfigsAndDamageOverflowAreRejected(5,10,&quot;LENGTH_INVALID&quot;)" methodname="InvalidLogicConfigsAndDamageOverflowAreRejected" classname="Tidebound.Tests.BoardValidationTests" runstate="Runnable" seed="1601565270" result="Passed" start-time="2026-09-18 06:40:41Z" end-time="2026-09-18 06:40:41Z" duration="0.000326" asserts="0">
                <properties />
              </test-case>
              <test-case id="1115" name="InvalidLogicConfigsAndDamageOverflowAreRejected(2,0,&quot;DAMAGE_INVALID&quot;)" fullname="Tidebound.Tests.BoardValidationTests.InvalidLogicConfigsAndDamageOverflowAreRejected(2,0,&quot;DAMAGE_INVALID&quot;)" methodname="InvalidLogicConfigsAndDamageOverflowAreRejected" classname="Tidebound.Tests.BoardValidationTests" runstate="Runnable" seed="1362972651" result="Passed" start-time="2026-09-18 06:40:41Z" end-time="2026-09-18 06:40:41Z" duration="0.000363" asserts="0">
                <properties />
              </test-case>
              <test-case id="1116" name="InvalidLogicConfigsAndDamageOverflowAreRejected(2,-1,&quot;DAMAGE_INVALID&quot;)" fullname="Tidebound.Tests.BoardValidationTests.InvalidLogicConfigsAndDamageOverflowAreRejected(2,-1,&quot;DAMAGE_INVALID&quot;)" methodname="InvalidLogicConfigsAndDamageOverflowAreRejected" classname="Tidebound.Tests.BoardValidationTests" runstate="Runnable" seed="1728088795" result="Passed" start-time="2026-09-18 06:40:41Z" end-time="2026-09-18 06:40:41Z" duration="0.000320" asserts="0">
                <properties />
              </test-case>
              <test-case id="1117" name="InvalidLogicConfigsAndDamageOverflowAreRejected(2,int.MaxValue,&quot;TOTAL_DAMAGE_INVALID&quot;)" fullname="Tidebound.Tests.BoardValidationTests.InvalidLogicConfigsAndDamageOverflowAreRejected(2,int.MaxValue,&quot;TOTAL_DAMAGE_INVALID&quot;)" methodname="InvalidLogicConfigsAndDamageOverflowAreRejected" classname="Tidebound.Tests.BoardValidationTests" runstate="Runnable" seed="361336356" result="Passed" start-time="2026-09-18 06:40:41Z" end-time="2026-09-18 06:40:41Z" duration="0.000296" asserts="0">
                <properties />
              </test-case>
            </test-suite>
            <test-case id="1120" name="MixedTypesDetermineLengthAndHpFromTheCatalog" fullname="Tidebound.Tests.BoardValidationTests.MixedTypesDetermineLengthAndHpFromTheCatalog" methodname="MixedTypesDetermineLengthAndHpFromTheCatalog" classname="Tidebound.Tests.BoardValidationTests" runstate="Runnable" seed="314820063" result="Passed" start-time="2026-09-18 06:40:41Z" end-time="2026-09-18 06:40:41Z" duration="0.003445" asserts="0">
              <properties />
            </test-case>
            <test-suite type="ParameterizedMethod" id="1093" name="TailAnchorCoversEveryCellInEachDirection" fullname="Tidebound.Tests.BoardValidationTests.TailAnchorCoversEveryCellInEachDirection" classname="Tidebound.Tests.BoardValidationTests" runstate="Runnable" testcasecount="4" result="Passed" start-time="2026-09-18 06:40:41Z" end-time="2026-09-18 06:40:41Z" duration="0.003142" total="4" passed="4" failed="0" inconclusive="0" skipped="0" asserts="0">
              <properties />
              <test-case id="1089" name="TailAnchorCoversEveryCellInEachDirection(Up,2,1,2,2,2,3)" fullname="Tidebound.Tests.BoardValidationTests.TailAnchorCoversEveryCellInEachDirection(Up,2,1,2,2,2,3)" methodname="TailAnchorCoversEveryCellInEachDirection" classname="Tidebound.Tests.BoardValidationTests" runstate="Runnable" seed="983787064" result="Passed" start-time="2026-09-18 06:40:41Z" end-time="2026-09-18 06:40:41Z" duration="0.002172" asserts="0">
                <properties />
              </test-case>
              <test-case id="1090" name="TailAnchorCoversEveryCellInEachDirection(Down,2,3,2,2,2,1)" fullname="Tidebound.Tests.BoardValidationTests.TailAnchorCoversEveryCellInEachDirection(Down,2,3,2,2,2,1)" methodname="TailAnchorCoversEveryCellInEachDirection" classname="Tidebound.Tests.BoardValidationTests" runstate="Runnable" seed="1324998659" result="Passed" start-time="2026-09-18 06:40:41Z" end-time="2026-09-18 06:40:41Z" duration="0.000125" asserts="0">
                <properties />
              </test-case>
              <test-case id="1091" name="TailAnchorCoversEveryCellInEachDirection(Left,3,2,2,2,1,2)" fullname="Tidebound.Tests.BoardValidationTests.TailAnchorCoversEveryCellInEachDirection(Left,3,2,2,2,1,2)" methodname="TailAnchorCoversEveryCellInEachDirection" classname="Tidebound.Tests.BoardValidationTests" runstate="Runnable" seed="1599434770" result="Passed" start-time="2026-09-18 06:40:41Z" end-time="2026-09-18 06:40:41Z" duration="0.000067" asserts="0">
                <properties />
              </test-case>
              <test-case id="1092" name="TailAnchorCoversEveryCellInEachDirection(Right,1,2,2,2,3,2)" fullname="Tidebound.Tests.BoardValidationTests.TailAnchorCoversEveryCellInEachDirection(Right,1,2,2,2,3,2)" methodname="TailAnchorCoversEveryCellInEachDirection" classname="Tidebound.Tests.BoardValidationTests" runstate="Runnable" seed="1625824311" result="Passed" start-time="2026-09-18 06:40:41Z" end-time="2026-09-18 06:40:41Z" duration="0.000080" asserts="0">
                <properties />
              </test-case>
            </test-suite>
          </test-suite>
          <test-suite type="TestFixture" id="1121" name="EventBusTests" fullname="Tidebound.Tests.EventBusTests" classname="Tidebound.Tests.EventBusTests" runstate="Runnable" testcasecount="6" result="Passed" start-time="2026-09-18 06:40:41Z" end-time="2026-09-18 06:40:41Z" duration="0.008254" total="6" passed="6" failed="0" inconclusive="0" skipped="0" asserts="0">
            <properties />
            <test-case id="1122" name="AllSevenContractsDeliverTheirImmutablePayload" fullname="Tidebound.Tests.EventBusTests.AllSevenContractsDeliverTheirImmutablePayload" methodname="AllSevenContractsDeliverTheirImmutablePayload" classname="Tidebound.Tests.EventBusTests" runstate="Runnable" seed="231859090" result="Passed" start-time="2026-09-18 06:40:41Z" end-time="2026-09-18 06:40:41Z" duration="0.003978" asserts="0">
              <properties />
            </test-case>
            <test-case id="1126" name="DisposedSessionRejectsFurtherPublicationAndSubscription" fullname="Tidebound.Tests.EventBusTests.DisposedSessionRejectsFurtherPublicationAndSubscription" methodname="DisposedSessionRejectsFurtherPublicationAndSubscription" classname="Tidebound.Tests.EventBusTests" runstate="Runnable" seed="547774075" result="Passed" start-time="2026-09-18 06:40:41Z" end-time="2026-09-18 06:40:41Z" duration="0.001170" asserts="0">
              <properties />
            </test-case>
            <test-case id="1124" name="RemovingOneDuplicateSubscriptionDoesNotRemoveTheOther" fullname="Tidebound.Tests.EventBusTests.RemovingOneDuplicateSubscriptionDoesNotRemoveTheOther" methodname="RemovingOneDuplicateSubscriptionDoesNotRemoveTheOther" classname="Tidebound.Tests.EventBusTests" runstate="Runnable" seed="600580167" result="Passed" start-time="2026-09-18 06:40:41Z" end-time="2026-09-18 06:40:41Z" duration="0.000176" asserts="0">
              <properties />
            </test-case>
            <test-case id="1127" name="SubscriberErrorsAreVisibleAndStopTheCurrentDispatch" fullname="Tidebound.Tests.EventBusTests.SubscriberErrorsAreVisibleAndStopTheCurrentDispatch" methodname="SubscriberErrorsAreVisibleAndStopTheCurrentDispatch" classname="Tidebound.Tests.EventBusTests" runstate="Runnable" seed="671449696" result="Passed" start-time="2026-09-18 06:40:41Z" end-time="2026-09-18 06:40:41Z" duration="0.000246" asserts="0">
              <properties />
            </test-case>
            <test-case id="1125" name="SubscriptionChangesApplyToTheNextPublicationAndPreserveOrder" fullname="Tidebound.Tests.EventBusTests.SubscriptionChangesApplyToTheNextPublicationAndPreserveOrder" methodname="SubscriptionChangesApplyToTheNextPublicationAndPreserveOrder" classname="Tidebound.Tests.EventBusTests" runstate="Runnable" seed="1763571911" result="Passed" start-time="2026-09-18 06:40:41Z" end-time="2026-09-18 06:40:41Z" duration="0.000587" asserts="0">
              <properties />
            </test-case>
            <test-case id="1123" name="TypesAndSessionsAreIsolatedAndSubscriptionsAreDisposable" fullname="Tidebound.Tests.EventBusTests.TypesAndSessionsAreIsolatedAndSubscriptionsAreDisposable" methodname="TypesAndSessionsAreIsolatedAndSubscriptionsAreDisposable" classname="Tidebound.Tests.EventBusTests" runstate="Runnable" seed="558543626" result="Passed" start-time="2026-09-18 06:40:41Z" end-time="2026-09-18 06:40:41Z" duration="0.001062" asserts="0">
              <properties />
            </test-case>
          </test-suite>
          <test-suite type="TestFixture" id="1128" name="LevelJsonReaderTests" fullname="Tidebound.Tests.LevelJsonReaderTests" classname="Tidebound.Tests.LevelJsonReaderTests" runstate="Runnable" testcasecount="20" result="Passed" start-time="2026-09-18 06:40:41Z" end-time="2026-09-18 06:40:41Z" duration="0.013610" total="20" passed="20" failed="0" inconclusive="0" skipped="0" asserts="0">
            <properties />
            <test-suite type="ParameterizedMethod" id="1134" name="MalformedOrDuplicateJsonIsRejected" fullname="Tidebound.Tests.LevelJsonReaderTests.MalformedOrDuplicateJsonIsRejected" classname="Tidebound.Tests.LevelJsonReaderTests" runstate="Runnable" testcasecount="5" result="Passed" start-time="2026-09-18 06:40:41Z" end-time="2026-09-18 06:40:41Z" duration="0.001549" total="5" passed="5" failed="0" inconclusive="0" skipped="0" asserts="0">
              <properties />
              <test-case id="1129" name="MalformedOrDuplicateJsonIsRejected(&quot;&quot;)" fullname="Tidebound.Tests.LevelJsonReaderTests.MalformedOrDuplicateJsonIsRejected(&quot;&quot;)" methodname="MalformedOrDuplicateJsonIsRejected" classname="Tidebound.Tests.LevelJsonReaderTests" runstate="Runnable" seed="1457010739" result="Passed" start-time="2026-09-18 06:40:41Z" end-time="2026-09-18 06:40:41Z" duration="0.000215" asserts="0">
                <properties />
              </test-case>
              <test-case id="1130" name="MalformedOrDuplicateJsonIsRejected(&quot;null&quot;)" fullname="Tidebound.Tests.LevelJsonReaderTests.MalformedOrDuplicateJsonIsRejected(&quot;null&quot;)" methodname="MalformedOrDuplicateJsonIsRejected" classname="Tidebound.Tests.LevelJsonReaderTests" runstate="Runnable" seed="1849288850" result="Passed" start-time="2026-09-18 06:40:41Z" end-time="2026-09-18 06:40:41Z" duration="0.000092" asserts="0">
                <properties />
              </test-case>
              <test-case id="1131" name="MalformedOrDuplicateJsonIsRejected(&quot;[]&quot;)" fullname="Tidebound.Tests.LevelJsonReaderTests.MalformedOrDuplicateJsonIsRejected(&quot;[]&quot;)" methodname="MalformedOrDuplicateJsonIsRejected" classname="Tidebound.Tests.LevelJsonReaderTests" runstate="Runnable" seed="668216487" result="Passed" start-time="2026-09-18 06:40:41Z" end-time="2026-09-18 06:40:41Z" duration="0.000246" asserts="0">
                <properties />
              </test-case>
              <test-case id="1132" name="MalformedOrDuplicateJsonIsRejected(&quot;{broken&quot;)" fullname="Tidebound.Tests.LevelJsonReaderTests.MalformedOrDuplicateJsonIsRejected(&quot;{broken&quot;)" methodname="MalformedOrDuplicateJsonIsRejected" classname="Tidebound.Tests.LevelJsonReaderTests" runstate="Runnable" seed="347534348" result="Passed" start-time="2026-09-18 06:40:41Z" end-time="2026-09-18 06:40:41Z" duration="0.000216" asserts="0">
                <properties />
              </test-case>
              <test-case id="1133" name="MalformedOrDuplicateJsonIsRejected(&quot;{\&quot;schemaVersion\&quot;:1,\&quot;schemaVersion\&quot;:1}&quot;)" fullname="Tidebound.Tests.LevelJsonReaderTests.MalformedOrDuplicateJsonIsRejected(&quot;{\&quot;schemaVersion\&quot;:1,\&quot;schemaVersion\&quot;:1}&quot;)" methodname="MalformedOrDuplicateJsonIsRejected" classname="Tidebound.Tests.LevelJsonReaderTests" runstate="Runnable" seed="1957473590" result="Passed" start-time="2026-09-18 06:40:41Z" end-time="2026-09-18 06:40:41Z" duration="0.000194" asserts="0">
                <properties />
              </test-case>
            </test-suite>
            <test-suite type="ParameterizedMethod" id="1150" name="SchemaRejectsMissingFieldsImplicitConversionsAndDuplicateConfigurationSources" fullname="Tidebound.Tests.LevelJsonReaderTests.SchemaRejectsMissingFieldsImplicitConversionsAndDuplicateConfigurationSources" classname="Tidebound.Tests.LevelJsonReaderTests" runstate="Runnable" testcasecount="15" result="Passed" start-time="2026-09-18 06:40:41Z" end-time="2026-09-18 06:40:41Z" duration="0.011476" total="15" passed="15" failed="0" inconclusive="0" skipped="0" asserts="0">
              <properties />
              <test-case id="1135" name="SchemaRejectsMissingFieldsImplicitConversionsAndDuplicateConfigurationSources(&quot;missing&quot;)" fullname="Tidebound.Tests.LevelJsonReaderTests.SchemaRejectsMissingFieldsImplicitConversionsAndDuplicateConfigurationSources(&quot;missing&quot;)" methodname="SchemaRejectsMissingFieldsImplicitConversionsAndDuplicateConfigurationSources" classname="Tidebound.Tests.LevelJsonReaderTests" runstate="Runnable" seed="838683429" result="Passed" start-time="2026-09-18 06:40:41Z" end-time="2026-09-18 06:40:41Z" duration="0.002011" asserts="0">
                <properties />
              </test-case>
              <test-case id="1136" name="SchemaRejectsMissingFieldsImplicitConversionsAndDuplicateConfigurationSources(&quot;hp&quot;)" fullname="Tidebound.Tests.LevelJsonReaderTests.SchemaRejectsMissingFieldsImplicitConversionsAndDuplicateConfigurationSources(&quot;hp&quot;)" methodname="SchemaRejectsMissingFieldsImplicitConversionsAndDuplicateConfigurationSources" classname="Tidebound.Tests.LevelJsonReaderTests" runstate="Runnable" seed="2053021463" result="Passed" start-time="2026-09-18 06:40:41Z" end-time="2026-09-18 06:40:41Z" duration="0.000773" asserts="0">
                <properties />
              </test-case>
              <test-case id="1137" name="SchemaRejectsMissingFieldsImplicitConversionsAndDuplicateConfigurationSources(&quot;length&quot;)" fullname="Tidebound.Tests.LevelJsonReaderTests.SchemaRejectsMissingFieldsImplicitConversionsAndDuplicateConfigurationSources(&quot;length&quot;)" methodname="SchemaRejectsMissingFieldsImplicitConversionsAndDuplicateConfigurationSources" classname="Tidebound.Tests.LevelJsonReaderTests" runstate="Runnable" seed="473873986" result="Passed" start-time="2026-09-18 06:40:41Z" end-time="2026-09-18 06:40:41Z" duration="0.000401" asserts="0">
                <properties />
              </test-case>
              <test-case id="1138" name="SchemaRejectsMissingFieldsImplicitConversionsAndDuplicateConfigurationSources(&quot;damage&quot;)" fullname="Tidebound.Tests.LevelJsonReaderTests.SchemaRejectsMissingFieldsImplicitConversionsAndDuplicateConfigurationSources(&quot;damage&quot;)" methodname="SchemaRejectsMissingFieldsImplicitConversionsAndDuplicateConfigurationSources" classname="Tidebound.Tests.LevelJsonReaderTests" runstate="Runnable" seed="1927577839" result="Passed" start-time="2026-09-18 06:40:41Z" end-time="2026-09-18 06:40:41Z" duration="0.000364" asserts="0">
                <properties />
              </test-case>
              <test-case id="1139" name="SchemaRejectsMissingFieldsImplicitConversionsAndDuplicateConfigurationSources(&quot;state&quot;)" fullname="Tidebound.Tests.LevelJsonReaderTests.SchemaRejectsMissingFieldsImplicitConversionsAndDuplicateConfigurationSources(&quot;state&quot;)" methodname="SchemaRejectsMissingFieldsImplicitConversionsAndDuplicateConfigurationSources" classname="Tidebound.Tests.LevelJsonReaderTests" runstate="Runnable" seed="278667350" result="Passed" start-time="2026-09-18 06:40:41Z" end-time="2026-09-18 06:40:41Z" duration="0.000381" asserts="0">
                <properties />
              </test-case>
              <test-case id="1140" name="SchemaRejectsMissingFieldsImplicitConversionsAndDuplicateConfigurationSources(&quot;stringWidth&quot;)" fullname="Tidebound.Tests.LevelJsonReaderTests.SchemaRejectsMissingFieldsImplicitConversionsAndDuplicateConfigurationSources(&quot;stringWidth&quot;)" methodname="SchemaRejectsMissingFieldsImplicitConversionsAndDuplicateConfigurationSources" classname="Tidebound.Tests.LevelJsonReaderTests" runstate="Runnable" seed="434485397" result="Passed" start-time="2026-09-18 06:40:41Z" end-time="2026-09-18 06:40:41Z" duration="0.000774" asserts="0">
                <properties />
              </test-case>
              <test-case id="1141" name="SchemaRejectsMissingFieldsImplicitConversionsAndDuplicateConfigurationSources(&quot;decimalWidth&quot;)" fullname="Tidebound.Tests.LevelJsonReaderTests.SchemaRejectsMissingFieldsImplicitConversionsAndDuplicateConfigurationSources(&quot;decimalWidth&quot;)" methodname="SchemaRejectsMissingFieldsImplicitConversionsAndDuplicateConfigurationSources" classname="Tidebound.Tests.LevelJsonReaderTests" runstate="Runnable" seed="163344458" result="Passed" start-time="2026-09-18 06:40:41Z" end-time="2026-09-18 06:40:41Z" duration="0.000687" asserts="0">
                <properties />
              </test-case>
              <test-case id="1142" name="SchemaRejectsMissingFieldsImplicitConversionsAndDuplicateConfigurationSources(&quot;overflowWidth&quot;)" fullname="Tidebound.Tests.LevelJsonReaderTests.SchemaRejectsMissingFieldsImplicitConversionsAndDuplicateConfigurationSources(&quot;overflowWidth&quot;)" methodname="SchemaRejectsMissingFieldsImplicitConversionsAndDuplicateConfigurationSources" classname="Tidebound.Tests.LevelJsonReaderTests" runstate="Runnable" seed="198596526" result="Passed" start-time="2026-09-18 06:40:41Z" end-time="2026-09-18 06:40:41Z" duration="0.001176" asserts="0">
                <properties />
              </test-case>
              <test-case id="1143" name="SchemaRejectsMissingFieldsImplicitConversionsAndDuplicateConfigurationSources(&quot;numericDirection&quot;)" fullname="Tidebound.Tests.LevelJsonReaderTests.SchemaRejectsMissingFieldsImplicitConversionsAndDuplicateConfigurationSources(&quot;numericDirection&quot;)" methodname="SchemaRejectsMissingFieldsImplicitConversionsAndDuplicateConfigurationSources" classname="Tidebound.Tests.LevelJsonReaderTests" runstate="Runnable" seed="749753242" result="Passed" start-time="2026-09-18 06:40:41Z" end-time="2026-09-18 06:40:41Z" duration="0.000544" asserts="0">
                <properties />
              </test-case>
              <test-case id="1144" name="SchemaRejectsMissingFieldsImplicitConversionsAndDuplicateConfigurationSources(&quot;numericStringDirection&quot;)" fullname="Tidebound.Tests.LevelJsonReaderTests.SchemaRejectsMissingFieldsImplicitConversionsAndDuplicateConfigurationSources(&quot;numericStringDirection&quot;)" methodname="SchemaRejectsMissingFieldsImplicitConversionsAndDuplicateConfigurationSources" classname="Tidebound.Tests.LevelJsonReaderTests" runstate="Runnable" seed="1552427314" result="Passed" start-time="2026-09-18 06:40:41Z" end-time="2026-09-18 06:40:41Z" duration="0.000954" asserts="0">
                <properties />
              </test-case>
              <test-case id="1145" name="SchemaRejectsMissingFieldsImplicitConversionsAndDuplicateConfigurationSources(&quot;lowercaseDirection&quot;)" fullname="Tidebound.Tests.LevelJsonReaderTests.SchemaRejectsMissingFieldsImplicitConversionsAndDuplicateConfigurationSources(&quot;lowercaseDirection&quot;)" methodname="SchemaRejectsMissingFieldsImplicitConversionsAndDuplicateConfigurationSources" classname="Tidebound.Tests.LevelJsonReaderTests" runstate="Runnable" seed="557970573" result="Passed" start-time="2026-09-18 06:40:41Z" end-time="2026-09-18 06:40:41Z" duration="0.000412" asserts="0">
                <properties />
              </test-case>
              <test-case id="1146" name="SchemaRejectsMissingFieldsImplicitConversionsAndDuplicateConfigurationSources(&quot;diagonalDirection&quot;)" fullname="Tidebound.Tests.LevelJsonReaderTests.SchemaRejectsMissingFieldsImplicitConversionsAndDuplicateConfigurationSources(&quot;diagonalDirection&quot;)" methodname="SchemaRejectsMissingFieldsImplicitConversionsAndDuplicateConfigurationSources" classname="Tidebound.Tests.LevelJsonReaderTests" runstate="Runnable" seed="1910366021" result="Passed" start-time="2026-09-18 06:40:41Z" end-time="2026-09-18 06:40:41Z" duration="0.000387" asserts="0">
                <properties />
              </test-case>
              <test-case id="1147" name="SchemaRejectsMissingFieldsImplicitConversionsAndDuplicateConfigurationSources(&quot;missingX&quot;)" fullname="Tidebound.Tests.LevelJsonReaderTests.SchemaRejectsMissingFieldsImplicitConversionsAndDuplicateConfigurationSources(&quot;missingX&quot;)" methodname="SchemaRejectsMissingFieldsImplicitConversionsAndDuplicateConfigurationSources" classname="Tidebound.Tests.LevelJsonReaderTests" runstate="Runnable" seed="1381697632" result="Passed" start-time="2026-09-18 06:40:41Z" end-time="2026-09-18 06:40:41Z" duration="0.000359" asserts="0">
                <properties />
              </test-case>
              <test-case id="1148" name="SchemaRejectsMissingFieldsImplicitConversionsAndDuplicateConfigurationSources(&quot;nullShip&quot;)" fullname="Tidebound.Tests.LevelJsonReaderTests.SchemaRejectsMissingFieldsImplicitConversionsAndDuplicateConfigurationSources(&quot;nullShip&quot;)" methodname="SchemaRejectsMissingFieldsImplicitConversionsAndDuplicateConfigurationSources" classname="Tidebound.Tests.LevelJsonReaderTests" runstate="Runnable" seed="136241482" result="Passed" start-time="2026-09-18 06:40:41Z" end-time="2026-09-18 06:40:41Z" duration="0.000481" asserts="0">
                <properties />
              </test-case>
              <test-case id="1149" name="SchemaRejectsMissingFieldsImplicitConversionsAndDuplicateConfigurationSources(&quot;trailingDocument&quot;)" fullname="Tidebound.Tests.LevelJsonReaderTests.SchemaRejectsMissingFieldsImplicitConversionsAndDuplicateConfigurationSources(&quot;trailingDocument&quot;)" methodname="SchemaRejectsMissingFieldsImplicitConversionsAndDuplicateConfigurationSources" classname="Tidebound.Tests.LevelJsonReaderTests" runstate="Runnable" seed="2041882615" result="Passed" start-time="2026-09-18 06:40:41Z" end-time="2026-09-18 06:40:41Z" duration="0.000361" asserts="0">
                <properties />
              </test-case>
            </test-suite>
          </test-suite>
          <test-suite type="TestFixture" id="1151" name="LevelLoadingTests" fullname="Tidebound.Tests.LevelLoadingTests" classname="Tidebound.Tests.LevelLoadingTests" runstate="Runnable" testcasecount="8" result="Passed" start-time="2026-09-18 06:40:41Z" end-time="2026-09-18 06:40:41Z" duration="0.011287" total="8" passed="8" failed="0" inconclusive="0" skipped="0" asserts="0">
            <properties />
            <test-case id="1152" name="CommittedFixtureLoadsSevenLv1BoatsAndSeventyHp" fullname="Tidebound.Tests.LevelLoadingTests.CommittedFixtureLoadsSevenLv1BoatsAndSeventyHp" methodname="CommittedFixtureLoadsSevenLv1BoatsAndSeventyHp" classname="Tidebound.Tests.LevelLoadingTests" runstate="Runnable" seed="1653109139" result="Passed" start-time="2026-09-18 06:40:41Z" end-time="2026-09-18 06:40:41Z" duration="0.002233" asserts="0">
              <properties />
            </test-case>
            <test-case id="1156" name="ConfigChangesOnlyAffectSubsequentLoads" fullname="Tidebound.Tests.LevelLoadingTests.ConfigChangesOnlyAffectSubsequentLoads" methodname="ConfigChangesOnlyAffectSubsequentLoads" classname="Tidebound.Tests.LevelLoadingTests" runstate="Runnable" seed="417404870" result="Passed" start-time="2026-09-18 06:40:41Z" end-time="2026-09-18 06:40:41Z" duration="0.001805" asserts="0">
              <properties />
            </test-case>
            <test-suite type="ParameterizedMethod" id="1160" name="MissingUnityReferencesFailClearly" fullname="Tidebound.Tests.LevelLoadingTests.MissingUnityReferencesFailClearly" classname="Tidebound.Tests.LevelLoadingTests" runstate="Runnable" testcasecount="3" result="Passed" start-time="2026-09-18 06:40:41Z" end-time="2026-09-18 06:40:41Z" duration="0.001950" total="3" passed="3" failed="0" inconclusive="0" skipped="0" asserts="0">
              <properties />
              <test-case id="1157" name="MissingUnityReferencesFailClearly(&quot;levelJson&quot;)" fullname="Tidebound.Tests.LevelLoadingTests.MissingUnityReferencesFailClearly(&quot;levelJson&quot;)" methodname="MissingUnityReferencesFailClearly" classname="Tidebound.Tests.LevelLoadingTests" runstate="Runnable" seed="1443920288" result="Passed" start-time="2026-09-18 06:40:41Z" end-time="2026-09-18 06:40:41Z" duration="0.000504" asserts="0">
                <properties />
              </test-case>
              <test-case id="1158" name="MissingUnityReferencesFailClearly(&quot;shipConfigs&quot;)" fullname="Tidebound.Tests.LevelLoadingTests.MissingUnityReferencesFailClearly(&quot;shipConfigs&quot;)" methodname="MissingUnityReferencesFailClearly" classname="Tidebound.Tests.LevelLoadingTests" runstate="Runnable" seed="2128258218" result="Passed" start-time="2026-09-18 06:40:41Z" end-time="2026-09-18 06:40:41Z" duration="0.000551" asserts="0">
                <properties />
              </test-case>
              <test-case id="1159" name="MissingUnityReferencesFailClearly(&quot;bossConfigs&quot;)" fullname="Tidebound.Tests.LevelLoadingTests.MissingUnityReferencesFailClearly(&quot;bossConfigs&quot;)" methodname="MissingUnityReferencesFailClearly" classname="Tidebound.Tests.LevelLoadingTests" runstate="Runnable" seed="349190447" result="Passed" start-time="2026-09-18 06:40:41Z" end-time="2026-09-18 06:40:41Z" duration="0.000403" asserts="0">
                <properties />
              </test-case>
            </test-suite>
            <test-case id="1154" name="ParsedDocumentIsCopiedAndShipStateChangesNeverRecomputeBossHp" fullname="Tidebound.Tests.LevelLoadingTests.ParsedDocumentIsCopiedAndShipStateChangesNeverRecomputeBossHp" methodname="ParsedDocumentIsCopiedAndShipStateChangesNeverRecomputeBossHp" classname="Tidebound.Tests.LevelLoadingTests" runstate="Runnable" seed="592426619" result="Passed" start-time="2026-09-18 06:40:41Z" end-time="2026-09-18 06:40:41Z" duration="0.000968" asserts="0">
              <properties />
            </test-case>
            <test-case id="1155" name="PresentationScaleAndPrefabAreNotLogicalInputs" fullname="Tidebound.Tests.LevelLoadingTests.PresentationScaleAndPrefabAreNotLogicalInputs" methodname="PresentationScaleAndPrefabAreNotLogicalInputs" classname="Tidebound.Tests.LevelLoadingTests" runstate="Runnable" seed="1340846754" result="Passed" start-time="2026-09-18 06:40:41Z" end-time="2026-09-18 06:40:41Z" duration="0.001150" asserts="0">
              <properties />
            </test-case>
            <test-case id="1153" name="RuntimeEditsCannotLeakIntoAnotherLoadOrAuthoredAssets" fullname="Tidebound.Tests.LevelLoadingTests.RuntimeEditsCannotLeakIntoAnotherLoadOrAuthoredAssets" methodname="RuntimeEditsCannotLeakIntoAnotherLoadOrAuthoredAssets" classname="Tidebound.Tests.LevelLoadingTests" runstate="Runnable" seed="1023969902" result="Passed" start-time="2026-09-18 06:40:41Z" end-time="2026-09-18 06:40:41Z" duration="0.001753" asserts="0">
              <properties />
            </test-case>
          </test-suite>
        </test-suite>
      </test-suite>
    </test-suite>
  </test-suite>
</test-run>